
6456 : 0x2814d4094c : 2 : ittapi_config_mask_get :  --itt-config mask to be applied: 1
6456 : 0x2814d40965 : 2 : ittapi_config_apply_per_lib :  ITTAPI function instrumented: __itt_domain_createA
6456 : 0x2814d40973 : 2 : ittapi_config_apply_per_lib :  ITTAPI function instrumented: __itt_domain_createW
6456 : 0x2814d40979 : 2 : ittapi_config_apply_per_lib :  ITTAPI function instrumented: __itt_string_handle_createA
6456 : 0x2814d40980 : 2 : ittapi_config_apply_per_lib :  ITTAPI function instrumented: __itt_string_handle_createW
6456 : 0x2814d40986 : 2 : ittapi_config_apply_per_lib :  ITTAPI function instrumented: __itt_pause
6456 : 0x2814d4098c : 2 : ittapi_config_apply_per_lib :  ITTAPI function instrumented: __itt_resume
6456 : 0x2814d40992 : 2 : ittapi_config_apply_per_lib :  ITTAPI function instrumented: __itt_thread_set_nameA
6456 : 0x2814d40998 : 2 : ittapi_config_apply_per_lib :  ITTAPI function instrumented: __itt_thread_set_nameW
6456 : 0x2814d4099e : 2 : ittapi_config_apply_per_lib :  ITTAPI function instrumented: __itt_thread_ignore
6456 : 0x2814d40a56 : 2 : ittapi_config_apply_per_lib :  ITTAPI function instrumented: __itt_thr_name_setA
6456 : 0x2814d40a5f : 2 : ittapi_config_apply_per_lib :  ITTAPI function instrumented: __itt_thr_name_setW
6456 : 0x2814d40a64 : 2 : ittapi_config_apply_per_lib :  ITTAPI function instrumented: __itt_thr_ignore
6456 : 0x2814d40a6e : 2 : ittapi_config_apply_per_lib :  ITTAPI function not implemented: __itt_enable_attach
6456 : 0x2814d40a74 : 2 : ittapi_config_apply_per_lib :  ITTAPI function instrumented: __itt_detach
6456 : 0x2814d40a7a : 2 : ittapi_config_apply_per_lib :  ITTAPI function NOT instrumented (not matched by --itt-config option): __itt_sync_createA

6456 : 0x2814d40a81 : 2 : ittapi_config_apply_per_lib :  ITTAPI function NOT instrumented (not matched by --itt-config option): __itt_sync_createW

6456 : 0x2814d40a88 : 2 : ittapi_config_apply_per_lib :  ITTAPI function NOT instrumented (not matched by --itt-config option): __itt_sync_renameA

6456 : 0x2814d40a8e : 2 : ittapi_config_apply_per_lib :  ITTAPI function NOT instrumented (not matched by --itt-config option): __itt_sync_renameW

6456 : 0x2814d40a95 : 2 : ittapi_config_apply_per_lib :  ITTAPI function NOT instrumented (not matched by --itt-config option): __itt_sync_destroy

6456 : 0x2814d40ab0 : 2 : ittapi_config_apply_per_lib :  ITTAPI function NOT instrumented (not matched by --itt-config option): __itt_sync_prepare

6456 : 0x2814d40ab6 : 2 : ittapi_config_apply_per_lib :  ITTAPI function NOT instrumented (not matched by --itt-config option): __itt_sync_cancel

6456 : 0x2814d40abd : 2 : ittapi_config_apply_per_lib :  ITTAPI function NOT instrumented (not matched by --itt-config option): __itt_sync_acquired

6456 : 0x2814d40ac3 : 2 : ittapi_config_apply_per_lib :  ITTAPI function NOT instrumented (not matched by --itt-config option): __itt_sync_releasing

6456 : 0x2814d40acb : 2 : ittapi_config_apply_per_lib :  ITTAPI function not implemented: __itt_suppress_push
6456 : 0x2814d40ad1 : 2 : ittapi_config_apply_per_lib :  ITTAPI function not implemented: __itt_suppress_pop
6456 : 0x2814d40ad7 : 2 : ittapi_config_apply_per_lib :  ITTAPI function not implemented: __itt_suppress_mark_range
6456 : 0x2814d40adc : 2 : ittapi_config_apply_per_lib :  ITTAPI function not implemented: __itt_suppress_clear_range
6456 : 0x2814d40ae2 : 2 : ittapi_config_apply_per_lib :  ITTAPI function NOT instrumented (not matched by --itt-config option): __itt_sync_prepare

6456 : 0x2814d40ae8 : 2 : ittapi_config_apply_per_lib :  ITTAPI function NOT instrumented (not matched by --itt-config option): __itt_sync_cancel

6456 : 0x2814d40af6 : 2 : ittapi_config_apply_per_lib :  ITTAPI function NOT instrumented (not matched by --itt-config option): __itt_sync_acquired

6456 : 0x2814d40afd : 2 : ittapi_config_apply_per_lib :  ITTAPI function NOT instrumented (not matched by --itt-config option): __itt_sync_releasing

6456 : 0x2814d40b05 : 2 : ittapi_config_apply_per_lib :  ITTAPI function not implemented: __itt_model_site_begin
6456 : 0x2814d40b0a : 2 : ittapi_config_apply_per_lib :  ITTAPI function not implemented: __itt_model_site_end
6456 : 0x2814d40b10 : 2 : ittapi_config_apply_per_lib :  ITTAPI function not implemented: __itt_model_task_begin
6456 : 0x2814d40b16 : 2 : ittapi_config_apply_per_lib :  ITTAPI function not implemented: __itt_model_task_end
6456 : 0x2814d40b1b : 2 : ittapi_config_apply_per_lib :  ITTAPI function not implemented: __itt_model_lock_acquire
6456 : 0x2814d40b22 : 2 : ittapi_config_apply_per_lib :  ITTAPI function not implemented: __itt_model_lock_release
6456 : 0x2814d40b28 : 2 : ittapi_config_apply_per_lib :  ITTAPI function not implemented: __itt_model_record_allocation
6456 : 0x2814d40b2e : 2 : ittapi_config_apply_per_lib :  ITTAPI function not implemented: __itt_model_record_deallocation
6456 : 0x2814d40b79 : 2 : ittapi_config_apply_per_lib :  ITTAPI function not implemented: __itt_model_induction_uses
6456 : 0x2814d40b80 : 2 : ittapi_config_apply_per_lib :  ITTAPI function not implemented: __itt_model_reduction_uses
6456 : 0x2814d40b86 : 2 : ittapi_config_apply_per_lib :  ITTAPI function not implemented: __itt_model_observe_uses
6456 : 0x2814d40b8c : 2 : ittapi_config_apply_per_lib :  ITTAPI function not implemented: __itt_model_clear_uses
6456 : 0x2814d40b93 : 2 : ittapi_config_apply_per_lib :  ITTAPI function not implemented: __itt_model_site_beginW
6456 : 0x2814d40b99 : 2 : ittapi_config_apply_per_lib :  ITTAPI function not implemented: __itt_model_task_beginW
6456 : 0x2814d40b9f : 2 : ittapi_config_apply_per_lib :  ITTAPI function not implemented: __itt_model_iteration_taskW
6456 : 0x2814d40ba4 : 2 : ittapi_config_apply_per_lib :  ITTAPI function not implemented: __itt_model_site_beginA
6456 : 0x2814d40baa : 2 : ittapi_config_apply_per_lib :  ITTAPI function not implemented: __itt_model_site_beginAL
6456 : 0x2814d40bb0 : 2 : ittapi_config_apply_per_lib :  ITTAPI function not implemented: __itt_model_task_beginA
6456 : 0x2814d40bc2 : 2 : ittapi_config_apply_per_lib :  ITTAPI function not implemented: __itt_model_task_beginAL
6456 : 0x2814d40bc8 : 2 : ittapi_config_apply_per_lib :  ITTAPI function not implemented: __itt_model_iteration_taskA
6456 : 0x2814d40bce : 2 : ittapi_config_apply_per_lib :  ITTAPI function not implemented: __itt_model_iteration_taskAL
6456 : 0x2814d40bd4 : 2 : ittapi_config_apply_per_lib :  ITTAPI function not implemented: __itt_model_site_end_2
6456 : 0x2814d40bda : 2 : ittapi_config_apply_per_lib :  ITTAPI function not implemented: __itt_model_task_end_2
6456 : 0x2814d40be0 : 2 : ittapi_config_apply_per_lib :  ITTAPI function not implemented: __itt_model_lock_acquire_2
6456 : 0x2814d40be5 : 2 : ittapi_config_apply_per_lib :  ITTAPI function not implemented: __itt_model_lock_release_2
6456 : 0x2814d40beb : 2 : ittapi_config_apply_per_lib :  ITTAPI function not implemented: __itt_model_aggregate_task
6456 : 0x2814d40bf1 : 2 : ittapi_config_apply_per_lib :  ITTAPI function not implemented: __itt_model_disable_push
6456 : 0x2814d40bf7 : 2 : ittapi_config_apply_per_lib :  ITTAPI function not implemented: __itt_model_disable_pop
6456 : 0x2814d40c07 : 2 : ittapi_config_apply_per_lib :  ITTAPI function instrumented: __itt_heap_function_createA
6456 : 0x2814d40c0d : 2 : ittapi_config_apply_per_lib :  ITTAPI function instrumented: __itt_heap_function_createW
6456 : 0x2814d40c14 : 2 : ittapi_config_apply_per_lib :  ITTAPI function instrumented: __itt_heap_allocate_begin
6456 : 0x2814d40c1a : 2 : ittapi_config_apply_per_lib :  ITTAPI function instrumented: __itt_heap_allocate_end
6456 : 0x2814d40c1f : 2 : ittapi_config_apply_per_lib :  ITTAPI function instrumented: __itt_heap_free_begin
6456 : 0x2814d40c25 : 2 : ittapi_config_apply_per_lib :  ITTAPI function instrumented: __itt_heap_free_end
6456 : 0x2814d40c2b : 2 : ittapi_config_apply_per_lib :  ITTAPI function instrumented: __itt_heap_reallocate_begin
6456 : 0x2814d40c30 : 2 : ittapi_config_apply_per_lib :  ITTAPI function instrumented: __itt_heap_reallocate_end
6456 : 0x2814d40c36 : 2 : ittapi_config_apply_per_lib :  ITTAPI function not implemented: __itt_heap_internal_access_begin
6456 : 0x2814d40c3c : 2 : ittapi_config_apply_per_lib :  ITTAPI function not implemented: __itt_heap_internal_access_end
6456 : 0x2814d40c7f : 2 : ittapi_config_apply_per_lib :  ITTAPI function not implemented: __itt_heap_record_memory_growth_begin
6456 : 0x2814d40c87 : 2 : ittapi_config_apply_per_lib :  ITTAPI function not implemented: __itt_heap_record_memory_growth_end
6456 : 0x2814d40c8e : 2 : ittapi_config_apply_per_lib :  ITTAPI function not implemented: __itt_heap_reset_detection
6456 : 0x2814d40c94 : 2 : ittapi_config_apply_per_lib :  ITTAPI function not implemented: __itt_heap_record
6456 : 0x2814d40c9b : 2 : ittapi_config_apply_per_lib :  ITTAPI function not implemented: __itt_id_create
6456 : 0x2814d40ca2 : 2 : ittapi_config_apply_per_lib :  ITTAPI function not implemented: __itt_id_destroy
6456 : 0x2814d40ca8 : 2 : ittapi_config_apply_per_lib :  ITTAPI function instrumented: __itt_get_timestamp
6456 : 0x2814d40cad : 2 : ittapi_config_apply_per_lib :  ITTAPI function not implemented: __itt_region_begin
6456 : 0x2814d40cb3 : 2 : ittapi_config_apply_per_lib :  ITTAPI function not implemented: __itt_region_end
6456 : 0x2814d40cb9 : 2 : ittapi_config_apply_per_lib :  ITTAPI function instrumented: __itt_frame_begin_v3
6456 : 0x2814d40ccb : 2 : ittapi_config_apply_per_lib :  ITTAPI function instrumented: __itt_frame_end_v3
6456 : 0x2814d40cd0 : 2 : ittapi_config_apply_per_lib :  ITTAPI function instrumented: __itt_frame_submit_v3
6456 : 0x2814d40cd6 : 2 : ittapi_config_apply_per_lib :  ITTAPI function NOT instrumented (not matched by --itt-config option): __itt_task_group

6456 : 0x2814d40ce4 : 2 : ittapi_config_apply_per_lib :  ITTAPI function NOT instrumented (not matched by --itt-config option): __itt_task_begin

6456 : 0x2814d40cea : 2 : ittapi_config_apply_per_lib :  ITTAPI function NOT instrumented (not matched by --itt-config option): __itt_task_begin_fn

6456 : 0x2814d40cf1 : 2 : ittapi_config_apply_per_lib :  ITTAPI function NOT instrumented (not matched by --itt-config option): __itt_task_end

6456 : 0x2814d40cf8 : 2 : ittapi_config_apply_per_lib :  ITTAPI function NOT instrumented (not matched by --itt-config option): __itt_counter_inc_v3

6456 : 0x2814d40d17 : 2 : ittapi_config_apply_per_lib :  ITTAPI function NOT instrumented (not matched by --itt-config option): __itt_counter_inc_delta_v3

6456 : 0x2814d40d20 : 2 : ittapi_config_apply_per_lib :  ITTAPI function not implemented: __itt_marker
6456 : 0x2814d40d26 : 2 : ittapi_config_apply_per_lib :  ITTAPI function instrumented: __itt_metadata_add
6456 : 0x2814d40d38 : 2 : ittapi_config_apply_per_lib :  ITTAPI function not implemented: __itt_metadata_str_addA
6456 : 0x2814d40d3e : 2 : ittapi_config_apply_per_lib :  ITTAPI function not implemented: __itt_metadata_str_addW
6456 : 0x2814d40d45 : 2 : ittapi_config_apply_per_lib :  ITTAPI function not implemented: __itt_relation_add_to_current
6456 : 0x2814d40d4b : 2 : ittapi_config_apply_per_lib :  ITTAPI function not implemented: __itt_relation_add
6456 : 0x2814d40d52 : 2 : ittapi_config_apply_per_lib :  ITTAPI function instrumented: __itt_event_createA
6456 : 0x2814d40d58 : 2 : ittapi_config_apply_per_lib :  ITTAPI function instrumented: __itt_event_createW
6456 : 0x2814d40d5d : 2 : ittapi_config_apply_per_lib :  ITTAPI function NOT instrumented (not matched by --itt-config option): __itt_event_start

6456 : 0x2814d40d64 : 2 : ittapi_config_apply_per_lib :  ITTAPI function NOT instrumented (not matched by --itt-config option): __itt_event_end

6456 : 0x2814d40d6b : 2 : ittapi_config_apply_per_lib :  ITTAPI function NOT instrumented (not matched by --itt-config option): __itt_sync_set_nameA

6456 : 0x2814d40d72 : 2 : ittapi_config_apply_per_lib :  ITTAPI function NOT instrumented (not matched by --itt-config option): __itt_sync_set_nameW

6456 : 0x2814d40d82 : 2 : ittapi_config_apply_per_lib :  ITTAPI function NOT instrumented (not matched by --itt-config option): __itt_notify_sync_nameA

6456 : 0x2814d40d8a : 2 : ittapi_config_apply_per_lib :  ITTAPI function NOT instrumented (not matched by --itt-config option): __itt_notify_sync_nameW

6456 : 0x2814d40d91 : 2 : ittapi_config_apply_per_lib :  ITTAPI function NOT instrumented (not matched by --itt-config option): __itt_notify_sync_prepare

6456 : 0x2814d40d97 : 2 : ittapi_config_apply_per_lib :  ITTAPI function NOT instrumented (not matched by --itt-config option): __itt_notify_sync_cancel

6456 : 0x2814d40d9e : 2 : ittapi_config_apply_per_lib :  ITTAPI function NOT instrumented (not matched by --itt-config option): __itt_notify_sync_acquired

6456 : 0x2814d40da5 : 2 : ittapi_config_apply_per_lib :  ITTAPI function NOT instrumented (not matched by --itt-config option): __itt_notify_sync_releasing

6456 : 0x2814d40dae : 2 : ittapi_config_apply_per_lib :  ITTAPI function not implemented: __itt_memory_read
6456 : 0x2814d40db4 : 2 : ittapi_config_apply_per_lib :  ITTAPI function not implemented: __itt_memory_write
6456 : 0x2814d40dba : 2 : ittapi_config_apply_per_lib :  ITTAPI function not implemented: __itt_memory_update
6456 : 0x2814d40dc1 : 2 : ittapi_config_apply_per_lib :  ITTAPI function not implemented: __itt_state_get
6456 : 0x2814d40e22 : 2 : ittapi_config_apply_per_lib :  ITTAPI function not implemented: __itt_state_set
6456 : 0x2814d40e29 : 2 : ittapi_config_apply_per_lib :  ITTAPI function not implemented: __itt_obj_mode_set
6456 : 0x2814d40e30 : 2 : ittapi_config_apply_per_lib :  ITTAPI function not implemented: __itt_thr_mode_set
6456 : 0x2814d40e36 : 2 : ittapi_config_apply_per_lib :  ITTAPI function instrumented: __itt_frame_createA
6456 : 0x2814d40e3d : 2 : ittapi_config_apply_per_lib :  ITTAPI function instrumented: __itt_frame_createW
6456 : 0x2814d40e42 : 2 : ittapi_config_apply_per_lib :  ITTAPI function instrumented: __itt_frame_begin
6456 : 0x2814d40e48 : 2 : ittapi_config_apply_per_lib :  ITTAPI function instrumented: __itt_frame_end
6456 : 0x2814d40e4e : 2 : ittapi_config_apply_per_lib :  ITTAPI function instrumented: __itt_counter_createA
6456 : 0x2814d40e53 : 2 : ittapi_config_apply_per_lib :  ITTAPI function instrumented: __itt_counter_createW
6456 : 0x2814d40e58 : 2 : ittapi_config_apply_per_lib :  ITTAPI function NOT instrumented (not matched by --itt-config option): __itt_counter_destroy

6456 : 0x2814d40e6f : 2 : ittapi_config_apply_per_lib :  ITTAPI function NOT instrumented (not matched by --itt-config option): __itt_counter_inc

6456 : 0x2814d40e77 : 2 : ittapi_config_apply_per_lib :  ITTAPI function NOT instrumented (not matched by --itt-config option): __itt_counter_inc_delta

6456 : 0x2814d40e7f : 2 : ittapi_config_apply_per_lib :  ITTAPI function not implemented: __itt_mark_createA
6456 : 0x2814d40e85 : 2 : ittapi_config_apply_per_lib :  ITTAPI function not implemented: __itt_mark_createW
6456 : 0x2814d40e8b : 2 : ittapi_config_apply_per_lib :  ITTAPI function not implemented: __itt_markA
6456 : 0x2814d40e91 : 2 : ittapi_config_apply_per_lib :  ITTAPI function not implemented: __itt_markW
6456 : 0x2814d40e97 : 2 : ittapi_config_apply_per_lib :  ITTAPI function not implemented: __itt_mark_off
6456 : 0x2814d40e9d : 2 : ittapi_config_apply_per_lib :  ITTAPI function not implemented: __itt_mark_globalA
6456 : 0x2814d40ea3 : 2 : ittapi_config_apply_per_lib :  ITTAPI function not implemented: __itt_mark_globalW
6456 : 0x2814d40eac : 2 : ittapi_config_apply_per_lib :  ITTAPI function not implemented: __itt_mark_global_off
6456 : 0x2814d40eba : 2 : ittapi_config_apply_per_lib :  ITTAPI function NOT instrumented (not matched by --itt-config option): __itt_stack_caller_create

6456 : 0x2814d40ec1 : 2 : ittapi_config_apply_per_lib :  ITTAPI function NOT instrumented (not matched by --itt-config option): __itt_stack_caller_destroy

6456 : 0x2814d40ec8 : 2 : ittapi_config_apply_per_lib :  ITTAPI function NOT instrumented (not matched by --itt-config option): __itt_stack_callee_enter

6456 : 0x2814d40ecf : 2 : ittapi_config_apply_per_lib :  ITTAPI function NOT instrumented (not matched by --itt-config option): __itt_stack_callee_leave

6456 : 0x2814d40ed7 : 2 : ittapi_config_apply_per_lib :  ITTAPI function not implemented: __itt_clock_domain_create
6456 : 0x2814d40edd : 2 : ittapi_config_apply_per_lib :  ITTAPI function not implemented: __itt_clock_domain_reset
6456 : 0x2814d40ee3 : 2 : ittapi_config_apply_per_lib :  ITTAPI function not implemented: __itt_id_create_ex
6456 : 0x2814d40ee9 : 2 : ittapi_config_apply_per_lib :  ITTAPI function not implemented: __itt_id_destroy_ex
6456 : 0x2814d40eee : 2 : ittapi_config_apply_per_lib :  ITTAPI function NOT instrumented (not matched by --itt-config option): __itt_task_begin_ex

6456 : 0x2814d40ef4 : 2 : ittapi_config_apply_per_lib :  ITTAPI function NOT instrumented (not matched by --itt-config option): __itt_task_begin_fn_ex

6456 : 0x2814d40f07 : 2 : ittapi_config_apply_per_lib :  ITTAPI function NOT instrumented (not matched by --itt-config option): __itt_task_end_ex

6456 : 0x2814d40f0d : 2 : ittapi_config_apply_per_lib :  ITTAPI function NOT instrumented (not matched by --itt-config option): __itt_task_begin_overlapped

6456 : 0x2814d40f14 : 2 : ittapi_config_apply_per_lib :  ITTAPI function NOT instrumented (not matched by --itt-config option): __itt_task_begin_overlapped_ex

6456 : 0x2814d40f1b : 2 : ittapi_config_apply_per_lib :  ITTAPI function NOT instrumented (not matched by --itt-config option): __itt_task_end_overlapped

6456 : 0x2814d40f22 : 2 : ittapi_config_apply_per_lib :  ITTAPI function NOT instrumented (not matched by --itt-config option): __itt_task_end_overlapped_ex

6456 : 0x2814d40f2b : 2 : ittapi_config_apply_per_lib :  ITTAPI function not implemented: __itt_marker_ex
6456 : 0x2814d40f31 : 2 : ittapi_config_apply_per_lib :  ITTAPI function not implemented: __itt_metadata_add_with_scope
6456 : 0x2814d40f38 : 2 : ittapi_config_apply_per_lib :  ITTAPI function not implemented: __itt_metadata_str_add_with_scopeA
6456 : 0x2814d40f3f : 2 : ittapi_config_apply_per_lib :  ITTAPI function not implemented: __itt_metadata_str_add_with_scopeW
6456 : 0x2814d40f45 : 2 : ittapi_config_apply_per_lib :  ITTAPI function not implemented: __itt_relation_add_to_current_ex
6456 : 0x2814d40f58 : 2 : ittapi_config_apply_per_lib :  ITTAPI function not implemented: __itt_relation_add_ex
6456 : 0x2814d40f5e : 2 : ittapi_config_apply_per_lib :  ITTAPI function not implemented: __itt_track_group_create
6456 : 0x2814d40f63 : 2 : ittapi_config_apply_per_lib :  ITTAPI function not implemented: __itt_track_create
6456 : 0x2814d40f68 : 2 : ittapi_config_apply_per_lib :  ITTAPI function not implemented: __itt_set_track
6456 : 0x2814d40f6d : 2 : ittapi_config_apply_per_lib :  ITTAPI function instrumented: __itt_api_version
6456 : 0x2814d40f71 : 2 : ittapi_config_apply_per_lib :  ITTAPI function not implemented: __itt_av_saveA
6456 : 0x2814d40f76 : 2 : ittapi_config_apply_per_lib :  ITTAPI function not implemented: __itt_av_saveW
6456 : 0x2814d4d590 : 2 : ittapi_config_mask_get :  --itt-config mask to be applied: 1
6456 : 0x2814d4d5a4 : 2 : ittapi_config_apply_per_lib :  ITTAPI function instrumented: __itt_domain_createA
6456 : 0x2814d4d5a9 : 2 : ittapi_config_apply_per_lib :  ITTAPI function instrumented: __itt_domain_createW
6456 : 0x2814d4d5d4 : 2 : ittapi_config_apply_per_lib :  ITTAPI function instrumented: __itt_string_handle_createA
6456 : 0x2814d4d5d9 : 2 : ittapi_config_apply_per_lib :  ITTAPI function instrumented: __itt_string_handle_createW
6456 : 0x2814d4d5de : 2 : ittapi_config_apply_per_lib :  ITTAPI function instrumented: __itt_pause
6456 : 0x2814d4d5e3 : 2 : ittapi_config_apply_per_lib :  ITTAPI function instrumented: __itt_resume
6456 : 0x2814d4d5e7 : 2 : ittapi_config_apply_per_lib :  ITTAPI function instrumented: __itt_thread_set_nameA
6456 : 0x2814d4d5ec : 2 : ittapi_config_apply_per_lib :  ITTAPI function instrumented: __itt_thread_set_nameW
6456 : 0x2814d4d5f1 : 2 : ittapi_config_apply_per_lib :  ITTAPI function instrumented: __itt_thread_ignore
6456 : 0x2814d4d5f5 : 2 : ittapi_config_apply_per_lib :  ITTAPI function instrumented: __itt_thr_name_setA
6456 : 0x2814d4d5f9 : 2 : ittapi_config_apply_per_lib :  ITTAPI function instrumented: __itt_thr_name_setW
6456 : 0x2814d4d5fe : 2 : ittapi_config_apply_per_lib :  ITTAPI function instrumented: __itt_thr_ignore
6456 : 0x2814d4d621 : 2 : ittapi_config_apply_per_lib :  ITTAPI function not implemented: __itt_enable_attach
6456 : 0x2814d4d626 : 2 : ittapi_config_apply_per_lib :  ITTAPI function instrumented: __itt_detach
6456 : 0x2814d4d62a : 2 : ittapi_config_apply_per_lib :  ITTAPI function NOT instrumented (not matched by --itt-config option): __itt_sync_createA

6456 : 0x2814d4d630 : 2 : ittapi_config_apply_per_lib :  ITTAPI function NOT instrumented (not matched by --itt-config option): __itt_sync_createW

6456 : 0x2814d4d636 : 2 : ittapi_config_apply_per_lib :  ITTAPI function NOT instrumented (not matched by --itt-config option): __itt_sync_renameA

6456 : 0x2814d4d63c : 2 : ittapi_config_apply_per_lib :  ITTAPI function NOT instrumented (not matched by --itt-config option): __itt_sync_renameW

6456 : 0x2814d4d643 : 2 : ittapi_config_apply_per_lib :  ITTAPI function NOT instrumented (not matched by --itt-config option): __itt_sync_destroy

6456 : 0x2814d4d649 : 2 : ittapi_config_apply_per_lib :  ITTAPI function NOT instrumented (not matched by --itt-config option): __itt_sync_prepare

6456 : 0x2814d4d650 : 2 : ittapi_config_apply_per_lib :  ITTAPI function NOT instrumented (not matched by --itt-config option): __itt_sync_cancel

6456 : 0x2814d4d657 : 2 : ittapi_config_apply_per_lib :  ITTAPI function NOT instrumented (not matched by --itt-config option): __itt_sync_acquired

6456 : 0x2814d4d66e : 2 : ittapi_config_apply_per_lib :  ITTAPI function NOT instrumented (not matched by --itt-config option): __itt_sync_releasing

6456 : 0x2814d4d67c : 2 : ittapi_config_apply_per_lib :  ITTAPI function not implemented: __itt_suppress_push
6456 : 0x2814d4d683 : 2 : ittapi_config_apply_per_lib :  ITTAPI function not implemented: __itt_suppress_pop
6456 : 0x2814d4d68a : 2 : ittapi_config_apply_per_lib :  ITTAPI function not implemented: __itt_suppress_mark_range
6456 : 0x2814d4d690 : 2 : ittapi_config_apply_per_lib :  ITTAPI function not implemented: __itt_suppress_clear_range
6456 : 0x2814d4d695 : 2 : ittapi_config_apply_per_lib :  ITTAPI function NOT instrumented (not matched by --itt-config option): __itt_sync_prepare

6456 : 0x2814d4d69a : 2 : ittapi_config_apply_per_lib :  ITTAPI function NOT instrumented (not matched by --itt-config option): __itt_sync_cancel

6456 : 0x2814d4d69f : 2 : ittapi_config_apply_per_lib :  ITTAPI function NOT instrumented (not matched by --itt-config option): __itt_sync_acquired

6456 : 0x2814d4d6a5 : 2 : ittapi_config_apply_per_lib :  ITTAPI function NOT instrumented (not matched by --itt-config option): __itt_sync_releasing

6456 : 0x2814d4d6ad : 2 : ittapi_config_apply_per_lib :  ITTAPI function not implemented: __itt_model_site_begin
6456 : 0x2814d4d6be : 2 : ittapi_config_apply_per_lib :  ITTAPI function not implemented: __itt_model_site_end
6456 : 0x2814d4d6c5 : 2 : ittapi_config_apply_per_lib :  ITTAPI function not implemented: __itt_model_task_begin
6456 : 0x2814d4d6cb : 2 : ittapi_config_apply_per_lib :  ITTAPI function not implemented: __itt_model_task_end
6456 : 0x2814d4d6d2 : 2 : ittapi_config_apply_per_lib :  ITTAPI function not implemented: __itt_model_lock_acquire
6456 : 0x2814d4d6d9 : 2 : ittapi_config_apply_per_lib :  ITTAPI function not implemented: __itt_model_lock_release
6456 : 0x2814d4d6df : 2 : ittapi_config_apply_per_lib :  ITTAPI function not implemented: __itt_model_record_allocation
6456 : 0x2814d4d6e5 : 2 : ittapi_config_apply_per_lib :  ITTAPI function not implemented: __itt_model_record_deallocation
6456 : 0x2814d4d6eb : 2 : ittapi_config_apply_per_lib :  ITTAPI function not implemented: __itt_model_induction_uses
6456 : 0x2814d4d6f1 : 2 : ittapi_config_apply_per_lib :  ITTAPI function not implemented: __itt_model_reduction_uses
6456 : 0x2814d4d6f9 : 2 : ittapi_config_apply_per_lib :  ITTAPI function not implemented: __itt_model_observe_uses
6456 : 0x2814d4d70d : 2 : ittapi_config_apply_per_lib :  ITTAPI function not implemented: __itt_model_clear_uses
6456 : 0x2814d4d712 : 2 : ittapi_config_apply_per_lib :  ITTAPI function not implemented: __itt_model_site_beginW
6456 : 0x2814d4d717 : 2 : ittapi_config_apply_per_lib :  ITTAPI function not implemented: __itt_model_task_beginW
6456 : 0x2814d4d71c : 2 : ittapi_config_apply_per_lib :  ITTAPI function not implemented: __itt_model_iteration_taskW
6456 : 0x2814d4d720 : 2 : ittapi_config_apply_per_lib :  ITTAPI function not implemented: __itt_model_site_beginA
6456 : 0x2814d4d725 : 2 : ittapi_config_apply_per_lib :  ITTAPI function not implemented: __itt_model_site_beginAL
6456 : 0x2814d4d72a : 2 : ittapi_config_apply_per_lib :  ITTAPI function not implemented: __itt_model_task_beginA
6456 : 0x2814d4d72e : 2 : ittapi_config_apply_per_lib :  ITTAPI function not implemented: __itt_model_task_beginAL
6456 : 0x2814d4d733 : 2 : ittapi_config_apply_per_lib :  ITTAPI function not implemented: __itt_model_iteration_taskA
6456 : 0x2814d4d738 : 2 : ittapi_config_apply_per_lib :  ITTAPI function not implemented: __itt_model_iteration_taskAL
6456 : 0x2814d4d756 : 2 : ittapi_config_apply_per_lib :  ITTAPI function not implemented: __itt_model_site_end_2
6456 : 0x2814d4d75b : 2 : ittapi_config_apply_per_lib :  ITTAPI function not implemented: __itt_model_task_end_2
6456 : 0x2814d4d760 : 2 : ittapi_config_apply_per_lib :  ITTAPI function not implemented: __itt_model_lock_acquire_2
6456 : 0x2814d4d764 : 2 : ittapi_config_apply_per_lib :  ITTAPI function not implemented: __itt_model_lock_release_2
6456 : 0x2814d4d769 : 2 : ittapi_config_apply_per_lib :  ITTAPI function not implemented: __itt_model_aggregate_task
6456 : 0x2814d4d76d : 2 : ittapi_config_apply_per_lib :  ITTAPI function not implemented: __itt_model_disable_push
6456 : 0x2814d4d772 : 2 : ittapi_config_apply_per_lib :  ITTAPI function not implemented: __itt_model_disable_pop
6456 : 0x2814d4d777 : 2 : ittapi_config_apply_per_lib :  ITTAPI function instrumented: __itt_heap_function_createA
6456 : 0x2814d4d77b : 2 : ittapi_config_apply_per_lib :  ITTAPI function instrumented: __itt_heap_function_createW
6456 : 0x2814d4d780 : 2 : ittapi_config_apply_per_lib :  ITTAPI function instrumented: __itt_heap_allocate_begin
6456 : 0x2814d4d79d : 2 : ittapi_config_apply_per_lib :  ITTAPI function instrumented: __itt_heap_allocate_end
6456 : 0x2814d4d7a2 : 2 : ittapi_config_apply_per_lib :  ITTAPI function instrumented: __itt_heap_free_begin
6456 : 0x2814d4d7a8 : 2 : ittapi_config_apply_per_lib :  ITTAPI function instrumented: __itt_heap_free_end
6456 : 0x2814d4d7ae : 2 : ittapi_config_apply_per_lib :  ITTAPI function instrumented: __itt_heap_reallocate_begin
6456 : 0x2814d4d7b4 : 2 : ittapi_config_apply_per_lib :  ITTAPI function instrumented: __itt_heap_reallocate_end
6456 : 0x2814d4d7ba : 2 : ittapi_config_apply_per_lib :  ITTAPI function not implemented: __itt_heap_internal_access_begin
6456 : 0x2814d4d7c3 : 2 : ittapi_config_apply_per_lib :  ITTAPI function not implemented: __itt_heap_internal_access_end
6456 : 0x2814d4d7c9 : 2 : ittapi_config_apply_per_lib :  ITTAPI function not implemented: __itt_heap_record_memory_growth_begin
6456 : 0x2814d4d7d0 : 2 : ittapi_config_apply_per_lib :  ITTAPI function not implemented: __itt_heap_record_memory_growth_end
6456 : 0x2814d4d7d6 : 2 : ittapi_config_apply_per_lib :  ITTAPI function not implemented: __itt_heap_reset_detection
6456 : 0x2814d4d7e8 : 2 : ittapi_config_apply_per_lib :  ITTAPI function not implemented: __itt_heap_record
6456 : 0x2814d4d7ee : 2 : ittapi_config_apply_per_lib :  ITTAPI function not implemented: __itt_id_create
6456 : 0x2814d4d7f3 : 2 : ittapi_config_apply_per_lib :  ITTAPI function not implemented: __itt_id_destroy
6456 : 0x2814d4d7f8 : 2 : ittapi_config_apply_per_lib :  ITTAPI function instrumented: __itt_get_timestamp
6456 : 0x2814d4d7fd : 2 : ittapi_config_apply_per_lib :  ITTAPI function not implemented: __itt_region_begin
6456 : 0x2814d4d802 : 2 : ittapi_config_apply_per_lib :  ITTAPI function not implemented: __itt_region_end
6456 : 0x2814d4d806 : 2 : ittapi_config_apply_per_lib :  ITTAPI function instrumented: __itt_frame_begin_v3
6456 : 0x2814d4d80b : 2 : ittapi_config_apply_per_lib :  ITTAPI function instrumented: __itt_frame_end_v3
6456 : 0x2814d4d80f : 2 : ittapi_config_apply_per_lib :  ITTAPI function instrumented: __itt_frame_submit_v3
6456 : 0x2814d4d813 : 2 : ittapi_config_apply_per_lib :  ITTAPI function NOT instrumented (not matched by --itt-config option): __itt_task_group

6456 : 0x2814d4d831 : 2 : ittapi_config_apply_per_lib :  ITTAPI function NOT instrumented (not matched by --itt-config option): __itt_task_begin

6456 : 0x2814d4d837 : 2 : ittapi_config_apply_per_lib :  ITTAPI function NOT instrumented (not matched by --itt-config option): __itt_task_begin_fn

6456 : 0x2814d4d83c : 2 : ittapi_config_apply_per_lib :  ITTAPI function NOT instrumented (not matched by --itt-config option): __itt_task_end

6456 : 0x2814d4d841 : 2 : ittapi_config_apply_per_lib :  ITTAPI function NOT instrumented (not matched by --itt-config option): __itt_counter_inc_v3

6456 : 0x2814d4d847 : 2 : ittapi_config_apply_per_lib :  ITTAPI function NOT instrumented (not matched by --itt-config option): __itt_counter_inc_delta_v3

6456 : 0x2814d4d84d : 2 : ittapi_config_apply_per_lib :  ITTAPI function not implemented: __itt_marker
6456 : 0x2814d4d852 : 2 : ittapi_config_apply_per_lib :  ITTAPI function instrumented: __itt_metadata_add
6456 : 0x2814d4d856 : 2 : ittapi_config_apply_per_lib :  ITTAPI function not implemented: __itt_metadata_str_addA
6456 : 0x2814d4d85b : 2 : ittapi_config_apply_per_lib :  ITTAPI function not implemented: __itt_metadata_str_addW
6456 : 0x2814d4d85f : 2 : ittapi_config_apply_per_lib :  ITTAPI function not implemented: __itt_relation_add_to_current
6456 : 0x2814d4d878 : 2 : ittapi_config_apply_per_lib :  ITTAPI function not implemented: __itt_relation_add
6456 : 0x2814d4d87c : 2 : ittapi_config_apply_per_lib :  ITTAPI function instrumented: __itt_event_createA
6456 : 0x2814d4d881 : 2 : ittapi_config_apply_per_lib :  ITTAPI function instrumented: __itt_event_createW
6456 : 0x2814d4d885 : 2 : ittapi_config_apply_per_lib :  ITTAPI function NOT instrumented (not matched by --itt-config option): __itt_event_start

6456 : 0x2814d4d88a : 2 : ittapi_config_apply_per_lib :  ITTAPI function NOT instrumented (not matched by --itt-config option): __itt_event_end

6456 : 0x2814d4d891 : 2 : ittapi_config_apply_per_lib :  ITTAPI function NOT instrumented (not matched by --itt-config option): __itt_sync_set_nameA

6456 : 0x2814d4d898 : 2 : ittapi_config_apply_per_lib :  ITTAPI function NOT instrumented (not matched by --itt-config option): __itt_sync_set_nameW

6456 : 0x2814d4d89f : 2 : ittapi_config_apply_per_lib :  ITTAPI function NOT instrumented (not matched by --itt-config option): __itt_notify_sync_nameA

6456 : 0x2814d4d8a5 : 2 : ittapi_config_apply_per_lib :  ITTAPI function NOT instrumented (not matched by --itt-config option): __itt_notify_sync_nameW

6456 : 0x2814d4d8ad : 2 : ittapi_config_apply_per_lib :  ITTAPI function NOT instrumented (not matched by --itt-config option): __itt_notify_sync_prepare

6456 : 0x2814d4d8be : 2 : ittapi_config_apply_per_lib :  ITTAPI function NOT instrumented (not matched by --itt-config option): __itt_notify_sync_cancel

6456 : 0x2814d4d8c5 : 2 : ittapi_config_apply_per_lib :  ITTAPI function NOT instrumented (not matched by --itt-config option): __itt_notify_sync_acquired

6456 : 0x2814d4d8cc : 2 : ittapi_config_apply_per_lib :  ITTAPI function NOT instrumented (not matched by --itt-config option): __itt_notify_sync_releasing

6456 : 0x2814d4d8d6 : 2 : ittapi_config_apply_per_lib :  ITTAPI function not implemented: __itt_memory_read
6456 : 0x2814d4d8dc : 2 : ittapi_config_apply_per_lib :  ITTAPI function not implemented: __itt_memory_write
6456 : 0x2814d4d8e2 : 2 : ittapi_config_apply_per_lib :  ITTAPI function not implemented: __itt_memory_update
6456 : 0x2814d4d8e7 : 2 : ittapi_config_apply_per_lib :  ITTAPI function not implemented: __itt_state_get
6456 : 0x2814d4d8ec : 2 : ittapi_config_apply_per_lib :  ITTAPI function not implemented: __itt_state_set
6456 : 0x2814d4d8f0 : 2 : ittapi_config_apply_per_lib :  ITTAPI function not implemented: __itt_obj_mode_set
6456 : 0x2814d4d8f5 : 2 : ittapi_config_apply_per_lib :  ITTAPI function not implemented: __itt_thr_mode_set
6456 : 0x2814d4d90d : 2 : ittapi_config_apply_per_lib :  ITTAPI function instrumented: __itt_frame_createA
6456 : 0x2814d4d911 : 2 : ittapi_config_apply_per_lib :  ITTAPI function instrumented: __itt_frame_createW
6456 : 0x2814d4d915 : 2 : ittapi_config_apply_per_lib :  ITTAPI function instrumented: __itt_frame_begin
6456 : 0x2814d4d91a : 2 : ittapi_config_apply_per_lib :  ITTAPI function instrumented: __itt_frame_end
6456 : 0x2814d4d91e : 2 : ittapi_config_apply_per_lib :  ITTAPI function instrumented: __itt_counter_createA
6456 : 0x2814d4d923 : 2 : ittapi_config_apply_per_lib :  ITTAPI function instrumented: __itt_counter_createW
6456 : 0x2814d4d927 : 2 : ittapi_config_apply_per_lib :  ITTAPI function NOT instrumented (not matched by --itt-config option): __itt_counter_destroy

6456 : 0x2814d4d92c : 2 : ittapi_config_apply_per_lib :  ITTAPI function NOT instrumented (not matched by --itt-config option): __itt_counter_inc

6456 : 0x2814d4d931 : 2 : ittapi_config_apply_per_lib :  ITTAPI function NOT instrumented (not matched by --itt-config option): __itt_counter_inc_delta

6456 : 0x2814d4d937 : 2 : ittapi_config_apply_per_lib :  ITTAPI function not implemented: __itt_mark_createA
6456 : 0x2814d4d952 : 2 : ittapi_config_apply_per_lib :  ITTAPI function not implemented: __itt_mark_createW
6456 : 0x2814d4d957 : 2 : ittapi_config_apply_per_lib :  ITTAPI function not implemented: __itt_markA
6456 : 0x2814d4d95b : 2 : ittapi_config_apply_per_lib :  ITTAPI function not implemented: __itt_markW
6456 : 0x2814d4d960 : 2 : ittapi_config_apply_per_lib :  ITTAPI function not implemented: __itt_mark_off
6456 : 0x2814d4d965 : 2 : ittapi_config_apply_per_lib :  ITTAPI function not implemented: __itt_mark_globalA
6456 : 0x2814d4d970 : 2 : ittapi_config_apply_per_lib :  ITTAPI function not implemented: __itt_mark_globalW
6456 : 0x2814d4d975 : 2 : ittapi_config_apply_per_lib :  ITTAPI function not implemented: __itt_mark_global_off
6456 : 0x2814d4d97a : 2 : ittapi_config_apply_per_lib :  ITTAPI function NOT instrumented (not matched by --itt-config option): __itt_stack_caller_create

6456 : 0x2814d4d981 : 2 : ittapi_config_apply_per_lib :  ITTAPI function NOT instrumented (not matched by --itt-config option): __itt_stack_caller_destroy

6456 : 0x2814d4d988 : 2 : ittapi_config_apply_per_lib :  ITTAPI function NOT instrumented (not matched by --itt-config option): __itt_stack_callee_enter

6456 : 0x2814d4d998 : 2 : ittapi_config_apply_per_lib :  ITTAPI function NOT instrumented (not matched by --itt-config option): __itt_stack_callee_leave

6456 : 0x2814d4d9a3 : 2 : ittapi_config_apply_per_lib :  ITTAPI function not implemented: __itt_clock_domain_create
6456 : 0x2814d4d9a9 : 2 : ittapi_config_apply_per_lib :  ITTAPI function not implemented: __itt_clock_domain_reset
6456 : 0x2814d4d9af : 2 : ittapi_config_apply_per_lib :  ITTAPI function not implemented: __itt_id_create_ex
6456 : 0x2814d4d9b5 : 2 : ittapi_config_apply_per_lib :  ITTAPI function not implemented: __itt_id_destroy_ex
6456 : 0x2814d4d9ba : 2 : ittapi_config_apply_per_lib :  ITTAPI function NOT instrumented (not matched by --itt-config option): __itt_task_begin_ex

6456 : 0x2814d4d9c4 : 2 : ittapi_config_apply_per_lib :  ITTAPI function NOT instrumented (not matched by --itt-config option): __itt_task_begin_fn_ex

6456 : 0x2814d4d9ca : 2 : ittapi_config_apply_per_lib :  ITTAPI function NOT instrumented (not matched by --itt-config option): __itt_task_end_ex

6456 : 0x2814d4d9d1 : 2 : ittapi_config_apply_per_lib :  ITTAPI function NOT instrumented (not matched by --itt-config option): __itt_task_begin_overlapped

6456 : 0x2814d4d9d7 : 2 : ittapi_config_apply_per_lib :  ITTAPI function NOT instrumented (not matched by --itt-config option): __itt_task_begin_overlapped_ex

6456 : 0x2814d4d9ee : 2 : ittapi_config_apply_per_lib :  ITTAPI function NOT instrumented (not matched by --itt-config option): __itt_task_end_overlapped

6456 : 0x2814d4d9f4 : 2 : ittapi_config_apply_per_lib :  ITTAPI function NOT instrumented (not matched by --itt-config option): __itt_task_end_overlapped_ex

6456 : 0x2814d4d9fa : 2 : ittapi_config_apply_per_lib :  ITTAPI function not implemented: __itt_marker_ex
6456 : 0x2814d4d9ff : 2 : ittapi_config_apply_per_lib :  ITTAPI function not implemented: __itt_metadata_add_with_scope
6456 : 0x2814d4da04 : 2 : ittapi_config_apply_per_lib :  ITTAPI function not implemented: __itt_metadata_str_add_with_scopeA
6456 : 0x2814d4da09 : 2 : ittapi_config_apply_per_lib :  ITTAPI function not implemented: __itt_metadata_str_add_with_scopeW
6456 : 0x2814d4da0e : 2 : ittapi_config_apply_per_lib :  ITTAPI function not implemented: __itt_relation_add_to_current_ex
6456 : 0x2814d4da13 : 2 : ittapi_config_apply_per_lib :  ITTAPI function not implemented: __itt_relation_add_ex
6456 : 0x2814d4da18 : 2 : ittapi_config_apply_per_lib :  ITTAPI function not implemented: __itt_track_group_create
6456 : 0x2814d4da1d : 2 : ittapi_config_apply_per_lib :  ITTAPI function not implemented: __itt_track_create
6456 : 0x2814d4da37 : 2 : ittapi_config_apply_per_lib :  ITTAPI function not implemented: __itt_set_track
6456 : 0x2814d4da3c : 2 : ittapi_config_apply_per_lib :  ITTAPI function instrumented: __itt_api_version
6456 : 0x2814d4da40 : 2 : ittapi_config_apply_per_lib :  ITTAPI function not implemented: __itt_av_saveA
6456 : 0x2814d4da45 : 2 : ittapi_config_apply_per_lib :  ITTAPI function not implemented: __itt_av_saveW