
3684 : 0x11a10353b1b : 2 : ittapi_config_mask_get :  --itt-config mask to be applied: 1
3684 : 0x11a10353b33 : 2 : ittapi_config_apply_per_lib :  ITTAPI function instrumented: __itt_domain_createA
3684 : 0x11a10353b3a : 2 : ittapi_config_apply_per_lib :  ITTAPI function instrumented: __itt_domain_createW
3684 : 0x11a10353b43 : 2 : ittapi_config_apply_per_lib :  ITTAPI function instrumented: __itt_string_handle_createA
3684 : 0x11a10353b49 : 2 : ittapi_config_apply_per_lib :  ITTAPI function instrumented: __itt_string_handle_createW
3684 : 0x11a10353b4f : 2 : ittapi_config_apply_per_lib :  ITTAPI function instrumented: __itt_pause
3684 : 0x11a10353b55 : 2 : ittapi_config_apply_per_lib :  ITTAPI function instrumented: __itt_resume
3684 : 0x11a10353b5b : 2 : ittapi_config_apply_per_lib :  ITTAPI function instrumented: __itt_thread_set_nameA
3684 : 0x11a10353b62 : 2 : ittapi_config_apply_per_lib :  ITTAPI function instrumented: __itt_thread_set_nameW
3684 : 0x11a10353b6a : 2 : ittapi_config_apply_per_lib :  ITTAPI function instrumented: __itt_thread_ignore
3684 : 0x11a10353c24 : 2 : ittapi_config_apply_per_lib :  ITTAPI function instrumented: __itt_thr_name_setA
3684 : 0x11a10353c2a : 2 : ittapi_config_apply_per_lib :  ITTAPI function instrumented: __itt_thr_name_setW
3684 : 0x11a10353c2f : 2 : ittapi_config_apply_per_lib :  ITTAPI function instrumented: __itt_thr_ignore
3684 : 0x11a10353c35 : 2 : ittapi_config_apply_per_lib :  ITTAPI function not implemented: __itt_enable_attach
3684 : 0x11a10353c39 : 2 : ittapi_config_apply_per_lib :  ITTAPI function NOT instrumented (not matched by --itt-config option): __itt_sync_createA

3684 : 0x11a10353c3e : 2 : ittapi_config_apply_per_lib :  ITTAPI function NOT instrumented (not matched by --itt-config option): __itt_sync_createW

3684 : 0x11a10353c43 : 2 : ittapi_config_apply_per_lib :  ITTAPI function NOT instrumented (not matched by --itt-config option): __itt_sync_renameA

3684 : 0x11a10353c48 : 2 : ittapi_config_apply_per_lib :  ITTAPI function NOT instrumented (not matched by --itt-config option): __itt_sync_renameW

3684 : 0x11a10353c4c : 2 : ittapi_config_apply_per_lib :  ITTAPI function NOT instrumented (not matched by --itt-config option): __itt_sync_destroy

3684 : 0x11a10353c51 : 2 : ittapi_config_apply_per_lib :  ITTAPI function NOT instrumented (not matched by --itt-config option): __itt_sync_prepare

3684 : 0x11a10353c62 : 2 : ittapi_config_apply_per_lib :  ITTAPI function NOT instrumented (not matched by --itt-config option): __itt_sync_cancel

3684 : 0x11a10353c67 : 2 : ittapi_config_apply_per_lib :  ITTAPI function NOT instrumented (not matched by --itt-config option): __itt_sync_acquired

3684 : 0x11a10353c6b : 2 : ittapi_config_apply_per_lib :  ITTAPI function NOT instrumented (not matched by --itt-config option): __itt_sync_releasing

3684 : 0x11a10353c71 : 2 : ittapi_config_apply_per_lib :  ITTAPI function not implemented: __itt_suppress_push
3684 : 0x11a10353c75 : 2 : ittapi_config_apply_per_lib :  ITTAPI function not implemented: __itt_suppress_pop
3684 : 0x11a10353c7a : 2 : ittapi_config_apply_per_lib :  ITTAPI function not implemented: __itt_suppress_mark_range
3684 : 0x11a10353c7e : 2 : ittapi_config_apply_per_lib :  ITTAPI function not implemented: __itt_suppress_clear_range
3684 : 0x11a10353c82 : 2 : ittapi_config_apply_per_lib :  ITTAPI function NOT instrumented (not matched by --itt-config option): __itt_sync_prepare

3684 : 0x11a10353c86 : 2 : ittapi_config_apply_per_lib :  ITTAPI function NOT instrumented (not matched by --itt-config option): __itt_sync_cancel

3684 : 0x11a10353c8b : 2 : ittapi_config_apply_per_lib :  ITTAPI function NOT instrumented (not matched by --itt-config option): __itt_sync_acquired

3684 : 0x11a10353c95 : 2 : ittapi_config_apply_per_lib :  ITTAPI function NOT instrumented (not matched by --itt-config option): __itt_sync_releasing

3684 : 0x11a10353ca8 : 2 : ittapi_config_apply_per_lib :  ITTAPI function not implemented: __itt_model_site_begin
3684 : 0x11a10353cac : 2 : ittapi_config_apply_per_lib :  ITTAPI function not implemented: __itt_model_site_end
3684 : 0x11a10353cb0 : 2 : ittapi_config_apply_per_lib :  ITTAPI function not implemented: __itt_model_task_begin
3684 : 0x11a10353cb4 : 2 : ittapi_config_apply_per_lib :  ITTAPI function not implemented: __itt_model_task_end
3684 : 0x11a10353cb8 : 2 : ittapi_config_apply_per_lib :  ITTAPI function not implemented: __itt_model_lock_acquire
3684 : 0x11a10353cbd : 2 : ittapi_config_apply_per_lib :  ITTAPI function not implemented: __itt_model_lock_release
3684 : 0x11a10353cc1 : 2 : ittapi_config_apply_per_lib :  ITTAPI function not implemented: __itt_model_record_allocation
3684 : 0x11a10353cc5 : 2 : ittapi_config_apply_per_lib :  ITTAPI function not implemented: __itt_model_record_deallocation
3684 : 0x11a10353cc9 : 2 : ittapi_config_apply_per_lib :  ITTAPI function not implemented: __itt_model_induction_uses
3684 : 0x11a10353cfd : 2 : ittapi_config_apply_per_lib :  ITTAPI function not implemented: __itt_model_reduction_uses
3684 : 0x11a10353d02 : 2 : ittapi_config_apply_per_lib :  ITTAPI function not implemented: __itt_model_observe_uses
3684 : 0x11a10353d06 : 2 : ittapi_config_apply_per_lib :  ITTAPI function not implemented: __itt_model_clear_uses
3684 : 0x11a10353d0a : 2 : ittapi_config_apply_per_lib :  ITTAPI function not implemented: __itt_model_site_beginW
3684 : 0x11a10353d0e : 2 : ittapi_config_apply_per_lib :  ITTAPI function not implemented: __itt_model_task_beginW
3684 : 0x11a10353d12 : 2 : ittapi_config_apply_per_lib :  ITTAPI function not implemented: __itt_model_iteration_taskW
3684 : 0x11a10353d16 : 2 : ittapi_config_apply_per_lib :  ITTAPI function not implemented: __itt_model_site_beginA
3684 : 0x11a10353d1a : 2 : ittapi_config_apply_per_lib :  ITTAPI function not implemented: __itt_model_site_beginAL
3684 : 0x11a10353e82 : 2 : ittapi_config_apply_per_lib :  ITTAPI function not implemented: __itt_model_task_beginA
3684 : 0x11a10353e89 : 2 : ittapi_config_apply_per_lib :  ITTAPI function not implemented: __itt_model_task_beginAL
3684 : 0x11a10353ea1 : 2 : ittapi_config_apply_per_lib :  ITTAPI function not implemented: __itt_model_iteration_taskA
3684 : 0x11a10353ea6 : 2 : ittapi_config_apply_per_lib :  ITTAPI function not implemented: __itt_model_iteration_taskAL
3684 : 0x11a10353eaa : 2 : ittapi_config_apply_per_lib :  ITTAPI function not implemented: __itt_model_site_end_2
3684 : 0x11a10353eae : 2 : ittapi_config_apply_per_lib :  ITTAPI function not implemented: __itt_model_task_end_2
3684 : 0x11a10353eb2 : 2 : ittapi_config_apply_per_lib :  ITTAPI function not implemented: __itt_model_lock_acquire_2
3684 : 0x11a10353eb6 : 2 : ittapi_config_apply_per_lib :  ITTAPI function not implemented: __itt_model_lock_release_2
3684 : 0x11a10353ebb : 2 : ittapi_config_apply_per_lib :  ITTAPI function not implemented: __itt_model_aggregate_task
3684 : 0x11a10353ebf : 2 : ittapi_config_apply_per_lib :  ITTAPI function not implemented: __itt_model_disable_push
3684 : 0x11a10353ec3 : 2 : ittapi_config_apply_per_lib :  ITTAPI function not implemented: __itt_model_disable_pop
3684 : 0x11a10353ec7 : 2 : ittapi_config_apply_per_lib :  ITTAPI function instrumented: __itt_heap_function_createA
3684 : 0x11a10353ed0 : 2 : ittapi_config_apply_per_lib :  ITTAPI function instrumented: __itt_heap_function_createW
3684 : 0x11a10353ed4 : 2 : ittapi_config_apply_per_lib :  ITTAPI function instrumented: __itt_heap_allocate_begin
3684 : 0x11a10353ed8 : 2 : ittapi_config_apply_per_lib :  ITTAPI function instrumented: __itt_heap_allocate_end
3684 : 0x11a10353edc : 2 : ittapi_config_apply_per_lib :  ITTAPI function instrumented: __itt_heap_free_begin
3684 : 0x11a10353ee0 : 2 : ittapi_config_apply_per_lib :  ITTAPI function instrumented: __itt_heap_free_end
3684 : 0x11a10353ee4 : 2 : ittapi_config_apply_per_lib :  ITTAPI function instrumented: __itt_heap_reallocate_begin
3684 : 0x11a10353ee7 : 2 : ittapi_config_apply_per_lib :  ITTAPI function instrumented: __itt_heap_reallocate_end
3684 : 0x11a10353eec : 2 : ittapi_config_apply_per_lib :  ITTAPI function not implemented: __itt_heap_internal_access_begin
3684 : 0x11a10353ef0 : 2 : ittapi_config_apply_per_lib :  ITTAPI function not implemented: __itt_heap_internal_access_end
3684 : 0x11a10353ef4 : 2 : ittapi_config_apply_per_lib :  ITTAPI function not implemented: __itt_heap_record_memory_growth_begin
3684 : 0x11a10353f01 : 2 : ittapi_config_apply_per_lib :  ITTAPI function not implemented: __itt_heap_record_memory_growth_end
3684 : 0x11a10353f05 : 2 : ittapi_config_apply_per_lib :  ITTAPI function not implemented: __itt_heap_reset_detection
3684 : 0x11a10353f09 : 2 : ittapi_config_apply_per_lib :  ITTAPI function not implemented: __itt_heap_record
3684 : 0x11a10353f0d : 2 : ittapi_config_apply_per_lib :  ITTAPI function not implemented: __itt_id_create
3684 : 0x11a10353f11 : 2 : ittapi_config_apply_per_lib :  ITTAPI function not implemented: __itt_id_destroy
3684 : 0x11a10353f15 : 2 : ittapi_config_apply_per_lib :  ITTAPI function instrumented: __itt_get_timestamp
3684 : 0x11a10353f19 : 2 : ittapi_config_apply_per_lib :  ITTAPI function not implemented: __itt_region_begin
3684 : 0x11a10353f1d : 2 : ittapi_config_apply_per_lib :  ITTAPI function not implemented: __itt_region_end
3684 : 0x11a10353f22 : 2 : ittapi_config_apply_per_lib :  ITTAPI function instrumented: __itt_frame_begin_v3
3684 : 0x11a10353f2c : 2 : ittapi_config_apply_per_lib :  ITTAPI function instrumented: __itt_frame_end_v3
3684 : 0x11a10353f37 : 2 : ittapi_config_apply_per_lib :  ITTAPI function instrumented: __itt_frame_submit_v3
3684 : 0x11a10353f3b : 2 : ittapi_config_apply_per_lib :  ITTAPI function NOT instrumented (not matched by --itt-config option): __itt_task_group

3684 : 0x11a10353f3f : 2 : ittapi_config_apply_per_lib :  ITTAPI function NOT instrumented (not matched by --itt-config option): __itt_task_begin

3684 : 0x11a10353f44 : 2 : ittapi_config_apply_per_lib :  ITTAPI function NOT instrumented (not matched by --itt-config option): __itt_task_begin_fn

3684 : 0x11a10353f48 : 2 : ittapi_config_apply_per_lib :  ITTAPI function NOT instrumented (not matched by --itt-config option): __itt_task_end

3684 : 0x11a10353f4d : 2 : ittapi_config_apply_per_lib :  ITTAPI function NOT instrumented (not matched by --itt-config option): __itt_counter_inc_v3

3684 : 0x11a10353f51 : 2 : ittapi_config_apply_per_lib :  ITTAPI function NOT instrumented (not matched by --itt-config option): __itt_counter_inc_delta_v3

3684 : 0x11a10353f56 : 2 : ittapi_config_apply_per_lib :  ITTAPI function not implemented: __itt_marker
3684 : 0x11a10353f5a : 2 : ittapi_config_apply_per_lib :  ITTAPI function instrumented: __itt_metadata_add
3684 : 0x11a10353f5e : 2 : ittapi_config_apply_per_lib :  ITTAPI function not implemented: __itt_metadata_str_addA
3684 : 0x11a10353f68 : 2 : ittapi_config_apply_per_lib :  ITTAPI function not implemented: __itt_metadata_str_addW
3684 : 0x11a10353f6c : 2 : ittapi_config_apply_per_lib :  ITTAPI function not implemented: __itt_relation_add_to_current
3684 : 0x11a10353f70 : 2 : ittapi_config_apply_per_lib :  ITTAPI function not implemented: __itt_relation_add
3684 : 0x11a10353f74 : 2 : ittapi_config_apply_per_lib :  ITTAPI function instrumented: __itt_event_createA
3684 : 0x11a10353f78 : 2 : ittapi_config_apply_per_lib :  ITTAPI function instrumented: __itt_event_createW
3684 : 0x11a10353f7d : 2 : ittapi_config_apply_per_lib :  ITTAPI function NOT instrumented (not matched by --itt-config option): __itt_event_start

3684 : 0x11a10353f83 : 2 : ittapi_config_apply_per_lib :  ITTAPI function NOT instrumented (not matched by --itt-config option): __itt_event_end

3684 : 0x11a10353f89 : 2 : ittapi_config_apply_per_lib :  ITTAPI function NOT instrumented (not matched by --itt-config option): __itt_sync_set_nameA

3684 : 0x11a10353f90 : 2 : ittapi_config_apply_per_lib :  ITTAPI function NOT instrumented (not matched by --itt-config option): __itt_sync_set_nameW

3684 : 0x11a10353f97 : 2 : ittapi_config_apply_per_lib :  ITTAPI function NOT instrumented (not matched by --itt-config option): __itt_notify_sync_nameA

3684 : 0x11a10353fa5 : 2 : ittapi_config_apply_per_lib :  ITTAPI function NOT instrumented (not matched by --itt-config option): __itt_notify_sync_nameW

3684 : 0x11a10353faa : 2 : ittapi_config_apply_per_lib :  ITTAPI function NOT instrumented (not matched by --itt-config option): __itt_notify_sync_prepare

3684 : 0x11a10353faf : 2 : ittapi_config_apply_per_lib :  ITTAPI function NOT instrumented (not matched by --itt-config option): __itt_notify_sync_cancel

3684 : 0x11a10353fb3 : 2 : ittapi_config_apply_per_lib :  ITTAPI function NOT instrumented (not matched by --itt-config option): __itt_notify_sync_acquired

3684 : 0x11a10353fb8 : 2 : ittapi_config_apply_per_lib :  ITTAPI function NOT instrumented (not matched by --itt-config option): __itt_notify_sync_releasing

3684 : 0x11a10353fc0 : 2 : ittapi_config_apply_per_lib :  ITTAPI function not implemented: __itt_memory_read
3684 : 0x11a10353fcd : 2 : ittapi_config_apply_per_lib :  ITTAPI function not implemented: __itt_memory_write
3684 : 0x11a10353fd4 : 2 : ittapi_config_apply_per_lib :  ITTAPI function not implemented: __itt_memory_update
3684 : 0x11a10353fdb : 2 : ittapi_config_apply_per_lib :  ITTAPI function not implemented: __itt_state_get
3684 : 0x11a10353fe0 : 2 : ittapi_config_apply_per_lib :  ITTAPI function not implemented: __itt_state_set
3684 : 0x11a10353ff1 : 2 : ittapi_config_apply_per_lib :  ITTAPI function not implemented: __itt_obj_mode_set
3684 : 0x11a10353ff7 : 2 : ittapi_config_apply_per_lib :  ITTAPI function not implemented: __itt_thr_mode_set
3684 : 0x11a10353ffd : 2 : ittapi_config_apply_per_lib :  ITTAPI function instrumented: __itt_frame_createA
3684 : 0x11a10354002 : 2 : ittapi_config_apply_per_lib :  ITTAPI function instrumented: __itt_frame_createW
3684 : 0x11a10354007 : 2 : ittapi_config_apply_per_lib :  ITTAPI function instrumented: __itt_frame_begin
3684 : 0x11a1035400d : 2 : ittapi_config_apply_per_lib :  ITTAPI function instrumented: __itt_frame_end
3684 : 0x11a10354014 : 2 : ittapi_config_apply_per_lib :  ITTAPI function instrumented: __itt_counter_createA
3684 : 0x11a10354019 : 2 : ittapi_config_apply_per_lib :  ITTAPI function instrumented: __itt_counter_createW
3684 : 0x11a1035401f : 2 : ittapi_config_apply_per_lib :  ITTAPI function NOT instrumented (not matched by --itt-config option): __itt_counter_destroy

3684 : 0x11a10354025 : 2 : ittapi_config_apply_per_lib :  ITTAPI function NOT instrumented (not matched by --itt-config option): __itt_counter_inc

3684 : 0x11a1035403b : 2 : ittapi_config_apply_per_lib :  ITTAPI function NOT instrumented (not matched by --itt-config option): __itt_counter_inc_delta

3684 : 0x11a10354044 : 2 : ittapi_config_apply_per_lib :  ITTAPI function not implemented: __itt_mark_createA
3684 : 0x11a1035404a : 2 : ittapi_config_apply_per_lib :  ITTAPI function not implemented: __itt_mark_createW
3684 : 0x11a1035404f : 2 : ittapi_config_apply_per_lib :  ITTAPI function not implemented: __itt_markA
3684 : 0x11a10354054 : 2 : ittapi_config_apply_per_lib :  ITTAPI function not implemented: __itt_markW
3684 : 0x11a10354059 : 2 : ittapi_config_apply_per_lib :  ITTAPI function not implemented: __itt_mark_off
3684 : 0x11a1035405e : 2 : ittapi_config_apply_per_lib :  ITTAPI function not implemented: __itt_mark_globalA
3684 : 0x11a10354063 : 2 : ittapi_config_apply_per_lib :  ITTAPI function not implemented: __itt_mark_globalW
3684 : 0x11a10354067 : 2 : ittapi_config_apply_per_lib :  ITTAPI function not implemented: __itt_mark_global_off
3684 : 0x11a1035406c : 2 : ittapi_config_apply_per_lib :  ITTAPI function NOT instrumented (not matched by --itt-config option): __itt_stack_caller_create

3684 : 0x11a10354085 : 2 : ittapi_config_apply_per_lib :  ITTAPI function NOT instrumented (not matched by --itt-config option): __itt_stack_caller_destroy

3684 : 0x11a1035408a : 2 : ittapi_config_apply_per_lib :  ITTAPI function NOT instrumented (not matched by --itt-config option): __itt_stack_callee_enter

3684 : 0x11a10354090 : 2 : ittapi_config_apply_per_lib :  ITTAPI function NOT instrumented (not matched by --itt-config option): __itt_stack_callee_leave

3684 : 0x11a10354097 : 2 : ittapi_config_apply_per_lib :  ITTAPI function not implemented: __itt_clock_domain_create
3684 : 0x11a1035409c : 2 : ittapi_config_apply_per_lib :  ITTAPI function not implemented: __itt_clock_domain_reset
3684 : 0x11a103540a0 : 2 : ittapi_config_apply_per_lib :  ITTAPI function not implemented: __itt_id_create_ex
3684 : 0x11a103540a5 : 2 : ittapi_config_apply_per_lib :  ITTAPI function not implemented: __itt_id_destroy_ex
3684 : 0x11a103540aa : 2 : ittapi_config_apply_per_lib :  ITTAPI function NOT instrumented (not matched by --itt-config option): __itt_task_begin_ex

3684 : 0x11a103540af : 2 : ittapi_config_apply_per_lib :  ITTAPI function NOT instrumented (not matched by --itt-config option): __itt_task_begin_fn_ex

3684 : 0x11a103540b5 : 2 : ittapi_config_apply_per_lib :  ITTAPI function NOT instrumented (not matched by --itt-config option): __itt_task_end_ex

3684 : 0x11a10354122 : 2 : ittapi_config_apply_per_lib :  ITTAPI function NOT instrumented (not matched by --itt-config option): __itt_task_begin_overlapped

3684 : 0x11a1035412a : 2 : ittapi_config_apply_per_lib :  ITTAPI function NOT instrumented (not matched by --itt-config option): __itt_task_begin_overlapped_ex

3684 : 0x11a10354130 : 2 : ittapi_config_apply_per_lib :  ITTAPI function NOT instrumented (not matched by --itt-config option): __itt_task_end_overlapped

3684 : 0x11a10354137 : 2 : ittapi_config_apply_per_lib :  ITTAPI function NOT instrumented (not matched by --itt-config option): __itt_task_end_overlapped_ex

3684 : 0x11a1035413f : 2 : ittapi_config_apply_per_lib :  ITTAPI function not implemented: __itt_marker_ex
3684 : 0x11a10354144 : 2 : ittapi_config_apply_per_lib :  ITTAPI function not implemented: __itt_metadata_add_with_scope
3684 : 0x11a1035414a : 2 : ittapi_config_apply_per_lib :  ITTAPI function not implemented: __itt_metadata_str_add_with_scopeA
3684 : 0x11a10354151 : 2 : ittapi_config_apply_per_lib :  ITTAPI function not implemented: __itt_metadata_str_add_with_scopeW
3684 : 0x11a10354157 : 2 : ittapi_config_apply_per_lib :  ITTAPI function not implemented: __itt_relation_add_to_current_ex
3684 : 0x11a1035415e : 2 : ittapi_config_apply_per_lib :  ITTAPI function not implemented: __itt_relation_add_ex
3684 : 0x11a1035416f : 2 : ittapi_config_apply_per_lib :  ITTAPI function not implemented: __itt_track_group_create
3684 : 0x11a10354175 : 2 : ittapi_config_apply_per_lib :  ITTAPI function not implemented: __itt_track_create
3684 : 0x11a1035417c : 2 : ittapi_config_apply_per_lib :  ITTAPI function not implemented: __itt_set_track
3684 : 0x11a10354182 : 2 : ittapi_config_apply_per_lib :  ITTAPI function instrumented: __itt_api_version
3684 : 0x11a10354188 : 2 : ittapi_config_apply_per_lib :  ITTAPI function not implemented: __itt_av_saveA
3684 : 0x11a1035418e : 2 : ittapi_config_apply_per_lib :  ITTAPI function not implemented: __itt_av_saveW
3684 : 0x11a1035449b : 2 : ittapi_config_mask_get :  --itt-config mask to be applied: 1
3684 : 0x11a103544a9 : 2 : ittapi_config_apply_per_lib :  ITTAPI function instrumented: __itt_domain_createA
3684 : 0x11a103544b0 : 2 : ittapi_config_apply_per_lib :  ITTAPI function instrumented: __itt_domain_createW
3684 : 0x11a103544b5 : 2 : ittapi_config_apply_per_lib :  ITTAPI function instrumented: __itt_string_handle_createA
3684 : 0x11a103544cf : 2 : ittapi_config_apply_per_lib :  ITTAPI function instrumented: __itt_string_handle_createW
3684 : 0x11a103544d5 : 2 : ittapi_config_apply_per_lib :  ITTAPI function instrumented: __itt_pause
3684 : 0x11a103544db : 2 : ittapi_config_apply_per_lib :  ITTAPI function instrumented: __itt_resume
3684 : 0x11a103544e0 : 2 : ittapi_config_apply_per_lib :  ITTAPI function instrumented: __itt_thread_set_nameA
3684 : 0x11a103544e6 : 2 : ittapi_config_apply_per_lib :  ITTAPI function instrumented: __itt_thread_set_nameW
3684 : 0x11a103544ed : 2 : ittapi_config_apply_per_lib :  ITTAPI function instrumented: __itt_thread_ignore
3684 : 0x11a103544f2 : 2 : ittapi_config_apply_per_lib :  ITTAPI function instrumented: __itt_thr_name_setA
3684 : 0x11a103544f9 : 2 : ittapi_config_apply_per_lib :  ITTAPI function instrumented: __itt_thr_name_setW
3684 : 0x11a103544ff : 2 : ittapi_config_apply_per_lib :  ITTAPI function instrumented: __itt_thr_ignore
3684 : 0x11a10354506 : 2 : ittapi_config_apply_per_lib :  ITTAPI function not implemented: __itt_enable_attach
3684 : 0x11a1035451c : 2 : ittapi_config_apply_per_lib :  ITTAPI function instrumented: __itt_detach
3684 : 0x11a10354521 : 2 : ittapi_config_apply_per_lib :  ITTAPI function NOT instrumented (not matched by --itt-config option): __itt_sync_createA

3684 : 0x11a10354528 : 2 : ittapi_config_apply_per_lib :  ITTAPI function NOT instrumented (not matched by --itt-config option): __itt_sync_createW

3684 : 0x11a1035452f : 2 : ittapi_config_apply_per_lib :  ITTAPI function NOT instrumented (not matched by --itt-config option): __itt_sync_renameA

3684 : 0x11a10354535 : 2 : ittapi_config_apply_per_lib :  ITTAPI function NOT instrumented (not matched by --itt-config option): __itt_sync_renameW

3684 : 0x11a1035453b : 2 : ittapi_config_apply_per_lib :  ITTAPI function NOT instrumented (not matched by --itt-config option): __itt_sync_destroy

3684 : 0x11a10354542 : 2 : ittapi_config_apply_per_lib :  ITTAPI function NOT instrumented (not matched by --itt-config option): __itt_sync_prepare

3684 : 0x11a10354549 : 2 : ittapi_config_apply_per_lib :  ITTAPI function NOT instrumented (not matched by --itt-config option): __itt_sync_cancel

3684 : 0x11a10354550 : 2 : ittapi_config_apply_per_lib :  ITTAPI function NOT instrumented (not matched by --itt-config option): __itt_sync_acquired

3684 : 0x11a10354557 : 2 : ittapi_config_apply_per_lib :  ITTAPI function NOT instrumented (not matched by --itt-config option): __itt_sync_releasing

3684 : 0x11a10354569 : 2 : ittapi_config_apply_per_lib :  ITTAPI function not implemented: __itt_suppress_push
3684 : 0x11a10354570 : 2 : ittapi_config_apply_per_lib :  ITTAPI function not implemented: __itt_suppress_pop
3684 : 0x11a10354577 : 2 : ittapi_config_apply_per_lib :  ITTAPI function not implemented: __itt_suppress_mark_range
3684 : 0x11a1035457d : 2 : ittapi_config_apply_per_lib :  ITTAPI function not implemented: __itt_suppress_clear_range
3684 : 0x11a10354582 : 2 : ittapi_config_apply_per_lib :  ITTAPI function NOT instrumented (not matched by --itt-config option): __itt_sync_prepare

3684 : 0x11a10354589 : 2 : ittapi_config_apply_per_lib :  ITTAPI function NOT instrumented (not matched by --itt-config option): __itt_sync_cancel

3684 : 0x11a1035458f : 2 : ittapi_config_apply_per_lib :  ITTAPI function NOT instrumented (not matched by --itt-config option): __itt_sync_acquired

3684 : 0x11a10354596 : 2 : ittapi_config_apply_per_lib :  ITTAPI function NOT instrumented (not matched by --itt-config option): __itt_sync_releasing

3684 : 0x11a1035459f : 2 : ittapi_config_apply_per_lib :  ITTAPI function not implemented: __itt_model_site_begin
3684 : 0x11a103545a5 : 2 : ittapi_config_apply_per_lib :  ITTAPI function not implemented: __itt_model_site_end
3684 : 0x11a103545b4 : 2 : ittapi_config_apply_per_lib :  ITTAPI function not implemented: __itt_model_task_begin
3684 : 0x11a103545ba : 2 : ittapi_config_apply_per_lib :  ITTAPI function not implemented: __itt_model_task_end
3684 : 0x11a103545c2 : 2 : ittapi_config_apply_per_lib :  ITTAPI function not implemented: __itt_model_lock_acquire
3684 : 0x11a103545c9 : 2 : ittapi_config_apply_per_lib :  ITTAPI function not implemented: __itt_model_lock_release
3684 : 0x11a103545cf : 2 : ittapi_config_apply_per_lib :  ITTAPI function not implemented: __itt_model_record_allocation
3684 : 0x11a103545d6 : 2 : ittapi_config_apply_per_lib :  ITTAPI function not implemented: __itt_model_record_deallocation
3684 : 0x11a103545dd : 2 : ittapi_config_apply_per_lib :  ITTAPI function not implemented: __itt_model_induction_uses
3684 : 0x11a103545e4 : 2 : ittapi_config_apply_per_lib :  ITTAPI function not implemented: __itt_model_reduction_uses
3684 : 0x11a103545eb : 2 : ittapi_config_apply_per_lib :  ITTAPI function not implemented: __itt_model_observe_uses
3684 : 0x11a103545f1 : 2 : ittapi_config_apply_per_lib :  ITTAPI function not implemented: __itt_model_clear_uses
3684 : 0x11a10354603 : 2 : ittapi_config_apply_per_lib :  ITTAPI function not implemented: __itt_model_site_beginW
3684 : 0x11a1035460a : 2 : ittapi_config_apply_per_lib :  ITTAPI function not implemented: __itt_model_task_beginW
3684 : 0x11a10354611 : 2 : ittapi_config_apply_per_lib :  ITTAPI function not implemented: __itt_model_iteration_taskW
3684 : 0x11a10354617 : 2 : ittapi_config_apply_per_lib :  ITTAPI function not implemented: __itt_model_site_beginA
3684 : 0x11a1035461e : 2 : ittapi_config_apply_per_lib :  ITTAPI function not implemented: __itt_model_site_beginAL
3684 : 0x11a10354625 : 2 : ittapi_config_apply_per_lib :  ITTAPI function not implemented: __itt_model_task_beginA
3684 : 0x11a1035462c : 2 : ittapi_config_apply_per_lib :  ITTAPI function not implemented: __itt_model_task_beginAL
3684 : 0x11a10354632 : 2 : ittapi_config_apply_per_lib :  ITTAPI function not implemented: __itt_model_iteration_taskA
3684 : 0x11a10354639 : 2 : ittapi_config_apply_per_lib :  ITTAPI function not implemented: __itt_model_iteration_taskAL
3684 : 0x11a10354640 : 2 : ittapi_config_apply_per_lib :  ITTAPI function not implemented: __itt_model_site_end_2
3684 : 0x11a10354650 : 2 : ittapi_config_apply_per_lib :  ITTAPI function not implemented: __itt_model_task_end_2
3684 : 0x11a10354657 : 2 : ittapi_config_apply_per_lib :  ITTAPI function not implemented: __itt_model_lock_acquire_2
3684 : 0x11a1035465d : 2 : ittapi_config_apply_per_lib :  ITTAPI function not implemented: __itt_model_lock_release_2
3684 : 0x11a10354664 : 2 : ittapi_config_apply_per_lib :  ITTAPI function not implemented: __itt_model_aggregate_task
3684 : 0x11a1035466b : 2 : ittapi_config_apply_per_lib :  ITTAPI function not implemented: __itt_model_disable_push
3684 : 0x11a10354672 : 2 : ittapi_config_apply_per_lib :  ITTAPI function not implemented: __itt_model_disable_pop
3684 : 0x11a10354678 : 2 : ittapi_config_apply_per_lib :  ITTAPI function instrumented: __itt_heap_function_createA
3684 : 0x11a1035467e : 2 : ittapi_config_apply_per_lib :  ITTAPI function instrumented: __itt_heap_function_createW
3684 : 0x11a10354683 : 2 : ittapi_config_apply_per_lib :  ITTAPI function instrumented: __itt_heap_allocate_begin
3684 : 0x11a10354689 : 2 : ittapi_config_apply_per_lib :  ITTAPI function instrumented: __itt_heap_allocate_end
3684 : 0x11a10354697 : 2 : ittapi_config_apply_per_lib :  ITTAPI function instrumented: __itt_heap_free_begin
3684 : 0x11a1035469d : 2 : ittapi_config_apply_per_lib :  ITTAPI function instrumented: __itt_heap_free_end
3684 : 0x11a103546a3 : 2 : ittapi_config_apply_per_lib :  ITTAPI function instrumented: __itt_heap_reallocate_begin
3684 : 0x11a103546a9 : 2 : ittapi_config_apply_per_lib :  ITTAPI function instrumented: __itt_heap_reallocate_end
3684 : 0x11a103546af : 2 : ittapi_config_apply_per_lib :  ITTAPI function not implemented: __itt_heap_internal_access_begin
3684 : 0x11a103546b6 : 2 : ittapi_config_apply_per_lib :  ITTAPI function not implemented: __itt_heap_internal_access_end
3684 : 0x11a103546bd : 2 : ittapi_config_apply_per_lib :  ITTAPI function not implemented: __itt_heap_record_memory_growth_begin
3684 : 0x11a103546c4 : 2 : ittapi_config_apply_per_lib :  ITTAPI function not implemented: __itt_heap_record_memory_growth_end
3684 : 0x11a103546cb : 2 : ittapi_config_apply_per_lib :  ITTAPI function not implemented: __itt_heap_reset_detection
3684 : 0x11a103546d2 : 2 : ittapi_config_apply_per_lib :  ITTAPI function not implemented: __itt_heap_record
3684 : 0x11a103546e1 : 2 : ittapi_config_apply_per_lib :  ITTAPI function not implemented: __itt_id_create
3684 : 0x11a103546e9 : 2 : ittapi_config_apply_per_lib :  ITTAPI function not implemented: __itt_id_destroy
3684 : 0x11a103546ef : 2 : ittapi_config_apply_per_lib :  ITTAPI function instrumented: __itt_get_timestamp
3684 : 0x11a103546f6 : 2 : ittapi_config_apply_per_lib :  ITTAPI function not implemented: __itt_region_begin
3684 : 0x11a103546fd : 2 : ittapi_config_apply_per_lib :  ITTAPI function not implemented: __itt_region_end
3684 : 0x11a10354705 : 2 : ittapi_config_apply_per_lib :  ITTAPI function instrumented: __itt_frame_begin_v3
3684 : 0x11a1035470c : 2 : ittapi_config_apply_per_lib :  ITTAPI function instrumented: __itt_frame_end_v3
3684 : 0x11a10354712 : 2 : ittapi_config_apply_per_lib :  ITTAPI function instrumented: __itt_frame_submit_v3
3684 : 0x11a10354717 : 2 : ittapi_config_apply_per_lib :  ITTAPI function NOT instrumented (not matched by --itt-config option): __itt_task_group

3684 : 0x11a1035471f : 2 : ittapi_config_apply_per_lib :  ITTAPI function NOT instrumented (not matched by --itt-config option): __itt_task_begin

3684 : 0x11a10354730 : 2 : ittapi_config_apply_per_lib :  ITTAPI function NOT instrumented (not matched by --itt-config option): __itt_task_begin_fn

3684 : 0x11a10354737 : 2 : ittapi_config_apply_per_lib :  ITTAPI function NOT instrumented (not matched by --itt-config option): __itt_task_end

3684 : 0x11a1035473f : 2 : ittapi_config_apply_per_lib :  ITTAPI function NOT instrumented (not matched by --itt-config option): __itt_counter_inc_v3

3684 : 0x11a10354746 : 2 : ittapi_config_apply_per_lib :  ITTAPI function NOT instrumented (not matched by --itt-config option): __itt_counter_inc_delta_v3

3684 : 0x11a1035474f : 2 : ittapi_config_apply_per_lib :  ITTAPI function not implemented: __itt_marker
3684 : 0x11a10354755 : 2 : ittapi_config_apply_per_lib :  ITTAPI function instrumented: __itt_metadata_add
3684 : 0x11a1035475c : 2 : ittapi_config_apply_per_lib :  ITTAPI function not implemented: __itt_metadata_str_addA
3684 : 0x11a10354763 : 2 : ittapi_config_apply_per_lib :  ITTAPI function not implemented: __itt_metadata_str_addW
3684 : 0x11a1035476a : 2 : ittapi_config_apply_per_lib :  ITTAPI function not implemented: __itt_relation_add_to_current
3684 : 0x11a10354771 : 2 : ittapi_config_apply_per_lib :  ITTAPI function not implemented: __itt_relation_add
3684 : 0x11a10354780 : 2 : ittapi_config_apply_per_lib :  ITTAPI function instrumented: __itt_event_createA
3684 : 0x11a10354787 : 2 : ittapi_config_apply_per_lib :  ITTAPI function instrumented: __itt_event_createW
3684 : 0x11a1035478c : 2 : ittapi_config_apply_per_lib :  ITTAPI function NOT instrumented (not matched by --itt-config option): __itt_event_start

3684 : 0x11a10354793 : 2 : ittapi_config_apply_per_lib :  ITTAPI function NOT instrumented (not matched by --itt-config option): __itt_event_end

3684 : 0x11a1035479b : 2 : ittapi_config_apply_per_lib :  ITTAPI function NOT instrumented (not matched by --itt-config option): __itt_sync_set_nameA

3684 : 0x11a103547a3 : 2 : ittapi_config_apply_per_lib :  ITTAPI function NOT instrumented (not matched by --itt-config option): __itt_sync_set_nameW

3684 : 0x11a103547aa : 2 : ittapi_config_apply_per_lib :  ITTAPI function NOT instrumented (not matched by --itt-config option): __itt_notify_sync_nameA

3684 : 0x11a103547b8 : 2 : ittapi_config_apply_per_lib :  ITTAPI function NOT instrumented (not matched by --itt-config option): __itt_notify_sync_nameW

3684 : 0x11a103547c0 : 2 : ittapi_config_apply_per_lib :  ITTAPI function NOT instrumented (not matched by --itt-config option): __itt_notify_sync_prepare

3684 : 0x11a103547c8 : 2 : ittapi_config_apply_per_lib :  ITTAPI function NOT instrumented (not matched by --itt-config option): __itt_notify_sync_cancel

3684 : 0x11a103547d7 : 2 : ittapi_config_apply_per_lib :  ITTAPI function NOT instrumented (not matched by --itt-config option): __itt_notify_sync_acquired

3684 : 0x11a103547df : 2 : ittapi_config_apply_per_lib :  ITTAPI function NOT instrumented (not matched by --itt-config option): __itt_notify_sync_releasing

3684 : 0x11a103547e9 : 2 : ittapi_config_apply_per_lib :  ITTAPI function not implemented: __itt_memory_read
3684 : 0x11a103547f0 : 2 : ittapi_config_apply_per_lib :  ITTAPI function not implemented: __itt_memory_write
3684 : 0x11a103547f7 : 2 : ittapi_config_apply_per_lib :  ITTAPI function not implemented: __itt_memory_update
3684 : 0x11a103547fe : 2 : ittapi_config_apply_per_lib :  ITTAPI function not implemented: __itt_state_get
3684 : 0x11a10354805 : 2 : ittapi_config_apply_per_lib :  ITTAPI function not implemented: __itt_state_set
3684 : 0x11a1035480b : 2 : ittapi_config_apply_per_lib :  ITTAPI function not implemented: __itt_obj_mode_set
3684 : 0x11a10354812 : 2 : ittapi_config_apply_per_lib :  ITTAPI function not implemented: __itt_thr_mode_set
3684 : 0x11a10354818 : 2 : ittapi_config_apply_per_lib :  ITTAPI function instrumented: __itt_frame_createA
3684 : 0x11a10354880 : 2 : ittapi_config_apply_per_lib :  ITTAPI function instrumented: __itt_frame_createW
3684 : 0x11a10354887 : 2 : ittapi_config_apply_per_lib :  ITTAPI function instrumented: __itt_frame_begin
3684 : 0x11a1035488e : 2 : ittapi_config_apply_per_lib :  ITTAPI function instrumented: __itt_frame_end
3684 : 0x11a10354893 : 2 : ittapi_config_apply_per_lib :  ITTAPI function instrumented: __itt_counter_createA
3684 : 0x11a10354899 : 2 : ittapi_config_apply_per_lib :  ITTAPI function instrumented: __itt_counter_createW
3684 : 0x11a103548a0 : 2 : ittapi_config_apply_per_lib :  ITTAPI function NOT instrumented (not matched by --itt-config option): __itt_counter_destroy

3684 : 0x11a103548a7 : 2 : ittapi_config_apply_per_lib :  ITTAPI function NOT instrumented (not matched by --itt-config option): __itt_counter_inc

3684 : 0x11a103548af : 2 : ittapi_config_apply_per_lib :  ITTAPI function NOT instrumented (not matched by --itt-config option): __itt_counter_inc_delta

3684 : 0x11a103548b8 : 2 : ittapi_config_apply_per_lib :  ITTAPI function not implemented: __itt_mark_createA
3684 : 0x11a103548bf : 2 : ittapi_config_apply_per_lib :  ITTAPI function not implemented: __itt_mark_createW
3684 : 0x11a103548d3 : 2 : ittapi_config_apply_per_lib :  ITTAPI function not implemented: __itt_markA
3684 : 0x11a103548d9 : 2 : ittapi_config_apply_per_lib :  ITTAPI function not implemented: __itt_markW
3684 : 0x11a103548df : 2 : ittapi_config_apply_per_lib :  ITTAPI function not implemented: __itt_mark_off
3684 : 0x11a103548e6 : 2 : ittapi_config_apply_per_lib :  ITTAPI function not implemented: __itt_mark_globalA
3684 : 0x11a103548ec : 2 : ittapi_config_apply_per_lib :  ITTAPI function not implemented: __itt_mark_globalW
3684 : 0x11a103548f3 : 2 : ittapi_config_apply_per_lib :  ITTAPI function not implemented: __itt_mark_global_off
3684 : 0x11a103548f9 : 2 : ittapi_config_apply_per_lib :  ITTAPI function NOT instrumented (not matched by --itt-config option): __itt_stack_caller_create

3684 : 0x11a10354901 : 2 : ittapi_config_apply_per_lib :  ITTAPI function NOT instrumented (not matched by --itt-config option): __itt_stack_caller_destroy

3684 : 0x11a10354908 : 2 : ittapi_config_apply_per_lib :  ITTAPI function NOT instrumented (not matched by --itt-config option): __itt_stack_callee_enter

3684 : 0x11a10354910 : 2 : ittapi_config_apply_per_lib :  ITTAPI function NOT instrumented (not matched by --itt-config option): __itt_stack_callee_leave

3684 : 0x11a10354921 : 2 : ittapi_config_apply_per_lib :  ITTAPI function not implemented: __itt_clock_domain_create
3684 : 0x11a10354928 : 2 : ittapi_config_apply_per_lib :  ITTAPI function not implemented: __itt_clock_domain_reset
3684 : 0x11a1035492e : 2 : ittapi_config_apply_per_lib :  ITTAPI function not implemented: __itt_id_create_ex
3684 : 0x11a10354934 : 2 : ittapi_config_apply_per_lib :  ITTAPI function not implemented: __itt_id_destroy_ex
3684 : 0x11a10354939 : 2 : ittapi_config_apply_per_lib :  ITTAPI function NOT instrumented (not matched by --itt-config option): __itt_task_begin_ex

3684 : 0x11a10354941 : 2 : ittapi_config_apply_per_lib :  ITTAPI function NOT instrumented (not matched by --itt-config option): __itt_task_begin_fn_ex

3684 : 0x11a10354947 : 2 : ittapi_config_apply_per_lib :  ITTAPI function NOT instrumented (not matched by --itt-config option): __itt_task_end_ex

3684 : 0x11a1035494e : 2 : ittapi_config_apply_per_lib :  ITTAPI function NOT instrumented (not matched by --itt-config option): __itt_task_begin_overlapped

3684 : 0x11a10354955 : 2 : ittapi_config_apply_per_lib :  ITTAPI function NOT instrumented (not matched by --itt-config option): __itt_task_begin_overlapped_ex

3684 : 0x11a1035495c : 2 : ittapi_config_apply_per_lib :  ITTAPI function NOT instrumented (not matched by --itt-config option): __itt_task_end_overlapped

3684 : 0x11a1035496d : 2 : ittapi_config_apply_per_lib :  ITTAPI function NOT instrumented (not matched by --itt-config option): __itt_task_end_overlapped_ex

3684 : 0x11a10354975 : 2 : ittapi_config_apply_per_lib :  ITTAPI function not implemented: __itt_marker_ex
3684 : 0x11a1035497c : 2 : ittapi_config_apply_per_lib :  ITTAPI function not implemented: __itt_metadata_add_with_scope
3684 : 0x11a10354982 : 2 : ittapi_config_apply_per_lib :  ITTAPI function not implemented: __itt_metadata_str_add_with_scopeA
3684 : 0x11a10354988 : 2 : ittapi_config_apply_per_lib :  ITTAPI function not implemented: __itt_metadata_str_add_with_scopeW
3684 : 0x11a1035498e : 2 : ittapi_config_apply_per_lib :  ITTAPI function not implemented: __itt_relation_add_to_current_ex
3684 : 0x11a10354994 : 2 : ittapi_config_apply_per_lib :  ITTAPI function not implemented: __itt_relation_add_ex
3684 : 0x11a1035499a : 2 : ittapi_config_apply_per_lib :  ITTAPI function not implemented: __itt_track_group_create
3684 : 0x11a103549a1 : 2 : ittapi_config_apply_per_lib :  ITTAPI function not implemented: __itt_track_create
3684 : 0x11a103549a7 : 2 : ittapi_config_apply_per_lib :  ITTAPI function not implemented: __itt_set_track
3684 : 0x11a103549b6 : 2 : ittapi_config_apply_per_lib :  ITTAPI function instrumented: __itt_api_version
3684 : 0x11a103549bc : 2 : ittapi_config_apply_per_lib :  ITTAPI function not implemented: __itt_av_saveA
3684 : 0x11a103549c1 : 2 : ittapi_config_apply_per_lib :  ITTAPI function not implemented: __itt_av_saveW