
3044 : 0xbfcd9fa5b3 : 2 : ittapi_config_mask_get :  --itt-config mask to be applied: 1
3044 : 0xbfcd9fa5ca : 2 : ittapi_config_apply_per_lib :  ITTAPI function instrumented: __itt_domain_createA
3044 : 0xbfcd9fa5d2 : 2 : ittapi_config_apply_per_lib :  ITTAPI function instrumented: __itt_domain_createW
3044 : 0xbfcd9fa5d9 : 2 : ittapi_config_apply_per_lib :  ITTAPI function instrumented: __itt_string_handle_createA
3044 : 0xbfcd9fa5dd : 2 : ittapi_config_apply_per_lib :  ITTAPI function instrumented: __itt_string_handle_createW
3044 : 0xbfcd9fa5e2 : 2 : ittapi_config_apply_per_lib :  ITTAPI function instrumented: __itt_pause
3044 : 0xbfcd9fa5e6 : 2 : ittapi_config_apply_per_lib :  ITTAPI function instrumented: __itt_resume
3044 : 0xbfcd9fa5ea : 2 : ittapi_config_apply_per_lib :  ITTAPI function instrumented: __itt_thread_set_nameA
3044 : 0xbfcd9fa5ee : 2 : ittapi_config_apply_per_lib :  ITTAPI function instrumented: __itt_thread_set_nameW
3044 : 0xbfcd9fa5f2 : 2 : ittapi_config_apply_per_lib :  ITTAPI function instrumented: __itt_thread_ignore
3044 : 0xbfcd9fa69c : 2 : ittapi_config_apply_per_lib :  ITTAPI function instrumented: __itt_thr_name_setA
3044 : 0xbfcd9fa6a5 : 2 : ittapi_config_apply_per_lib :  ITTAPI function instrumented: __itt_thr_name_setW
3044 : 0xbfcd9fa6a9 : 2 : ittapi_config_apply_per_lib :  ITTAPI function instrumented: __itt_thr_ignore
3044 : 0xbfcd9fa6af : 2 : ittapi_config_apply_per_lib :  ITTAPI function not implemented: __itt_enable_attach
3044 : 0xbfcd9fa6b3 : 2 : ittapi_config_apply_per_lib :  ITTAPI function instrumented: __itt_detach
3044 : 0xbfcd9fa6b7 : 2 : ittapi_config_apply_per_lib :  ITTAPI function NOT instrumented (not matched by --itt-config option): __itt_sync_createA

3044 : 0xbfcd9fa6bb : 2 : ittapi_config_apply_per_lib :  ITTAPI function NOT instrumented (not matched by --itt-config option): __itt_sync_createW

3044 : 0xbfcd9fa6c0 : 2 : ittapi_config_apply_per_lib :  ITTAPI function NOT instrumented (not matched by --itt-config option): __itt_sync_renameA

3044 : 0xbfcd9fa6c5 : 2 : ittapi_config_apply_per_lib :  ITTAPI function NOT instrumented (not matched by --itt-config option): __itt_sync_renameW

3044 : 0xbfcd9fa6c9 : 2 : ittapi_config_apply_per_lib :  ITTAPI function NOT instrumented (not matched by --itt-config option): __itt_sync_destroy

3044 : 0xbfcd9fa6d9 : 2 : ittapi_config_apply_per_lib :  ITTAPI function NOT instrumented (not matched by --itt-config option): __itt_sync_prepare

3044 : 0xbfcd9fa6de : 2 : ittapi_config_apply_per_lib :  ITTAPI function NOT instrumented (not matched by --itt-config option): __itt_sync_cancel

3044 : 0xbfcd9fa6e3 : 2 : ittapi_config_apply_per_lib :  ITTAPI function NOT instrumented (not matched by --itt-config option): __itt_sync_acquired

3044 : 0xbfcd9fa6e7 : 2 : ittapi_config_apply_per_lib :  ITTAPI function NOT instrumented (not matched by --itt-config option): __itt_sync_releasing

3044 : 0xbfcd9fa6ed : 2 : ittapi_config_apply_per_lib :  ITTAPI function not implemented: __itt_suppress_push
3044 : 0xbfcd9fa6f1 : 2 : ittapi_config_apply_per_lib :  ITTAPI function not implemented: __itt_suppress_pop
3044 : 0xbfcd9fa6f5 : 2 : ittapi_config_apply_per_lib :  ITTAPI function not implemented: __itt_suppress_mark_range
3044 : 0xbfcd9fa6fa : 2 : ittapi_config_apply_per_lib :  ITTAPI function not implemented: __itt_suppress_clear_range
3044 : 0xbfcd9fa6fd : 2 : ittapi_config_apply_per_lib :  ITTAPI function NOT instrumented (not matched by --itt-config option): __itt_sync_prepare

3044 : 0xbfcd9fa701 : 2 : ittapi_config_apply_per_lib :  ITTAPI function NOT instrumented (not matched by --itt-config option): __itt_sync_cancel

3044 : 0xbfcd9fa70b : 2 : ittapi_config_apply_per_lib :  ITTAPI function NOT instrumented (not matched by --itt-config option): __itt_sync_acquired

3044 : 0xbfcd9fa710 : 2 : ittapi_config_apply_per_lib :  ITTAPI function NOT instrumented (not matched by --itt-config option): __itt_sync_releasing

3044 : 0xbfcd9fa715 : 2 : ittapi_config_apply_per_lib :  ITTAPI function not implemented: __itt_model_site_begin
3044 : 0xbfcd9fa719 : 2 : ittapi_config_apply_per_lib :  ITTAPI function not implemented: __itt_model_site_end
3044 : 0xbfcd9fa71d : 2 : ittapi_config_apply_per_lib :  ITTAPI function not implemented: __itt_model_task_begin
3044 : 0xbfcd9fa721 : 2 : ittapi_config_apply_per_lib :  ITTAPI function not implemented: __itt_model_task_end
3044 : 0xbfcd9fa725 : 2 : ittapi_config_apply_per_lib :  ITTAPI function not implemented: __itt_model_lock_acquire
3044 : 0xbfcd9fa729 : 2 : ittapi_config_apply_per_lib :  ITTAPI function not implemented: __itt_model_lock_release
3044 : 0xbfcd9fa72d : 2 : ittapi_config_apply_per_lib :  ITTAPI function not implemented: __itt_model_record_allocation
3044 : 0xbfcd9fa731 : 2 : ittapi_config_apply_per_lib :  ITTAPI function not implemented: __itt_model_record_deallocation
3044 : 0xbfcd9fa766 : 2 : ittapi_config_apply_per_lib :  ITTAPI function not implemented: __itt_model_induction_uses
3044 : 0xbfcd9fa76b : 2 : ittapi_config_apply_per_lib :  ITTAPI function not implemented: __itt_model_reduction_uses
3044 : 0xbfcd9fa76f : 2 : ittapi_config_apply_per_lib :  ITTAPI function not implemented: __itt_model_observe_uses
3044 : 0xbfcd9fa773 : 2 : ittapi_config_apply_per_lib :  ITTAPI function not implemented: __itt_model_clear_uses
3044 : 0xbfcd9fa777 : 2 : ittapi_config_apply_per_lib :  ITTAPI function not implemented: __itt_model_site_beginW
3044 : 0xbfcd9fa77b : 2 : ittapi_config_apply_per_lib :  ITTAPI function not implemented: __itt_model_task_beginW
3044 : 0xbfcd9fa77f : 2 : ittapi_config_apply_per_lib :  ITTAPI function not implemented: __itt_model_iteration_taskW
3044 : 0xbfcd9fa783 : 2 : ittapi_config_apply_per_lib :  ITTAPI function not implemented: __itt_model_site_beginA
3044 : 0xbfcd9fa787 : 2 : ittapi_config_apply_per_lib :  ITTAPI function not implemented: __itt_model_site_beginAL
3044 : 0xbfcd9fa78b : 2 : ittapi_config_apply_per_lib :  ITTAPI function not implemented: __itt_model_task_beginA
3044 : 0xbfcd9fa796 : 2 : ittapi_config_apply_per_lib :  ITTAPI function not implemented: __itt_model_task_beginAL
3044 : 0xbfcd9fa79a : 2 : ittapi_config_apply_per_lib :  ITTAPI function not implemented: __itt_model_iteration_taskA
3044 : 0xbfcd9fa79e : 2 : ittapi_config_apply_per_lib :  ITTAPI function not implemented: __itt_model_iteration_taskAL
3044 : 0xbfcd9fa7a2 : 2 : ittapi_config_apply_per_lib :  ITTAPI function not implemented: __itt_model_site_end_2
3044 : 0xbfcd9fa7a6 : 2 : ittapi_config_apply_per_lib :  ITTAPI function not implemented: __itt_model_task_end_2
3044 : 0xbfcd9fa7aa : 2 : ittapi_config_apply_per_lib :  ITTAPI function not implemented: __itt_model_lock_acquire_2
3044 : 0xbfcd9fa7ae : 2 : ittapi_config_apply_per_lib :  ITTAPI function not implemented: __itt_model_lock_release_2
3044 : 0xbfcd9fa7b2 : 2 : ittapi_config_apply_per_lib :  ITTAPI function not implemented: __itt_model_aggregate_task
3044 : 0xbfcd9fa7b6 : 2 : ittapi_config_apply_per_lib :  ITTAPI function not implemented: __itt_model_disable_push
3044 : 0xbfcd9fa7b9 : 2 : ittapi_config_apply_per_lib :  ITTAPI function not implemented: __itt_model_disable_pop
3044 : 0xbfcd9fa7c2 : 2 : ittapi_config_apply_per_lib :  ITTAPI function instrumented: __itt_heap_function_createA
3044 : 0xbfcd9fa7c6 : 2 : ittapi_config_apply_per_lib :  ITTAPI function instrumented: __itt_heap_function_createW
3044 : 0xbfcd9fa7ca : 2 : ittapi_config_apply_per_lib :  ITTAPI function instrumented: __itt_heap_allocate_begin
3044 : 0xbfcd9fa7ce : 2 : ittapi_config_apply_per_lib :  ITTAPI function instrumented: __itt_heap_allocate_end
3044 : 0xbfcd9fa7d2 : 2 : ittapi_config_apply_per_lib :  ITTAPI function instrumented: __itt_heap_free_begin
3044 : 0xbfcd9fa7d6 : 2 : ittapi_config_apply_per_lib :  ITTAPI function instrumented: __itt_heap_free_end
3044 : 0xbfcd9fa7da : 2 : ittapi_config_apply_per_lib :  ITTAPI function instrumented: __itt_heap_reallocate_begin
3044 : 0xbfcd9fa7de : 2 : ittapi_config_apply_per_lib :  ITTAPI function instrumented: __itt_heap_reallocate_end
3044 : 0xbfcd9fa7e2 : 2 : ittapi_config_apply_per_lib :  ITTAPI function not implemented: __itt_heap_internal_access_begin
3044 : 0xbfcd9fa7e7 : 2 : ittapi_config_apply_per_lib :  ITTAPI function not implemented: __itt_heap_internal_access_end
3044 : 0xbfcd9fa7f2 : 2 : ittapi_config_apply_per_lib :  ITTAPI function not implemented: __itt_heap_record_memory_growth_begin
3044 : 0xbfcd9fa7f6 : 2 : ittapi_config_apply_per_lib :  ITTAPI function not implemented: __itt_heap_record_memory_growth_end
3044 : 0xbfcd9fa7fa : 2 : ittapi_config_apply_per_lib :  ITTAPI function not implemented: __itt_heap_reset_detection
3044 : 0xbfcd9fa7fe : 2 : ittapi_config_apply_per_lib :  ITTAPI function not implemented: __itt_heap_record
3044 : 0xbfcd9fa802 : 2 : ittapi_config_apply_per_lib :  ITTAPI function not implemented: __itt_id_create
3044 : 0xbfcd9fa806 : 2 : ittapi_config_apply_per_lib :  ITTAPI function not implemented: __itt_id_destroy
3044 : 0xbfcd9fa80a : 2 : ittapi_config_apply_per_lib :  ITTAPI function instrumented: __itt_get_timestamp
3044 : 0xbfcd9fa811 : 2 : ittapi_config_apply_per_lib :  ITTAPI function not implemented: __itt_region_begin
3044 : 0xbfcd9fa816 : 2 : ittapi_config_apply_per_lib :  ITTAPI function not implemented: __itt_region_end
3044 : 0xbfcd9fa81c : 2 : ittapi_config_apply_per_lib :  ITTAPI function instrumented: __itt_frame_begin_v3
3044 : 0xbfcd9fa832 : 2 : ittapi_config_apply_per_lib :  ITTAPI function instrumented: __itt_frame_end_v3
3044 : 0xbfcd9fa837 : 2 : ittapi_config_apply_per_lib :  ITTAPI function instrumented: __itt_frame_submit_v3
3044 : 0xbfcd9fa83c : 2 : ittapi_config_apply_per_lib :  ITTAPI function NOT instrumented (not matched by --itt-config option): __itt_task_group

3044 : 0xbfcd9fa842 : 2 : ittapi_config_apply_per_lib :  ITTAPI function NOT instrumented (not matched by --itt-config option): __itt_task_begin

3044 : 0xbfcd9fa848 : 2 : ittapi_config_apply_per_lib :  ITTAPI function NOT instrumented (not matched by --itt-config option): __itt_task_begin_fn

3044 : 0xbfcd9fa84e : 2 : ittapi_config_apply_per_lib :  ITTAPI function NOT instrumented (not matched by --itt-config option): __itt_task_end

3044 : 0xbfcd9fa854 : 2 : ittapi_config_apply_per_lib :  ITTAPI function NOT instrumented (not matched by --itt-config option): __itt_counter_inc_v3

3044 : 0xbfcd9fa86f : 2 : ittapi_config_apply_per_lib :  ITTAPI function NOT instrumented (not matched by --itt-config option): __itt_counter_inc_delta_v3

3044 : 0xbfcd9fa878 : 2 : ittapi_config_apply_per_lib :  ITTAPI function not implemented: __itt_marker
3044 : 0xbfcd9fa87e : 2 : ittapi_config_apply_per_lib :  ITTAPI function instrumented: __itt_metadata_add
3044 : 0xbfcd9fa88e : 2 : ittapi_config_apply_per_lib :  ITTAPI function not implemented: __itt_metadata_str_addA
3044 : 0xbfcd9fa894 : 2 : ittapi_config_apply_per_lib :  ITTAPI function not implemented: __itt_metadata_str_addW
3044 : 0xbfcd9fa89a : 2 : ittapi_config_apply_per_lib :  ITTAPI function not implemented: __itt_relation_add_to_current
3044 : 0xbfcd9fa8a0 : 2 : ittapi_config_apply_per_lib :  ITTAPI function not implemented: __itt_relation_add
3044 : 0xbfcd9fa8a5 : 2 : ittapi_config_apply_per_lib :  ITTAPI function instrumented: __itt_event_createA
3044 : 0xbfcd9fa8ab : 2 : ittapi_config_apply_per_lib :  ITTAPI function instrumented: __itt_event_createW
3044 : 0xbfcd9fa8af : 2 : ittapi_config_apply_per_lib :  ITTAPI function NOT instrumented (not matched by --itt-config option): __itt_event_start

3044 : 0xbfcd9fa8b6 : 2 : ittapi_config_apply_per_lib :  ITTAPI function NOT instrumented (not matched by --itt-config option): __itt_event_end

3044 : 0xbfcd9fa8bd : 2 : ittapi_config_apply_per_lib :  ITTAPI function NOT instrumented (not matched by --itt-config option): __itt_sync_set_nameA

3044 : 0xbfcd9fa8c4 : 2 : ittapi_config_apply_per_lib :  ITTAPI function NOT instrumented (not matched by --itt-config option): __itt_sync_set_nameW

3044 : 0xbfcd9fa8d3 : 2 : ittapi_config_apply_per_lib :  ITTAPI function NOT instrumented (not matched by --itt-config option): __itt_notify_sync_nameA

3044 : 0xbfcd9fa8da : 2 : ittapi_config_apply_per_lib :  ITTAPI function NOT instrumented (not matched by --itt-config option): __itt_notify_sync_nameW

3044 : 0xbfcd9fa8e1 : 2 : ittapi_config_apply_per_lib :  ITTAPI function NOT instrumented (not matched by --itt-config option): __itt_notify_sync_prepare

3044 : 0xbfcd9fa8e8 : 2 : ittapi_config_apply_per_lib :  ITTAPI function NOT instrumented (not matched by --itt-config option): __itt_notify_sync_cancel

3044 : 0xbfcd9fa8ef : 2 : ittapi_config_apply_per_lib :  ITTAPI function NOT instrumented (not matched by --itt-config option): __itt_notify_sync_acquired

3044 : 0xbfcd9fa8f6 : 2 : ittapi_config_apply_per_lib :  ITTAPI function NOT instrumented (not matched by --itt-config option): __itt_notify_sync_releasing

3044 : 0xbfcd9fa8fe : 2 : ittapi_config_apply_per_lib :  ITTAPI function not implemented: __itt_memory_read
3044 : 0xbfcd9fa904 : 2 : ittapi_config_apply_per_lib :  ITTAPI function not implemented: __itt_memory_write
3044 : 0xbfcd9fa909 : 2 : ittapi_config_apply_per_lib :  ITTAPI function not implemented: __itt_memory_update
3044 : 0xbfcd9fa90f : 2 : ittapi_config_apply_per_lib :  ITTAPI function not implemented: __itt_state_get
3044 : 0xbfcd9fa920 : 2 : ittapi_config_apply_per_lib :  ITTAPI function not implemented: __itt_state_set
3044 : 0xbfcd9fa926 : 2 : ittapi_config_apply_per_lib :  ITTAPI function not implemented: __itt_obj_mode_set
3044 : 0xbfcd9fa92c : 2 : ittapi_config_apply_per_lib :  ITTAPI function not implemented: __itt_thr_mode_set
3044 : 0xbfcd9fa932 : 2 : ittapi_config_apply_per_lib :  ITTAPI function instrumented: __itt_frame_createA
3044 : 0xbfcd9fa938 : 2 : ittapi_config_apply_per_lib :  ITTAPI function instrumented: __itt_frame_createW
3044 : 0xbfcd9fa93e : 2 : ittapi_config_apply_per_lib :  ITTAPI function instrumented: __itt_frame_begin
3044 : 0xbfcd9fa943 : 2 : ittapi_config_apply_per_lib :  ITTAPI function instrumented: __itt_frame_end
3044 : 0xbfcd9fa949 : 2 : ittapi_config_apply_per_lib :  ITTAPI function instrumented: __itt_counter_createA
3044 : 0xbfcd9fa94e : 2 : ittapi_config_apply_per_lib :  ITTAPI function instrumented: __itt_counter_createW
3044 : 0xbfcd9fa954 : 2 : ittapi_config_apply_per_lib :  ITTAPI function NOT instrumented (not matched by --itt-config option): __itt_counter_destroy

3044 : 0xbfcd9fa966 : 2 : ittapi_config_apply_per_lib :  ITTAPI function NOT instrumented (not matched by --itt-config option): __itt_counter_inc

3044 : 0xbfcd9fa96d : 2 : ittapi_config_apply_per_lib :  ITTAPI function NOT instrumented (not matched by --itt-config option): __itt_counter_inc_delta

3044 : 0xbfcd9fa975 : 2 : ittapi_config_apply_per_lib :  ITTAPI function not implemented: __itt_mark_createA
3044 : 0xbfcd9fa97b : 2 : ittapi_config_apply_per_lib :  ITTAPI function not implemented: __itt_mark_createW
3044 : 0xbfcd9fa981 : 2 : ittapi_config_apply_per_lib :  ITTAPI function not implemented: __itt_markA
3044 : 0xbfcd9fa987 : 2 : ittapi_config_apply_per_lib :  ITTAPI function not implemented: __itt_markW
3044 : 0xbfcd9fa98e : 2 : ittapi_config_apply_per_lib :  ITTAPI function not implemented: __itt_mark_off
3044 : 0xbfcd9fa993 : 2 : ittapi_config_apply_per_lib :  ITTAPI function not implemented: __itt_mark_globalA
3044 : 0xbfcd9fa999 : 2 : ittapi_config_apply_per_lib :  ITTAPI function not implemented: __itt_mark_globalW
3044 : 0xbfcd9fa99f : 2 : ittapi_config_apply_per_lib :  ITTAPI function not implemented: __itt_mark_global_off
3044 : 0xbfcd9fa9ae : 2 : ittapi_config_apply_per_lib :  ITTAPI function NOT instrumented (not matched by --itt-config option): __itt_stack_caller_create

3044 : 0xbfcd9fa9b6 : 2 : ittapi_config_apply_per_lib :  ITTAPI function NOT instrumented (not matched by --itt-config option): __itt_stack_caller_destroy

3044 : 0xbfcd9fa9bd : 2 : ittapi_config_apply_per_lib :  ITTAPI function NOT instrumented (not matched by --itt-config option): __itt_stack_callee_enter

3044 : 0xbfcd9fa9c4 : 2 : ittapi_config_apply_per_lib :  ITTAPI function NOT instrumented (not matched by --itt-config option): __itt_stack_callee_leave

3044 : 0xbfcd9fa9cc : 2 : ittapi_config_apply_per_lib :  ITTAPI function not implemented: __itt_clock_domain_create
3044 : 0xbfcd9fa9d3 : 2 : ittapi_config_apply_per_lib :  ITTAPI function not implemented: __itt_clock_domain_reset
3044 : 0xbfcd9fa9da : 2 : ittapi_config_apply_per_lib :  ITTAPI function not implemented: __itt_id_create_ex
3044 : 0xbfcd9fa9e0 : 2 : ittapi_config_apply_per_lib :  ITTAPI function not implemented: __itt_id_destroy_ex
3044 : 0xbfcd9fa9e6 : 2 : ittapi_config_apply_per_lib :  ITTAPI function NOT instrumented (not matched by --itt-config option): __itt_task_begin_ex

3044 : 0xbfcd9fa9ed : 2 : ittapi_config_apply_per_lib :  ITTAPI function NOT instrumented (not matched by --itt-config option): __itt_task_begin_fn_ex

3044 : 0xbfcd9faa3a : 2 : ittapi_config_apply_per_lib :  ITTAPI function NOT instrumented (not matched by --itt-config option): __itt_task_end_ex

3044 : 0xbfcd9faa42 : 2 : ittapi_config_apply_per_lib :  ITTAPI function NOT instrumented (not matched by --itt-config option): __itt_task_begin_overlapped

3044 : 0xbfcd9faa49 : 2 : ittapi_config_apply_per_lib :  ITTAPI function NOT instrumented (not matched by --itt-config option): __itt_task_begin_overlapped_ex

3044 : 0xbfcd9faa50 : 2 : ittapi_config_apply_per_lib :  ITTAPI function NOT instrumented (not matched by --itt-config option): __itt_task_end_overlapped

3044 : 0xbfcd9faa56 : 2 : ittapi_config_apply_per_lib :  ITTAPI function NOT instrumented (not matched by --itt-config option): __itt_task_end_overlapped_ex

3044 : 0xbfcd9faa5f : 2 : ittapi_config_apply_per_lib :  ITTAPI function not implemented: __itt_marker_ex
3044 : 0xbfcd9faa65 : 2 : ittapi_config_apply_per_lib :  ITTAPI function not implemented: __itt_metadata_add_with_scope
3044 : 0xbfcd9faa6b : 2 : ittapi_config_apply_per_lib :  ITTAPI function not implemented: __itt_metadata_str_add_with_scopeA
3044 : 0xbfcd9faa71 : 2 : ittapi_config_apply_per_lib :  ITTAPI function not implemented: __itt_metadata_str_add_with_scopeW
3044 : 0xbfcd9faa77 : 2 : ittapi_config_apply_per_lib :  ITTAPI function not implemented: __itt_relation_add_to_current_ex
3044 : 0xbfcd9faa88 : 2 : ittapi_config_apply_per_lib :  ITTAPI function not implemented: __itt_relation_add_ex
3044 : 0xbfcd9faa8e : 2 : ittapi_config_apply_per_lib :  ITTAPI function not implemented: __itt_track_group_create
3044 : 0xbfcd9faa94 : 2 : ittapi_config_apply_per_lib :  ITTAPI function not implemented: __itt_track_create
3044 : 0xbfcd9faa9a : 2 : ittapi_config_apply_per_lib :  ITTAPI function not implemented: __itt_set_track
3044 : 0xbfcd9faa9f : 2 : ittapi_config_apply_per_lib :  ITTAPI function instrumented: __itt_api_version
3044 : 0xbfcd9faaa5 : 2 : ittapi_config_apply_per_lib :  ITTAPI function not implemented: __itt_av_saveA
3044 : 0xbfcd9faaaa : 2 : ittapi_config_apply_per_lib :  ITTAPI function not implemented: __itt_av_saveW
3044 : 0xbfcd9fb001 : 2 : ittapi_config_mask_get :  --itt-config mask to be applied: 1
3044 : 0xbfcd9fb013 : 2 : ittapi_config_apply_per_lib :  ITTAPI function instrumented: __itt_domain_createA
3044 : 0xbfcd9fb01b : 2 : ittapi_config_apply_per_lib :  ITTAPI function instrumented: __itt_domain_createW
3044 : 0xbfcd9fb036 : 2 : ittapi_config_apply_per_lib :  ITTAPI function instrumented: __itt_string_handle_createA
3044 : 0xbfcd9fb03c : 2 : ittapi_config_apply_per_lib :  ITTAPI function instrumented: __itt_string_handle_createW
3044 : 0xbfcd9fb042 : 2 : ittapi_config_apply_per_lib :  ITTAPI function instrumented: __itt_pause
3044 : 0xbfcd9fb049 : 2 : ittapi_config_apply_per_lib :  ITTAPI function instrumented: __itt_resume
3044 : 0xbfcd9fb050 : 2 : ittapi_config_apply_per_lib :  ITTAPI function instrumented: __itt_thread_set_nameA
3044 : 0xbfcd9fb056 : 2 : ittapi_config_apply_per_lib :  ITTAPI function instrumented: __itt_thread_set_nameW
3044 : 0xbfcd9fb05b : 2 : ittapi_config_apply_per_lib :  ITTAPI function instrumented: __itt_thread_ignore
3044 : 0xbfcd9fb061 : 2 : ittapi_config_apply_per_lib :  ITTAPI function instrumented: __itt_thr_name_setA
3044 : 0xbfcd9fb066 : 2 : ittapi_config_apply_per_lib :  ITTAPI function instrumented: __itt_thr_name_setW
3044 : 0xbfcd9fb06b : 2 : ittapi_config_apply_per_lib :  ITTAPI function instrumented: __itt_thr_ignore
3044 : 0xbfcd9fb084 : 2 : ittapi_config_apply_per_lib :  ITTAPI function not implemented: __itt_enable_attach
3044 : 0xbfcd9fb08b : 2 : ittapi_config_apply_per_lib :  ITTAPI function instrumented: __itt_detach
3044 : 0xbfcd9fb090 : 2 : ittapi_config_apply_per_lib :  ITTAPI function NOT instrumented (not matched by --itt-config option): __itt_sync_createA

3044 : 0xbfcd9fb097 : 2 : ittapi_config_apply_per_lib :  ITTAPI function NOT instrumented (not matched by --itt-config option): __itt_sync_createW

3044 : 0xbfcd9fb09d : 2 : ittapi_config_apply_per_lib :  ITTAPI function NOT instrumented (not matched by --itt-config option): __itt_sync_renameA

3044 : 0xbfcd9fb0a4 : 2 : ittapi_config_apply_per_lib :  ITTAPI function NOT instrumented (not matched by --itt-config option): __itt_sync_renameW

3044 : 0xbfcd9fb0aa : 2 : ittapi_config_apply_per_lib :  ITTAPI function NOT instrumented (not matched by --itt-config option): __itt_sync_destroy

3044 : 0xbfcd9fb0b0 : 2 : ittapi_config_apply_per_lib :  ITTAPI function NOT instrumented (not matched by --itt-config option): __itt_sync_prepare

3044 : 0xbfcd9fb0b7 : 2 : ittapi_config_apply_per_lib :  ITTAPI function NOT instrumented (not matched by --itt-config option): __itt_sync_cancel

3044 : 0xbfcd9fb0bd : 2 : ittapi_config_apply_per_lib :  ITTAPI function NOT instrumented (not matched by --itt-config option): __itt_sync_acquired

3044 : 0xbfcd9fb0d0 : 2 : ittapi_config_apply_per_lib :  ITTAPI function NOT instrumented (not matched by --itt-config option): __itt_sync_releasing

3044 : 0xbfcd9fb0da : 2 : ittapi_config_apply_per_lib :  ITTAPI function not implemented: __itt_suppress_push
3044 : 0xbfcd9fb0e1 : 2 : ittapi_config_apply_per_lib :  ITTAPI function not implemented: __itt_suppress_pop
3044 : 0xbfcd9fb0e8 : 2 : ittapi_config_apply_per_lib :  ITTAPI function not implemented: __itt_suppress_mark_range
3044 : 0xbfcd9fb0ee : 2 : ittapi_config_apply_per_lib :  ITTAPI function not implemented: __itt_suppress_clear_range
3044 : 0xbfcd9fb0f4 : 2 : ittapi_config_apply_per_lib :  ITTAPI function NOT instrumented (not matched by --itt-config option): __itt_sync_prepare

3044 : 0xbfcd9fb0fc : 2 : ittapi_config_apply_per_lib :  ITTAPI function NOT instrumented (not matched by --itt-config option): __itt_sync_cancel

3044 : 0xbfcd9fb106 : 2 : ittapi_config_apply_per_lib :  ITTAPI function NOT instrumented (not matched by --itt-config option): __itt_sync_acquired

3044 : 0xbfcd9fb110 : 2 : ittapi_config_apply_per_lib :  ITTAPI function NOT instrumented (not matched by --itt-config option): __itt_sync_releasing

3044 : 0xbfcd9fb11c : 2 : ittapi_config_apply_per_lib :  ITTAPI function not implemented: __itt_model_site_begin
3044 : 0xbfcd9fb12a : 2 : ittapi_config_apply_per_lib :  ITTAPI function not implemented: __itt_model_site_end
3044 : 0xbfcd9fb131 : 2 : ittapi_config_apply_per_lib :  ITTAPI function not implemented: __itt_model_task_begin
3044 : 0xbfcd9fb136 : 2 : ittapi_config_apply_per_lib :  ITTAPI function not implemented: __itt_model_task_end
3044 : 0xbfcd9fb13c : 2 : ittapi_config_apply_per_lib :  ITTAPI function not implemented: __itt_model_lock_acquire
3044 : 0xbfcd9fb142 : 2 : ittapi_config_apply_per_lib :  ITTAPI function not implemented: __itt_model_lock_release
3044 : 0xbfcd9fb148 : 2 : ittapi_config_apply_per_lib :  ITTAPI function not implemented: __itt_model_record_allocation
3044 : 0xbfcd9fb14e : 2 : ittapi_config_apply_per_lib :  ITTAPI function not implemented: __itt_model_record_deallocation
3044 : 0xbfcd9fb154 : 2 : ittapi_config_apply_per_lib :  ITTAPI function not implemented: __itt_model_induction_uses
3044 : 0xbfcd9fb163 : 2 : ittapi_config_apply_per_lib :  ITTAPI function not implemented: __itt_model_reduction_uses
3044 : 0xbfcd9fb169 : 2 : ittapi_config_apply_per_lib :  ITTAPI function not implemented: __itt_model_observe_uses
3044 : 0xbfcd9fb17a : 2 : ittapi_config_apply_per_lib :  ITTAPI function not implemented: __itt_model_clear_uses
3044 : 0xbfcd9fb180 : 2 : ittapi_config_apply_per_lib :  ITTAPI function not implemented: __itt_model_site_beginW
3044 : 0xbfcd9fb186 : 2 : ittapi_config_apply_per_lib :  ITTAPI function not implemented: __itt_model_task_beginW
3044 : 0xbfcd9fb18b : 2 : ittapi_config_apply_per_lib :  ITTAPI function not implemented: __itt_model_iteration_taskW
3044 : 0xbfcd9fb191 : 2 : ittapi_config_apply_per_lib :  ITTAPI function not implemented: __itt_model_site_beginA
3044 : 0xbfcd9fb197 : 2 : ittapi_config_apply_per_lib :  ITTAPI function not implemented: __itt_model_site_beginAL
3044 : 0xbfcd9fb19c : 2 : ittapi_config_apply_per_lib :  ITTAPI function not implemented: __itt_model_task_beginA
3044 : 0xbfcd9fb1a2 : 2 : ittapi_config_apply_per_lib :  ITTAPI function not implemented: __itt_model_task_beginAL
3044 : 0xbfcd9fb1a7 : 2 : ittapi_config_apply_per_lib :  ITTAPI function not implemented: __itt_model_iteration_taskA
3044 : 0xbfcd9fb1ad : 2 : ittapi_config_apply_per_lib :  ITTAPI function not implemented: __itt_model_iteration_taskAL
3044 : 0xbfcd9fb1bf : 2 : ittapi_config_apply_per_lib :  ITTAPI function not implemented: __itt_model_site_end_2
3044 : 0xbfcd9fb1c5 : 2 : ittapi_config_apply_per_lib :  ITTAPI function not implemented: __itt_model_task_end_2
3044 : 0xbfcd9fb1cb : 2 : ittapi_config_apply_per_lib :  ITTAPI function not implemented: __itt_model_lock_acquire_2
3044 : 0xbfcd9fb1d1 : 2 : ittapi_config_apply_per_lib :  ITTAPI function not implemented: __itt_model_lock_release_2
3044 : 0xbfcd9fb1d7 : 2 : ittapi_config_apply_per_lib :  ITTAPI function not implemented: __itt_model_aggregate_task
3044 : 0xbfcd9fb1dd : 2 : ittapi_config_apply_per_lib :  ITTAPI function not implemented: __itt_model_disable_push
3044 : 0xbfcd9fb1e3 : 2 : ittapi_config_apply_per_lib :  ITTAPI function not implemented: __itt_model_disable_pop
3044 : 0xbfcd9fb1ea : 2 : ittapi_config_apply_per_lib :  ITTAPI function instrumented: __itt_heap_function_createA
3044 : 0xbfcd9fb1ef : 2 : ittapi_config_apply_per_lib :  ITTAPI function instrumented: __itt_heap_function_createW
3044 : 0xbfcd9fb1f4 : 2 : ittapi_config_apply_per_lib :  ITTAPI function instrumented: __itt_heap_allocate_begin
3044 : 0xbfcd9fb203 : 2 : ittapi_config_apply_per_lib :  ITTAPI function instrumented: __itt_heap_allocate_end
3044 : 0xbfcd9fb209 : 2 : ittapi_config_apply_per_lib :  ITTAPI function instrumented: __itt_heap_free_begin
3044 : 0xbfcd9fb20e : 2 : ittapi_config_apply_per_lib :  ITTAPI function instrumented: __itt_heap_free_end
3044 : 0xbfcd9fb214 : 2 : ittapi_config_apply_per_lib :  ITTAPI function instrumented: __itt_heap_reallocate_begin
3044 : 0xbfcd9fb21a : 2 : ittapi_config_apply_per_lib :  ITTAPI function instrumented: __itt_heap_reallocate_end
3044 : 0xbfcd9fb220 : 2 : ittapi_config_apply_per_lib :  ITTAPI function not implemented: __itt_heap_internal_access_begin
3044 : 0xbfcd9fb226 : 2 : ittapi_config_apply_per_lib :  ITTAPI function not implemented: __itt_heap_internal_access_end
3044 : 0xbfcd9fb22c : 2 : ittapi_config_apply_per_lib :  ITTAPI function not implemented: __itt_heap_record_memory_growth_begin
3044 : 0xbfcd9fb232 : 2 : ittapi_config_apply_per_lib :  ITTAPI function not implemented: __itt_heap_record_memory_growth_end
3044 : 0xbfcd9fb238 : 2 : ittapi_config_apply_per_lib :  ITTAPI function not implemented: __itt_heap_reset_detection
3044 : 0xbfcd9fb246 : 2 : ittapi_config_apply_per_lib :  ITTAPI function not implemented: __itt_heap_record
3044 : 0xbfcd9fb24c : 2 : ittapi_config_apply_per_lib :  ITTAPI function not implemented: __itt_id_create
3044 : 0xbfcd9fb252 : 2 : ittapi_config_apply_per_lib :  ITTAPI function not implemented: __itt_id_destroy
3044 : 0xbfcd9fb258 : 2 : ittapi_config_apply_per_lib :  ITTAPI function instrumented: __itt_get_timestamp
3044 : 0xbfcd9fb25d : 2 : ittapi_config_apply_per_lib :  ITTAPI function not implemented: __itt_region_begin
3044 : 0xbfcd9fb263 : 2 : ittapi_config_apply_per_lib :  ITTAPI function not implemented: __itt_region_end
3044 : 0xbfcd9fb269 : 2 : ittapi_config_apply_per_lib :  ITTAPI function instrumented: __itt_frame_begin_v3
3044 : 0xbfcd9fb26f : 2 : ittapi_config_apply_per_lib :  ITTAPI function instrumented: __itt_frame_end_v3
3044 : 0xbfcd9fb274 : 2 : ittapi_config_apply_per_lib :  ITTAPI function instrumented: __itt_frame_submit_v3
3044 : 0xbfcd9fb279 : 2 : ittapi_config_apply_per_lib :  ITTAPI function NOT instrumented (not matched by --itt-config option): __itt_task_group

3044 : 0xbfcd9fb28a : 2 : ittapi_config_apply_per_lib :  ITTAPI function NOT instrumented (not matched by --itt-config option): __itt_task_begin

3044 : 0xbfcd9fb291 : 2 : ittapi_config_apply_per_lib :  ITTAPI function NOT instrumented (not matched by --itt-config option): __itt_task_begin_fn

3044 : 0xbfcd9fb297 : 2 : ittapi_config_apply_per_lib :  ITTAPI function NOT instrumented (not matched by --itt-config option): __itt_task_end

3044 : 0xbfcd9fb29e : 2 : ittapi_config_apply_per_lib :  ITTAPI function NOT instrumented (not matched by --itt-config option): __itt_counter_inc_v3

3044 : 0xbfcd9fb2a5 : 2 : ittapi_config_apply_per_lib :  ITTAPI function NOT instrumented (not matched by --itt-config option): __itt_counter_inc_delta_v3

3044 : 0xbfcd9fb2ae : 2 : ittapi_config_apply_per_lib :  ITTAPI function not implemented: __itt_marker
3044 : 0xbfcd9fb2b5 : 2 : ittapi_config_apply_per_lib :  ITTAPI function instrumented: __itt_metadata_add
3044 : 0xbfcd9fb2bb : 2 : ittapi_config_apply_per_lib :  ITTAPI function not implemented: __itt_metadata_str_addA
3044 : 0xbfcd9fb2c2 : 2 : ittapi_config_apply_per_lib :  ITTAPI function not implemented: __itt_metadata_str_addW
3044 : 0xbfcd9fb2c9 : 2 : ittapi_config_apply_per_lib :  ITTAPI function not implemented: __itt_relation_add_to_current
3044 : 0xbfcd9fb2d9 : 2 : ittapi_config_apply_per_lib :  ITTAPI function not implemented: __itt_relation_add
3044 : 0xbfcd9fb2e0 : 2 : ittapi_config_apply_per_lib :  ITTAPI function instrumented: __itt_event_createA
3044 : 0xbfcd9fb2e7 : 2 : ittapi_config_apply_per_lib :  ITTAPI function instrumented: __itt_event_createW
3044 : 0xbfcd9fb2ec : 2 : ittapi_config_apply_per_lib :  ITTAPI function NOT instrumented (not matched by --itt-config option): __itt_event_start

3044 : 0xbfcd9fb2f4 : 2 : ittapi_config_apply_per_lib :  ITTAPI function NOT instrumented (not matched by --itt-config option): __itt_event_end

3044 : 0xbfcd9fb2fb : 2 : ittapi_config_apply_per_lib :  ITTAPI function NOT instrumented (not matched by --itt-config option): __itt_sync_set_nameA

3044 : 0xbfcd9fb302 : 2 : ittapi_config_apply_per_lib :  ITTAPI function NOT instrumented (not matched by --itt-config option): __itt_sync_set_nameW

3044 : 0xbfcd9fb309 : 2 : ittapi_config_apply_per_lib :  ITTAPI function NOT instrumented (not matched by --itt-config option): __itt_notify_sync_nameA

3044 : 0xbfcd9fb312 : 2 : ittapi_config_apply_per_lib :  ITTAPI function NOT instrumented (not matched by --itt-config option): __itt_notify_sync_nameW

3044 : 0xbfcd9fb319 : 2 : ittapi_config_apply_per_lib :  ITTAPI function NOT instrumented (not matched by --itt-config option): __itt_notify_sync_prepare

3044 : 0xbfcd9fb327 : 2 : ittapi_config_apply_per_lib :  ITTAPI function NOT instrumented (not matched by --itt-config option): __itt_notify_sync_cancel

3044 : 0xbfcd9fb32f : 2 : ittapi_config_apply_per_lib :  ITTAPI function NOT instrumented (not matched by --itt-config option): __itt_notify_sync_acquired

3044 : 0xbfcd9fb337 : 2 : ittapi_config_apply_per_lib :  ITTAPI function NOT instrumented (not matched by --itt-config option): __itt_notify_sync_releasing

3044 : 0xbfcd9fb33f : 2 : ittapi_config_apply_per_lib :  ITTAPI function not implemented: __itt_memory_read
3044 : 0xbfcd9fb346 : 2 : ittapi_config_apply_per_lib :  ITTAPI function not implemented: __itt_memory_write
3044 : 0xbfcd9fb34d : 2 : ittapi_config_apply_per_lib :  ITTAPI function not implemented: __itt_memory_update
3044 : 0xbfcd9fb353 : 2 : ittapi_config_apply_per_lib :  ITTAPI function not implemented: __itt_state_get
3044 : 0xbfcd9fb35a : 2 : ittapi_config_apply_per_lib :  ITTAPI function not implemented: __itt_state_set
3044 : 0xbfcd9fb361 : 2 : ittapi_config_apply_per_lib :  ITTAPI function not implemented: __itt_obj_mode_set
3044 : 0xbfcd9fb367 : 2 : ittapi_config_apply_per_lib :  ITTAPI function not implemented: __itt_thr_mode_set
3044 : 0xbfcd9fb3d2 : 2 : ittapi_config_apply_per_lib :  ITTAPI function instrumented: __itt_frame_createA
3044 : 0xbfcd9fb3da : 2 : ittapi_config_apply_per_lib :  ITTAPI function instrumented: __itt_frame_createW
3044 : 0xbfcd9fb3e0 : 2 : ittapi_config_apply_per_lib :  ITTAPI function instrumented: __itt_frame_begin
3044 : 0xbfcd9fb3e6 : 2 : ittapi_config_apply_per_lib :  ITTAPI function instrumented: __itt_frame_end
3044 : 0xbfcd9fb3ec : 2 : ittapi_config_apply_per_lib :  ITTAPI function instrumented: __itt_counter_createA
3044 : 0xbfcd9fb3f2 : 2 : ittapi_config_apply_per_lib :  ITTAPI function instrumented: __itt_counter_createW
3044 : 0xbfcd9fb3f8 : 2 : ittapi_config_apply_per_lib :  ITTAPI function NOT instrumented (not matched by --itt-config option): __itt_counter_destroy

3044 : 0xbfcd9fb3ff : 2 : ittapi_config_apply_per_lib :  ITTAPI function NOT instrumented (not matched by --itt-config option): __itt_counter_inc

3044 : 0xbfcd9fb406 : 2 : ittapi_config_apply_per_lib :  ITTAPI function NOT instrumented (not matched by --itt-config option): __itt_counter_inc_delta

3044 : 0xbfcd9fb40f : 2 : ittapi_config_apply_per_lib :  ITTAPI function not implemented: __itt_mark_createA
3044 : 0xbfcd9fb420 : 2 : ittapi_config_apply_per_lib :  ITTAPI function not implemented: __itt_mark_createW
3044 : 0xbfcd9fb427 : 2 : ittapi_config_apply_per_lib :  ITTAPI function not implemented: __itt_markA
3044 : 0xbfcd9fb42d : 2 : ittapi_config_apply_per_lib :  ITTAPI function not implemented: __itt_markW
3044 : 0xbfcd9fb434 : 2 : ittapi_config_apply_per_lib :  ITTAPI function not implemented: __itt_mark_off
3044 : 0xbfcd9fb43a : 2 : ittapi_config_apply_per_lib :  ITTAPI function not implemented: __itt_mark_globalA
3044 : 0xbfcd9fb441 : 2 : ittapi_config_apply_per_lib :  ITTAPI function not implemented: __itt_mark_globalW
3044 : 0xbfcd9fb448 : 2 : ittapi_config_apply_per_lib :  ITTAPI function not implemented: __itt_mark_global_off
3044 : 0xbfcd9fb44e : 2 : ittapi_config_apply_per_lib :  ITTAPI function NOT instrumented (not matched by --itt-config option): __itt_stack_caller_create

3044 : 0xbfcd9fb456 : 2 : ittapi_config_apply_per_lib :  ITTAPI function NOT instrumented (not matched by --itt-config option): __itt_stack_caller_destroy

3044 : 0xbfcd9fb45d : 2 : ittapi_config_apply_per_lib :  ITTAPI function NOT instrumented (not matched by --itt-config option): __itt_stack_callee_enter

3044 : 0xbfcd9fb46c : 2 : ittapi_config_apply_per_lib :  ITTAPI function NOT instrumented (not matched by --itt-config option): __itt_stack_callee_leave

3044 : 0xbfcd9fb476 : 2 : ittapi_config_apply_per_lib :  ITTAPI function not implemented: __itt_clock_domain_create
3044 : 0xbfcd9fb47d : 2 : ittapi_config_apply_per_lib :  ITTAPI function not implemented: __itt_clock_domain_reset
3044 : 0xbfcd9fb484 : 2 : ittapi_config_apply_per_lib :  ITTAPI function not implemented: __itt_id_create_ex
3044 : 0xbfcd9fb48b : 2 : ittapi_config_apply_per_lib :  ITTAPI function not implemented: __itt_id_destroy_ex
3044 : 0xbfcd9fb490 : 2 : ittapi_config_apply_per_lib :  ITTAPI function NOT instrumented (not matched by --itt-config option): __itt_task_begin_ex

3044 : 0xbfcd9fb498 : 2 : ittapi_config_apply_per_lib :  ITTAPI function NOT instrumented (not matched by --itt-config option): __itt_task_begin_fn_ex

3044 : 0xbfcd9fb49f : 2 : ittapi_config_apply_per_lib :  ITTAPI function NOT instrumented (not matched by --itt-config option): __itt_task_end_ex

3044 : 0xbfcd9fb4a5 : 2 : ittapi_config_apply_per_lib :  ITTAPI function NOT instrumented (not matched by --itt-config option): __itt_task_begin_overlapped

3044 : 0xbfcd9fb4ad : 2 : ittapi_config_apply_per_lib :  ITTAPI function NOT instrumented (not matched by --itt-config option): __itt_task_begin_overlapped_ex

3044 : 0xbfcd9fb4ba : 2 : ittapi_config_apply_per_lib :  ITTAPI function NOT instrumented (not matched by --itt-config option): __itt_task_end_overlapped

3044 : 0xbfcd9fb4c1 : 2 : ittapi_config_apply_per_lib :  ITTAPI function NOT instrumented (not matched by --itt-config option): __itt_task_end_overlapped_ex

3044 : 0xbfcd9fb4c9 : 2 : ittapi_config_apply_per_lib :  ITTAPI function not implemented: __itt_marker_ex
3044 : 0xbfcd9fb4cf : 2 : ittapi_config_apply_per_lib :  ITTAPI function not implemented: __itt_metadata_add_with_scope
3044 : 0xbfcd9fb4d6 : 2 : ittapi_config_apply_per_lib :  ITTAPI function not implemented: __itt_metadata_str_add_with_scopeA
3044 : 0xbfcd9fb4dc : 2 : ittapi_config_apply_per_lib :  ITTAPI function not implemented: __itt_metadata_str_add_with_scopeW
3044 : 0xbfcd9fb4e4 : 2 : ittapi_config_apply_per_lib :  ITTAPI function not implemented: __itt_relation_add_to_current_ex
3044 : 0xbfcd9fb4eb : 2 : ittapi_config_apply_per_lib :  ITTAPI function not implemented: __itt_relation_add_ex
3044 : 0xbfcd9fb4f2 : 2 : ittapi_config_apply_per_lib :  ITTAPI function not implemented: __itt_track_group_create
3044 : 0xbfcd9fb4f8 : 2 : ittapi_config_apply_per_lib :  ITTAPI function not implemented: __itt_track_create
3044 : 0xbfcd9fb509 : 2 : ittapi_config_apply_per_lib :  ITTAPI function not implemented: __itt_set_track
3044 : 0xbfcd9fb514 : 2 : ittapi_config_apply_per_lib :  ITTAPI function instrumented: __itt_api_version
3044 : 0xbfcd9fb51a : 2 : ittapi_config_apply_per_lib :  ITTAPI function not implemented: __itt_av_saveA
3044 : 0xbfcd9fb520 : 2 : ittapi_config_apply_per_lib :  ITTAPI function not implemented: __itt_av_saveW