
4740 : 0x10803c495ff : 2 : ittapi_config_mask_get :  --itt-config mask to be applied: 1
4740 : 0x10803c49634 : 2 : ittapi_config_apply_per_lib :  ITTAPI function instrumented: __itt_domain_createA
4740 : 0x10803c49639 : 2 : ittapi_config_apply_per_lib :  ITTAPI function instrumented: __itt_domain_createW
4740 : 0x10803c4963e : 2 : ittapi_config_apply_per_lib :  ITTAPI function instrumented: __itt_string_handle_createA
4740 : 0x10803c49642 : 2 : ittapi_config_apply_per_lib :  ITTAPI function instrumented: __itt_string_handle_createW
4740 : 0x10803c49647 : 2 : ittapi_config_apply_per_lib :  ITTAPI function instrumented: __itt_pause
4740 : 0x10803c4964d : 2 : ittapi_config_apply_per_lib :  ITTAPI function instrumented: __itt_resume
4740 : 0x10803c49653 : 2 : ittapi_config_apply_per_lib :  ITTAPI function instrumented: __itt_thread_set_nameA
4740 : 0x10803c49658 : 2 : ittapi_config_apply_per_lib :  ITTAPI function instrumented: __itt_thread_set_nameW
4740 : 0x10803c4965e : 2 : ittapi_config_apply_per_lib :  ITTAPI function instrumented: __itt_thread_ignore
4740 : 0x10803c496e9 : 2 : ittapi_config_apply_per_lib :  ITTAPI function instrumented: __itt_thr_name_setA
4740 : 0x10803c496ef : 2 : ittapi_config_apply_per_lib :  ITTAPI function instrumented: __itt_thr_name_setW
4740 : 0x10803c496f3 : 2 : ittapi_config_apply_per_lib :  ITTAPI function instrumented: __itt_thr_ignore
4740 : 0x10803c496f9 : 2 : ittapi_config_apply_per_lib :  ITTAPI function not implemented: __itt_enable_attach
4740 : 0x10803c496fd : 2 : ittapi_config_apply_per_lib :  ITTAPI function instrumented: __itt_detach
4740 : 0x10803c49701 : 2 : ittapi_config_apply_per_lib :  ITTAPI function NOT instrumented (not matched by --itt-config option): __itt_sync_createA

4740 : 0x10803c49706 : 2 : ittapi_config_apply_per_lib :  ITTAPI function NOT instrumented (not matched by --itt-config option): __itt_sync_createW

4740 : 0x10803c4970b : 2 : ittapi_config_apply_per_lib :  ITTAPI function NOT instrumented (not matched by --itt-config option): __itt_sync_renameA

4740 : 0x10803c4970f : 2 : ittapi_config_apply_per_lib :  ITTAPI function NOT instrumented (not matched by --itt-config option): __itt_sync_renameW

4740 : 0x10803c49714 : 2 : ittapi_config_apply_per_lib :  ITTAPI function NOT instrumented (not matched by --itt-config option): __itt_sync_destroy

4740 : 0x10803c49724 : 2 : ittapi_config_apply_per_lib :  ITTAPI function NOT instrumented (not matched by --itt-config option): __itt_sync_prepare

4740 : 0x10803c49728 : 2 : ittapi_config_apply_per_lib :  ITTAPI function NOT instrumented (not matched by --itt-config option): __itt_sync_cancel

4740 : 0x10803c4972d : 2 : ittapi_config_apply_per_lib :  ITTAPI function NOT instrumented (not matched by --itt-config option): __itt_sync_acquired

4740 : 0x10803c49731 : 2 : ittapi_config_apply_per_lib :  ITTAPI function NOT instrumented (not matched by --itt-config option): __itt_sync_releasing

4740 : 0x10803c4973c : 2 : ittapi_config_apply_per_lib :  ITTAPI function not implemented: __itt_suppress_push
4740 : 0x10803c49740 : 2 : ittapi_config_apply_per_lib :  ITTAPI function not implemented: __itt_suppress_pop
4740 : 0x10803c49744 : 2 : ittapi_config_apply_per_lib :  ITTAPI function not implemented: __itt_suppress_mark_range
4740 : 0x10803c49748 : 2 : ittapi_config_apply_per_lib :  ITTAPI function not implemented: __itt_suppress_clear_range
4740 : 0x10803c4974c : 2 : ittapi_config_apply_per_lib :  ITTAPI function NOT instrumented (not matched by --itt-config option): __itt_sync_prepare

4740 : 0x10803c49750 : 2 : ittapi_config_apply_per_lib :  ITTAPI function NOT instrumented (not matched by --itt-config option): __itt_sync_cancel

4740 : 0x10803c4975b : 2 : ittapi_config_apply_per_lib :  ITTAPI function NOT instrumented (not matched by --itt-config option): __itt_sync_acquired

4740 : 0x10803c4975f : 2 : ittapi_config_apply_per_lib :  ITTAPI function NOT instrumented (not matched by --itt-config option): __itt_sync_releasing

4740 : 0x10803c49765 : 2 : ittapi_config_apply_per_lib :  ITTAPI function not implemented: __itt_model_site_begin
4740 : 0x10803c49769 : 2 : ittapi_config_apply_per_lib :  ITTAPI function not implemented: __itt_model_site_end
4740 : 0x10803c4976d : 2 : ittapi_config_apply_per_lib :  ITTAPI function not implemented: __itt_model_task_begin
4740 : 0x10803c49771 : 2 : ittapi_config_apply_per_lib :  ITTAPI function not implemented: __itt_model_task_end
4740 : 0x10803c49775 : 2 : ittapi_config_apply_per_lib :  ITTAPI function not implemented: __itt_model_lock_acquire
4740 : 0x10803c49779 : 2 : ittapi_config_apply_per_lib :  ITTAPI function not implemented: __itt_model_lock_release
4740 : 0x10803c4977d : 2 : ittapi_config_apply_per_lib :  ITTAPI function not implemented: __itt_model_record_allocation
4740 : 0x10803c49781 : 2 : ittapi_config_apply_per_lib :  ITTAPI function not implemented: __itt_model_record_deallocation
4740 : 0x10803c497bf : 2 : ittapi_config_apply_per_lib :  ITTAPI function not implemented: __itt_model_induction_uses
4740 : 0x10803c497c4 : 2 : ittapi_config_apply_per_lib :  ITTAPI function not implemented: __itt_model_reduction_uses
4740 : 0x10803c497c8 : 2 : ittapi_config_apply_per_lib :  ITTAPI function not implemented: __itt_model_observe_uses
4740 : 0x10803c497cc : 2 : ittapi_config_apply_per_lib :  ITTAPI function not implemented: __itt_model_clear_uses
4740 : 0x10803c497d1 : 2 : ittapi_config_apply_per_lib :  ITTAPI function not implemented: __itt_model_site_beginW
4740 : 0x10803c497d7 : 2 : ittapi_config_apply_per_lib :  ITTAPI function not implemented: __itt_model_task_beginW
4740 : 0x10803c497dd : 2 : ittapi_config_apply_per_lib :  ITTAPI function not implemented: __itt_model_iteration_taskW
4740 : 0x10803c497e2 : 2 : ittapi_config_apply_per_lib :  ITTAPI function not implemented: __itt_model_site_beginA
4740 : 0x10803c497e8 : 2 : ittapi_config_apply_per_lib :  ITTAPI function not implemented: __itt_model_site_beginAL
4740 : 0x10803c497ee : 2 : ittapi_config_apply_per_lib :  ITTAPI function not implemented: __itt_model_task_beginA
4740 : 0x10803c49800 : 2 : ittapi_config_apply_per_lib :  ITTAPI function not implemented: __itt_model_task_beginAL
4740 : 0x10803c49807 : 2 : ittapi_config_apply_per_lib :  ITTAPI function not implemented: __itt_model_iteration_taskA
4740 : 0x10803c4980d : 2 : ittapi_config_apply_per_lib :  ITTAPI function not implemented: __itt_model_iteration_taskAL
4740 : 0x10803c49814 : 2 : ittapi_config_apply_per_lib :  ITTAPI function not implemented: __itt_model_site_end_2
4740 : 0x10803c4981a : 2 : ittapi_config_apply_per_lib :  ITTAPI function not implemented: __itt_model_task_end_2
4740 : 0x10803c49820 : 2 : ittapi_config_apply_per_lib :  ITTAPI function not implemented: __itt_model_lock_acquire_2
4740 : 0x10803c49827 : 2 : ittapi_config_apply_per_lib :  ITTAPI function not implemented: __itt_model_lock_release_2
4740 : 0x10803c4982c : 2 : ittapi_config_apply_per_lib :  ITTAPI function not implemented: __itt_model_aggregate_task
4740 : 0x10803c49832 : 2 : ittapi_config_apply_per_lib :  ITTAPI function not implemented: __itt_model_disable_push
4740 : 0x10803c49838 : 2 : ittapi_config_apply_per_lib :  ITTAPI function not implemented: __itt_model_disable_pop
4740 : 0x10803c49847 : 2 : ittapi_config_apply_per_lib :  ITTAPI function instrumented: __itt_heap_function_createA
4740 : 0x10803c4984d : 2 : ittapi_config_apply_per_lib :  ITTAPI function instrumented: __itt_heap_function_createW
4740 : 0x10803c49853 : 2 : ittapi_config_apply_per_lib :  ITTAPI function instrumented: __itt_heap_allocate_begin
4740 : 0x10803c4985a : 2 : ittapi_config_apply_per_lib :  ITTAPI function instrumented: __itt_heap_allocate_end
4740 : 0x10803c4985f : 2 : ittapi_config_apply_per_lib :  ITTAPI function instrumented: __itt_heap_free_begin
4740 : 0x10803c49865 : 2 : ittapi_config_apply_per_lib :  ITTAPI function instrumented: __itt_heap_free_end
4740 : 0x10803c4986a : 2 : ittapi_config_apply_per_lib :  ITTAPI function instrumented: __itt_heap_reallocate_begin
4740 : 0x10803c4986f : 2 : ittapi_config_apply_per_lib :  ITTAPI function instrumented: __itt_heap_reallocate_end
4740 : 0x10803c49875 : 2 : ittapi_config_apply_per_lib :  ITTAPI function not implemented: __itt_heap_internal_access_begin
4740 : 0x10803c4987b : 2 : ittapi_config_apply_per_lib :  ITTAPI function not implemented: __itt_heap_internal_access_end
4740 : 0x10803c4988c : 2 : ittapi_config_apply_per_lib :  ITTAPI function not implemented: __itt_heap_record_memory_growth_begin
4740 : 0x10803c49892 : 2 : ittapi_config_apply_per_lib :  ITTAPI function not implemented: __itt_heap_record_memory_growth_end
4740 : 0x10803c49896 : 2 : ittapi_config_apply_per_lib :  ITTAPI function not implemented: __itt_heap_reset_detection
4740 : 0x10803c4989a : 2 : ittapi_config_apply_per_lib :  ITTAPI function not implemented: __itt_heap_record
4740 : 0x10803c4989e : 2 : ittapi_config_apply_per_lib :  ITTAPI function not implemented: __itt_id_create
4740 : 0x10803c498a2 : 2 : ittapi_config_apply_per_lib :  ITTAPI function not implemented: __itt_id_destroy
4740 : 0x10803c498a6 : 2 : ittapi_config_apply_per_lib :  ITTAPI function instrumented: __itt_get_timestamp
4740 : 0x10803c498aa : 2 : ittapi_config_apply_per_lib :  ITTAPI function not implemented: __itt_region_begin
4740 : 0x10803c498ae : 2 : ittapi_config_apply_per_lib :  ITTAPI function not implemented: __itt_region_end
4740 : 0x10803c498b2 : 2 : ittapi_config_apply_per_lib :  ITTAPI function instrumented: __itt_frame_begin_v3
4740 : 0x10803c498bd : 2 : ittapi_config_apply_per_lib :  ITTAPI function instrumented: __itt_frame_end_v3
4740 : 0x10803c498c1 : 2 : ittapi_config_apply_per_lib :  ITTAPI function instrumented: __itt_frame_submit_v3
4740 : 0x10803c498c5 : 2 : ittapi_config_apply_per_lib :  ITTAPI function NOT instrumented (not matched by --itt-config option): __itt_task_group

4740 : 0x10803c498c9 : 2 : ittapi_config_apply_per_lib :  ITTAPI function NOT instrumented (not matched by --itt-config option): __itt_task_begin

4740 : 0x10803c498ce : 2 : ittapi_config_apply_per_lib :  ITTAPI function NOT instrumented (not matched by --itt-config option): __itt_task_begin_fn

4740 : 0x10803c498d2 : 2 : ittapi_config_apply_per_lib :  ITTAPI function NOT instrumented (not matched by --itt-config option): __itt_task_end

4740 : 0x10803c498d7 : 2 : ittapi_config_apply_per_lib :  ITTAPI function NOT instrumented (not matched by --itt-config option): __itt_counter_inc_v3

4740 : 0x10803c498db : 2 : ittapi_config_apply_per_lib :  ITTAPI function NOT instrumented (not matched by --itt-config option): __itt_counter_inc_delta_v3

4740 : 0x10803c498e1 : 2 : ittapi_config_apply_per_lib :  ITTAPI function not implemented: __itt_marker
4740 : 0x10803c498e4 : 2 : ittapi_config_apply_per_lib :  ITTAPI function instrumented: __itt_metadata_add
4740 : 0x10803c498ee : 2 : ittapi_config_apply_per_lib :  ITTAPI function not implemented: __itt_metadata_str_addA
4740 : 0x10803c498f2 : 2 : ittapi_config_apply_per_lib :  ITTAPI function not implemented: __itt_metadata_str_addW
4740 : 0x10803c498f6 : 2 : ittapi_config_apply_per_lib :  ITTAPI function not implemented: __itt_relation_add_to_current
4740 : 0x10803c498fa : 2 : ittapi_config_apply_per_lib :  ITTAPI function not implemented: __itt_relation_add
4740 : 0x10803c498fe : 2 : ittapi_config_apply_per_lib :  ITTAPI function instrumented: __itt_event_createA
4740 : 0x10803c49902 : 2 : ittapi_config_apply_per_lib :  ITTAPI function instrumented: __itt_event_createW
4740 : 0x10803c49905 : 2 : ittapi_config_apply_per_lib :  ITTAPI function NOT instrumented (not matched by --itt-config option): __itt_event_start

4740 : 0x10803c4990a : 2 : ittapi_config_apply_per_lib :  ITTAPI function NOT instrumented (not matched by --itt-config option): __itt_event_end

4740 : 0x10803c4990e : 2 : ittapi_config_apply_per_lib :  ITTAPI function NOT instrumented (not matched by --itt-config option): __itt_sync_set_nameA

4740 : 0x10803c49913 : 2 : ittapi_config_apply_per_lib :  ITTAPI function NOT instrumented (not matched by --itt-config option): __itt_sync_set_nameW

4740 : 0x10803c4991c : 2 : ittapi_config_apply_per_lib :  ITTAPI function NOT instrumented (not matched by --itt-config option): __itt_notify_sync_nameA

4740 : 0x10803c49920 : 2 : ittapi_config_apply_per_lib :  ITTAPI function NOT instrumented (not matched by --itt-config option): __itt_notify_sync_nameW

4740 : 0x10803c49924 : 2 : ittapi_config_apply_per_lib :  ITTAPI function NOT instrumented (not matched by --itt-config option): __itt_notify_sync_prepare

4740 : 0x10803c49929 : 2 : ittapi_config_apply_per_lib :  ITTAPI function NOT instrumented (not matched by --itt-config option): __itt_notify_sync_cancel

4740 : 0x10803c4992d : 2 : ittapi_config_apply_per_lib :  ITTAPI function NOT instrumented (not matched by --itt-config option): __itt_notify_sync_acquired

4740 : 0x10803c49932 : 2 : ittapi_config_apply_per_lib :  ITTAPI function NOT instrumented (not matched by --itt-config option): __itt_notify_sync_releasing

4740 : 0x10803c49937 : 2 : ittapi_config_apply_per_lib :  ITTAPI function not implemented: __itt_memory_read
4740 : 0x10803c4993b : 2 : ittapi_config_apply_per_lib :  ITTAPI function not implemented: __itt_memory_write
4740 : 0x10803c4993e : 2 : ittapi_config_apply_per_lib :  ITTAPI function not implemented: __itt_memory_update
4740 : 0x10803c49943 : 2 : ittapi_config_apply_per_lib :  ITTAPI function not implemented: __itt_state_get
4740 : 0x10803c49950 : 2 : ittapi_config_apply_per_lib :  ITTAPI function not implemented: __itt_state_set
4740 : 0x10803c49957 : 2 : ittapi_config_apply_per_lib :  ITTAPI function not implemented: __itt_obj_mode_set
4740 : 0x10803c4995d : 2 : ittapi_config_apply_per_lib :  ITTAPI function not implemented: __itt_thr_mode_set
4740 : 0x10803c49963 : 2 : ittapi_config_apply_per_lib :  ITTAPI function instrumented: __itt_frame_createA
4740 : 0x10803c49968 : 2 : ittapi_config_apply_per_lib :  ITTAPI function instrumented: __itt_frame_createW
4740 : 0x10803c4996e : 2 : ittapi_config_apply_per_lib :  ITTAPI function instrumented: __itt_frame_begin
4740 : 0x10803c49974 : 2 : ittapi_config_apply_per_lib :  ITTAPI function instrumented: __itt_frame_end
4740 : 0x10803c4997b : 2 : ittapi_config_apply_per_lib :  ITTAPI function instrumented: __itt_counter_createA
4740 : 0x10803c49980 : 2 : ittapi_config_apply_per_lib :  ITTAPI function instrumented: __itt_counter_createW
4740 : 0x10803c49985 : 2 : ittapi_config_apply_per_lib :  ITTAPI function NOT instrumented (not matched by --itt-config option): __itt_counter_destroy

4740 : 0x10803c49996 : 2 : ittapi_config_apply_per_lib :  ITTAPI function NOT instrumented (not matched by --itt-config option): __itt_counter_inc

4740 : 0x10803c4999d : 2 : ittapi_config_apply_per_lib :  ITTAPI function NOT instrumented (not matched by --itt-config option): __itt_counter_inc_delta

4740 : 0x10803c499a5 : 2 : ittapi_config_apply_per_lib :  ITTAPI function not implemented: __itt_mark_createA
4740 : 0x10803c499ab : 2 : ittapi_config_apply_per_lib :  ITTAPI function not implemented: __itt_mark_createW
4740 : 0x10803c499b1 : 2 : ittapi_config_apply_per_lib :  ITTAPI function not implemented: __itt_markA
4740 : 0x10803c499b7 : 2 : ittapi_config_apply_per_lib :  ITTAPI function not implemented: __itt_markW
4740 : 0x10803c499be : 2 : ittapi_config_apply_per_lib :  ITTAPI function not implemented: __itt_mark_off
4740 : 0x10803c499c4 : 2 : ittapi_config_apply_per_lib :  ITTAPI function not implemented: __itt_mark_globalA
4740 : 0x10803c499ca : 2 : ittapi_config_apply_per_lib :  ITTAPI function not implemented: __itt_mark_globalW
4740 : 0x10803c499d0 : 2 : ittapi_config_apply_per_lib :  ITTAPI function not implemented: __itt_mark_global_off
4740 : 0x10803c499dd : 2 : ittapi_config_apply_per_lib :  ITTAPI function NOT instrumented (not matched by --itt-config option): __itt_stack_caller_create

4740 : 0x10803c499ea : 2 : ittapi_config_apply_per_lib :  ITTAPI function NOT instrumented (not matched by --itt-config option): __itt_stack_caller_destroy

4740 : 0x10803c499f1 : 2 : ittapi_config_apply_per_lib :  ITTAPI function NOT instrumented (not matched by --itt-config option): __itt_stack_callee_enter

4740 : 0x10803c499f8 : 2 : ittapi_config_apply_per_lib :  ITTAPI function NOT instrumented (not matched by --itt-config option): __itt_stack_callee_leave

4740 : 0x10803c49a00 : 2 : ittapi_config_apply_per_lib :  ITTAPI function not implemented: __itt_clock_domain_create
4740 : 0x10803c49a07 : 2 : ittapi_config_apply_per_lib :  ITTAPI function not implemented: __itt_clock_domain_reset
4740 : 0x10803c49a0e : 2 : ittapi_config_apply_per_lib :  ITTAPI function not implemented: __itt_id_create_ex
4740 : 0x10803c49a13 : 2 : ittapi_config_apply_per_lib :  ITTAPI function not implemented: __itt_id_destroy_ex
4740 : 0x10803c49a19 : 2 : ittapi_config_apply_per_lib :  ITTAPI function NOT instrumented (not matched by --itt-config option): __itt_task_begin_ex

4740 : 0x10803c49a20 : 2 : ittapi_config_apply_per_lib :  ITTAPI function NOT instrumented (not matched by --itt-config option): __itt_task_begin_fn_ex

4740 : 0x10803c49a6a : 2 : ittapi_config_apply_per_lib :  ITTAPI function NOT instrumented (not matched by --itt-config option): __itt_task_end_ex

4740 : 0x10803c49a6f : 2 : ittapi_config_apply_per_lib :  ITTAPI function NOT instrumented (not matched by --itt-config option): __itt_task_begin_overlapped

4740 : 0x10803c49a74 : 2 : ittapi_config_apply_per_lib :  ITTAPI function NOT instrumented (not matched by --itt-config option): __itt_task_begin_overlapped_ex

4740 : 0x10803c49a79 : 2 : ittapi_config_apply_per_lib :  ITTAPI function NOT instrumented (not matched by --itt-config option): __itt_task_end_overlapped

4740 : 0x10803c49a7d : 2 : ittapi_config_apply_per_lib :  ITTAPI function NOT instrumented (not matched by --itt-config option): __itt_task_end_overlapped_ex

4740 : 0x10803c49a84 : 2 : ittapi_config_apply_per_lib :  ITTAPI function not implemented: __itt_marker_ex
4740 : 0x10803c49a88 : 2 : ittapi_config_apply_per_lib :  ITTAPI function not implemented: __itt_metadata_add_with_scope
4740 : 0x10803c49a8c : 2 : ittapi_config_apply_per_lib :  ITTAPI function not implemented: __itt_metadata_str_add_with_scopeA
4740 : 0x10803c49a91 : 2 : ittapi_config_apply_per_lib :  ITTAPI function not implemented: __itt_metadata_str_add_with_scopeW
4740 : 0x10803c49a95 : 2 : ittapi_config_apply_per_lib :  ITTAPI function not implemented: __itt_relation_add_to_current_ex
4740 : 0x10803c49aa1 : 2 : ittapi_config_apply_per_lib :  ITTAPI function not implemented: __itt_relation_add_ex
4740 : 0x10803c49aa5 : 2 : ittapi_config_apply_per_lib :  ITTAPI function not implemented: __itt_track_group_create
4740 : 0x10803c49aa9 : 2 : ittapi_config_apply_per_lib :  ITTAPI function not implemented: __itt_track_create
4740 : 0x10803c49aae : 2 : ittapi_config_apply_per_lib :  ITTAPI function not implemented: __itt_set_track
4740 : 0x10803c49ab2 : 2 : ittapi_config_apply_per_lib :  ITTAPI function instrumented: __itt_api_version
4740 : 0x10803c49ab6 : 2 : ittapi_config_apply_per_lib :  ITTAPI function not implemented: __itt_av_saveA
4740 : 0x10803c49ab9 : 2 : ittapi_config_apply_per_lib :  ITTAPI function not implemented: __itt_av_saveW
4740 : 0x10803c49f3f : 2 : ittapi_config_mask_get :  --itt-config mask to be applied: 1
4740 : 0x10803c49f4d : 2 : ittapi_config_apply_per_lib :  ITTAPI function instrumented: __itt_domain_createA
4740 : 0x10803c49f52 : 2 : ittapi_config_apply_per_lib :  ITTAPI function instrumented: __itt_domain_createW
4740 : 0x10803c49f6a : 2 : ittapi_config_apply_per_lib :  ITTAPI function instrumented: __itt_string_handle_createA
4740 : 0x10803c49f6f : 2 : ittapi_config_apply_per_lib :  ITTAPI function instrumented: __itt_string_handle_createW
4740 : 0x10803c49f75 : 2 : ittapi_config_apply_per_lib :  ITTAPI function instrumented: __itt_pause
4740 : 0x10803c49f79 : 2 : ittapi_config_apply_per_lib :  ITTAPI function instrumented: __itt_resume
4740 : 0x10803c49f7f : 2 : ittapi_config_apply_per_lib :  ITTAPI function instrumented: __itt_thread_set_nameA
4740 : 0x10803c49f84 : 2 : ittapi_config_apply_per_lib :  ITTAPI function instrumented: __itt_thread_set_nameW
4740 : 0x10803c49f89 : 2 : ittapi_config_apply_per_lib :  ITTAPI function instrumented: __itt_thread_ignore
4740 : 0x10803c49f8f : 2 : ittapi_config_apply_per_lib :  ITTAPI function instrumented: __itt_thr_name_setA
4740 : 0x10803c49f95 : 2 : ittapi_config_apply_per_lib :  ITTAPI function instrumented: __itt_thr_name_setW
4740 : 0x10803c49f9a : 2 : ittapi_config_apply_per_lib :  ITTAPI function instrumented: __itt_thr_ignore
4740 : 0x10803c49ff4 : 2 : ittapi_config_apply_per_lib :  ITTAPI function not implemented: __itt_enable_attach
4740 : 0x10803c49ff9 : 2 : ittapi_config_apply_per_lib :  ITTAPI function instrumented: __itt_detach
4740 : 0x10803c49ffc : 2 : ittapi_config_apply_per_lib :  ITTAPI function NOT instrumented (not matched by --itt-config option): __itt_sync_createA

4740 : 0x10803c4a001 : 2 : ittapi_config_apply_per_lib :  ITTAPI function NOT instrumented (not matched by --itt-config option): __itt_sync_createW

4740 : 0x10803c4a006 : 2 : ittapi_config_apply_per_lib :  ITTAPI function NOT instrumented (not matched by --itt-config option): __itt_sync_renameA

4740 : 0x10803c4a00a : 2 : ittapi_config_apply_per_lib :  ITTAPI function NOT instrumented (not matched by --itt-config option): __itt_sync_renameW

4740 : 0x10803c4a00f : 2 : ittapi_config_apply_per_lib :  ITTAPI function NOT instrumented (not matched by --itt-config option): __itt_sync_destroy

4740 : 0x10803c4a013 : 2 : ittapi_config_apply_per_lib :  ITTAPI function NOT instrumented (not matched by --itt-config option): __itt_sync_prepare

4740 : 0x10803c4a018 : 2 : ittapi_config_apply_per_lib :  ITTAPI function NOT instrumented (not matched by --itt-config option): __itt_sync_cancel

4740 : 0x10803c4a01c : 2 : ittapi_config_apply_per_lib :  ITTAPI function NOT instrumented (not matched by --itt-config option): __itt_sync_acquired

4740 : 0x10803c4a02d : 2 : ittapi_config_apply_per_lib :  ITTAPI function NOT instrumented (not matched by --itt-config option): __itt_sync_releasing

4740 : 0x10803c4a036 : 2 : ittapi_config_apply_per_lib :  ITTAPI function not implemented: __itt_suppress_push
4740 : 0x10803c4a03b : 2 : ittapi_config_apply_per_lib :  ITTAPI function not implemented: __itt_suppress_pop
4740 : 0x10803c4a03f : 2 : ittapi_config_apply_per_lib :  ITTAPI function not implemented: __itt_suppress_mark_range
4740 : 0x10803c4a044 : 2 : ittapi_config_apply_per_lib :  ITTAPI function not implemented: __itt_suppress_clear_range
4740 : 0x10803c4a047 : 2 : ittapi_config_apply_per_lib :  ITTAPI function NOT instrumented (not matched by --itt-config option): __itt_sync_prepare

4740 : 0x10803c4a04b : 2 : ittapi_config_apply_per_lib :  ITTAPI function NOT instrumented (not matched by --itt-config option): __itt_sync_cancel

4740 : 0x10803c4a050 : 2 : ittapi_config_apply_per_lib :  ITTAPI function NOT instrumented (not matched by --itt-config option): __itt_sync_acquired

4740 : 0x10803c4a054 : 2 : ittapi_config_apply_per_lib :  ITTAPI function NOT instrumented (not matched by --itt-config option): __itt_sync_releasing

4740 : 0x10803c4a059 : 2 : ittapi_config_apply_per_lib :  ITTAPI function not implemented: __itt_model_site_begin
4740 : 0x10803c4a063 : 2 : ittapi_config_apply_per_lib :  ITTAPI function not implemented: __itt_model_site_end
4740 : 0x10803c4a067 : 2 : ittapi_config_apply_per_lib :  ITTAPI function not implemented: __itt_model_task_begin
4740 : 0x10803c4a06b : 2 : ittapi_config_apply_per_lib :  ITTAPI function not implemented: __itt_model_task_end
4740 : 0x10803c4a070 : 2 : ittapi_config_apply_per_lib :  ITTAPI function not implemented: __itt_model_lock_acquire
4740 : 0x10803c4a074 : 2 : ittapi_config_apply_per_lib :  ITTAPI function not implemented: __itt_model_lock_release
4740 : 0x10803c4a078 : 2 : ittapi_config_apply_per_lib :  ITTAPI function not implemented: __itt_model_record_allocation
4740 : 0x10803c4a07c : 2 : ittapi_config_apply_per_lib :  ITTAPI function not implemented: __itt_model_record_deallocation
4740 : 0x10803c4a080 : 2 : ittapi_config_apply_per_lib :  ITTAPI function not implemented: __itt_model_induction_uses
4740 : 0x10803c4a084 : 2 : ittapi_config_apply_per_lib :  ITTAPI function not implemented: __itt_model_reduction_uses
4740 : 0x10803c4a088 : 2 : ittapi_config_apply_per_lib :  ITTAPI function not implemented: __itt_model_observe_uses
4740 : 0x10803c4a093 : 2 : ittapi_config_apply_per_lib :  ITTAPI function not implemented: __itt_model_clear_uses
4740 : 0x10803c4a097 : 2 : ittapi_config_apply_per_lib :  ITTAPI function not implemented: __itt_model_site_beginW
4740 : 0x10803c4a09b : 2 : ittapi_config_apply_per_lib :  ITTAPI function not implemented: __itt_model_task_beginW
4740 : 0x10803c4a09f : 2 : ittapi_config_apply_per_lib :  ITTAPI function not implemented: __itt_model_iteration_taskW
4740 : 0x10803c4a0a3 : 2 : ittapi_config_apply_per_lib :  ITTAPI function not implemented: __itt_model_site_beginA
4740 : 0x10803c4a0a8 : 2 : ittapi_config_apply_per_lib :  ITTAPI function not implemented: __itt_model_site_beginAL
4740 : 0x10803c4a0ac : 2 : ittapi_config_apply_per_lib :  ITTAPI function not implemented: __itt_model_task_beginA
4740 : 0x10803c4a0b0 : 2 : ittapi_config_apply_per_lib :  ITTAPI function not implemented: __itt_model_task_beginAL
4740 : 0x10803c4a0b4 : 2 : ittapi_config_apply_per_lib :  ITTAPI function not implemented: __itt_model_iteration_taskA
4740 : 0x10803c4a0b8 : 2 : ittapi_config_apply_per_lib :  ITTAPI function not implemented: __itt_model_iteration_taskAL
4740 : 0x10803c4a0c2 : 2 : ittapi_config_apply_per_lib :  ITTAPI function not implemented: __itt_model_site_end_2
4740 : 0x10803c4a0c6 : 2 : ittapi_config_apply_per_lib :  ITTAPI function not implemented: __itt_model_task_end_2
4740 : 0x10803c4a0ca : 2 : ittapi_config_apply_per_lib :  ITTAPI function not implemented: __itt_model_lock_acquire_2
4740 : 0x10803c4a0ce : 2 : ittapi_config_apply_per_lib :  ITTAPI function not implemented: __itt_model_lock_release_2
4740 : 0x10803c4a0d2 : 2 : ittapi_config_apply_per_lib :  ITTAPI function not implemented: __itt_model_aggregate_task
4740 : 0x10803c4a0d6 : 2 : ittapi_config_apply_per_lib :  ITTAPI function not implemented: __itt_model_disable_push
4740 : 0x10803c4a0da : 2 : ittapi_config_apply_per_lib :  ITTAPI function not implemented: __itt_model_disable_pop
4740 : 0x10803c4a0de : 2 : ittapi_config_apply_per_lib :  ITTAPI function instrumented: __itt_heap_function_createA
4740 : 0x10803c4a0e2 : 2 : ittapi_config_apply_per_lib :  ITTAPI function instrumented: __itt_heap_function_createW
4740 : 0x10803c4a0e6 : 2 : ittapi_config_apply_per_lib :  ITTAPI function instrumented: __itt_heap_allocate_begin
4740 : 0x10803c4a0ef : 2 : ittapi_config_apply_per_lib :  ITTAPI function instrumented: __itt_heap_allocate_end
4740 : 0x10803c4a0f3 : 2 : ittapi_config_apply_per_lib :  ITTAPI function instrumented: __itt_heap_free_begin
4740 : 0x10803c4a0f7 : 2 : ittapi_config_apply_per_lib :  ITTAPI function instrumented: __itt_heap_free_end
4740 : 0x10803c4a0fb : 2 : ittapi_config_apply_per_lib :  ITTAPI function instrumented: __itt_heap_reallocate_begin
4740 : 0x10803c4a0ff : 2 : ittapi_config_apply_per_lib :  ITTAPI function instrumented: __itt_heap_reallocate_end
4740 : 0x10803c4a103 : 2 : ittapi_config_apply_per_lib :  ITTAPI function not implemented: __itt_heap_internal_access_begin
4740 : 0x10803c4a107 : 2 : ittapi_config_apply_per_lib :  ITTAPI function not implemented: __itt_heap_internal_access_end
4740 : 0x10803c4a10b : 2 : ittapi_config_apply_per_lib :  ITTAPI function not implemented: __itt_heap_record_memory_growth_begin
4740 : 0x10803c4a110 : 2 : ittapi_config_apply_per_lib :  ITTAPI function not implemented: __itt_heap_record_memory_growth_end
4740 : 0x10803c4a114 : 2 : ittapi_config_apply_per_lib :  ITTAPI function not implemented: __itt_heap_reset_detection
4740 : 0x10803c4a11c : 2 : ittapi_config_apply_per_lib :  ITTAPI function not implemented: __itt_heap_record
4740 : 0x10803c4a120 : 2 : ittapi_config_apply_per_lib :  ITTAPI function not implemented: __itt_id_create
4740 : 0x10803c4a124 : 2 : ittapi_config_apply_per_lib :  ITTAPI function not implemented: __itt_id_destroy
4740 : 0x10803c4a128 : 2 : ittapi_config_apply_per_lib :  ITTAPI function instrumented: __itt_get_timestamp
4740 : 0x10803c4a12c : 2 : ittapi_config_apply_per_lib :  ITTAPI function not implemented: __itt_region_begin
4740 : 0x10803c4a130 : 2 : ittapi_config_apply_per_lib :  ITTAPI function not implemented: __itt_region_end
4740 : 0x10803c4a134 : 2 : ittapi_config_apply_per_lib :  ITTAPI function instrumented: __itt_frame_begin_v3
4740 : 0x10803c4a138 : 2 : ittapi_config_apply_per_lib :  ITTAPI function instrumented: __itt_frame_end_v3
4740 : 0x10803c4a13c : 2 : ittapi_config_apply_per_lib :  ITTAPI function instrumented: __itt_frame_submit_v3
4740 : 0x10803c4a13f : 2 : ittapi_config_apply_per_lib :  ITTAPI function NOT instrumented (not matched by --itt-config option): __itt_task_group

4740 : 0x10803c4a14a : 2 : ittapi_config_apply_per_lib :  ITTAPI function NOT instrumented (not matched by --itt-config option): __itt_task_begin

4740 : 0x10803c4a14f : 2 : ittapi_config_apply_per_lib :  ITTAPI function NOT instrumented (not matched by --itt-config option): __itt_task_begin_fn

4740 : 0x10803c4a153 : 2 : ittapi_config_apply_per_lib :  ITTAPI function NOT instrumented (not matched by --itt-config option): __itt_task_end

4740 : 0x10803c4a157 : 2 : ittapi_config_apply_per_lib :  ITTAPI function NOT instrumented (not matched by --itt-config option): __itt_counter_inc_v3

4740 : 0x10803c4a15c : 2 : ittapi_config_apply_per_lib :  ITTAPI function NOT instrumented (not matched by --itt-config option): __itt_counter_inc_delta_v3

4740 : 0x10803c4a167 : 2 : ittapi_config_apply_per_lib :  ITTAPI function not implemented: __itt_marker
4740 : 0x10803c4a16a : 2 : ittapi_config_apply_per_lib :  ITTAPI function instrumented: __itt_metadata_add
4740 : 0x10803c4a16e : 2 : ittapi_config_apply_per_lib :  ITTAPI function not implemented: __itt_metadata_str_addA
4740 : 0x10803c4a173 : 2 : ittapi_config_apply_per_lib :  ITTAPI function not implemented: __itt_metadata_str_addW
4740 : 0x10803c4a177 : 2 : ittapi_config_apply_per_lib :  ITTAPI function not implemented: __itt_relation_add_to_current
4740 : 0x10803c4a181 : 2 : ittapi_config_apply_per_lib :  ITTAPI function not implemented: __itt_relation_add
4740 : 0x10803c4a185 : 2 : ittapi_config_apply_per_lib :  ITTAPI function instrumented: __itt_event_createA
4740 : 0x10803c4a188 : 2 : ittapi_config_apply_per_lib :  ITTAPI function instrumented: __itt_event_createW
4740 : 0x10803c4a18c : 2 : ittapi_config_apply_per_lib :  ITTAPI function NOT instrumented (not matched by --itt-config option): __itt_event_start

4740 : 0x10803c4a190 : 2 : ittapi_config_apply_per_lib :  ITTAPI function NOT instrumented (not matched by --itt-config option): __itt_event_end

4740 : 0x10803c4a194 : 2 : ittapi_config_apply_per_lib :  ITTAPI function NOT instrumented (not matched by --itt-config option): __itt_sync_set_nameA

4740 : 0x10803c4a199 : 2 : ittapi_config_apply_per_lib :  ITTAPI function NOT instrumented (not matched by --itt-config option): __itt_sync_set_nameW

4740 : 0x10803c4a19d : 2 : ittapi_config_apply_per_lib :  ITTAPI function NOT instrumented (not matched by --itt-config option): __itt_notify_sync_nameA

4740 : 0x10803c4a1a1 : 2 : ittapi_config_apply_per_lib :  ITTAPI function NOT instrumented (not matched by --itt-config option): __itt_notify_sync_nameW

4740 : 0x10803c4a1a6 : 2 : ittapi_config_apply_per_lib :  ITTAPI function NOT instrumented (not matched by --itt-config option): __itt_notify_sync_prepare

4740 : 0x10803c4a1af : 2 : ittapi_config_apply_per_lib :  ITTAPI function NOT instrumented (not matched by --itt-config option): __itt_notify_sync_cancel

4740 : 0x10803c4a1b4 : 2 : ittapi_config_apply_per_lib :  ITTAPI function NOT instrumented (not matched by --itt-config option): __itt_notify_sync_acquired

4740 : 0x10803c4a1b8 : 2 : ittapi_config_apply_per_lib :  ITTAPI function NOT instrumented (not matched by --itt-config option): __itt_notify_sync_releasing

4740 : 0x10803c4a1be : 2 : ittapi_config_apply_per_lib :  ITTAPI function not implemented: __itt_memory_read
4740 : 0x10803c4a1c1 : 2 : ittapi_config_apply_per_lib :  ITTAPI function not implemented: __itt_memory_write
4740 : 0x10803c4a1c5 : 2 : ittapi_config_apply_per_lib :  ITTAPI function not implemented: __itt_memory_update
4740 : 0x10803c4a1ca : 2 : ittapi_config_apply_per_lib :  ITTAPI function not implemented: __itt_state_get
4740 : 0x10803c4a1ce : 2 : ittapi_config_apply_per_lib :  ITTAPI function not implemented: __itt_state_set
4740 : 0x10803c4a1d2 : 2 : ittapi_config_apply_per_lib :  ITTAPI function not implemented: __itt_obj_mode_set
4740 : 0x10803c4a1d6 : 2 : ittapi_config_apply_per_lib :  ITTAPI function not implemented: __itt_thr_mode_set
4740 : 0x10803c4a1e1 : 2 : ittapi_config_apply_per_lib :  ITTAPI function instrumented: __itt_frame_createA
4740 : 0x10803c4a1e4 : 2 : ittapi_config_apply_per_lib :  ITTAPI function instrumented: __itt_frame_createW
4740 : 0x10803c4a1e8 : 2 : ittapi_config_apply_per_lib :  ITTAPI function instrumented: __itt_frame_begin
4740 : 0x10803c4a1ec : 2 : ittapi_config_apply_per_lib :  ITTAPI function instrumented: __itt_frame_end
4740 : 0x10803c4a1f0 : 2 : ittapi_config_apply_per_lib :  ITTAPI function instrumented: __itt_counter_createA
4740 : 0x10803c4a1f4 : 2 : ittapi_config_apply_per_lib :  ITTAPI function instrumented: __itt_counter_createW
4740 : 0x10803c4a1f7 : 2 : ittapi_config_apply_per_lib :  ITTAPI function NOT instrumented (not matched by --itt-config option): __itt_counter_destroy

4740 : 0x10803c4a1fc : 2 : ittapi_config_apply_per_lib :  ITTAPI function NOT instrumented (not matched by --itt-config option): __itt_counter_inc

4740 : 0x10803c4a200 : 2 : ittapi_config_apply_per_lib :  ITTAPI function NOT instrumented (not matched by --itt-config option): __itt_counter_inc_delta

4740 : 0x10803c4a205 : 2 : ittapi_config_apply_per_lib :  ITTAPI function not implemented: __itt_mark_createA
4740 : 0x10803c4a20f : 2 : ittapi_config_apply_per_lib :  ITTAPI function not implemented: __itt_mark_createW
4740 : 0x10803c4a213 : 2 : ittapi_config_apply_per_lib :  ITTAPI function not implemented: __itt_markA
4740 : 0x10803c4a217 : 2 : ittapi_config_apply_per_lib :  ITTAPI function not implemented: __itt_markW
4740 : 0x10803c4a21b : 2 : ittapi_config_apply_per_lib :  ITTAPI function not implemented: __itt_mark_off
4740 : 0x10803c4a21f : 2 : ittapi_config_apply_per_lib :  ITTAPI function not implemented: __itt_mark_globalA
4740 : 0x10803c4a223 : 2 : ittapi_config_apply_per_lib :  ITTAPI function not implemented: __itt_mark_globalW
4740 : 0x10803c4a227 : 2 : ittapi_config_apply_per_lib :  ITTAPI function not implemented: __itt_mark_global_off
4740 : 0x10803c4a22a : 2 : ittapi_config_apply_per_lib :  ITTAPI function NOT instrumented (not matched by --itt-config option): __itt_stack_caller_create

4740 : 0x10803c4a22f : 2 : ittapi_config_apply_per_lib :  ITTAPI function NOT instrumented (not matched by --itt-config option): __itt_stack_caller_destroy

4740 : 0x10803c4a233 : 2 : ittapi_config_apply_per_lib :  ITTAPI function NOT instrumented (not matched by --itt-config option): __itt_stack_callee_enter

4740 : 0x10803c4a23c : 2 : ittapi_config_apply_per_lib :  ITTAPI function NOT instrumented (not matched by --itt-config option): __itt_stack_callee_leave

4740 : 0x10803c4a242 : 2 : ittapi_config_apply_per_lib :  ITTAPI function not implemented: __itt_clock_domain_create
4740 : 0x10803c4a246 : 2 : ittapi_config_apply_per_lib :  ITTAPI function not implemented: __itt_clock_domain_reset
4740 : 0x10803c4a24a : 2 : ittapi_config_apply_per_lib :  ITTAPI function not implemented: __itt_id_create_ex
4740 : 0x10803c4a24e : 2 : ittapi_config_apply_per_lib :  ITTAPI function not implemented: __itt_id_destroy_ex
4740 : 0x10803c4a251 : 2 : ittapi_config_apply_per_lib :  ITTAPI function NOT instrumented (not matched by --itt-config option): __itt_task_begin_ex

4740 : 0x10803c4a256 : 2 : ittapi_config_apply_per_lib :  ITTAPI function NOT instrumented (not matched by --itt-config option): __itt_task_begin_fn_ex

4740 : 0x10803c4a25a : 2 : ittapi_config_apply_per_lib :  ITTAPI function NOT instrumented (not matched by --itt-config option): __itt_task_end_ex

4740 : 0x10803c4a25e : 2 : ittapi_config_apply_per_lib :  ITTAPI function NOT instrumented (not matched by --itt-config option): __itt_task_begin_overlapped

4740 : 0x10803c4a263 : 2 : ittapi_config_apply_per_lib :  ITTAPI function NOT instrumented (not matched by --itt-config option): __itt_task_begin_overlapped_ex

4740 : 0x10803c4a26e : 2 : ittapi_config_apply_per_lib :  ITTAPI function NOT instrumented (not matched by --itt-config option): __itt_task_end_overlapped

4740 : 0x10803c4a272 : 2 : ittapi_config_apply_per_lib :  ITTAPI function NOT instrumented (not matched by --itt-config option): __itt_task_end_overlapped_ex

4740 : 0x10803c4a278 : 2 : ittapi_config_apply_per_lib :  ITTAPI function not implemented: __itt_marker_ex
4740 : 0x10803c4a27b : 2 : ittapi_config_apply_per_lib :  ITTAPI function not implemented: __itt_metadata_add_with_scope
4740 : 0x10803c4a280 : 2 : ittapi_config_apply_per_lib :  ITTAPI function not implemented: __itt_metadata_str_add_with_scopeA
4740 : 0x10803c4a284 : 2 : ittapi_config_apply_per_lib :  ITTAPI function not implemented: __itt_metadata_str_add_with_scopeW
4740 : 0x10803c4a288 : 2 : ittapi_config_apply_per_lib :  ITTAPI function not implemented: __itt_relation_add_to_current_ex
4740 : 0x10803c4a28c : 2 : ittapi_config_apply_per_lib :  ITTAPI function not implemented: __itt_relation_add_ex
4740 : 0x10803c4a291 : 2 : ittapi_config_apply_per_lib :  ITTAPI function not implemented: __itt_track_group_create
4740 : 0x10803c4a295 : 2 : ittapi_config_apply_per_lib :  ITTAPI function not implemented: __itt_track_create
4740 : 0x10803c4a29f : 2 : ittapi_config_apply_per_lib :  ITTAPI function not implemented: __itt_set_track
4740 : 0x10803c4a2a3 : 2 : ittapi_config_apply_per_lib :  ITTAPI function instrumented: __itt_api_version
4740 : 0x10803c4a2a7 : 2 : ittapi_config_apply_per_lib :  ITTAPI function not implemented: __itt_av_saveA
4740 : 0x10803c4a2ab : 2 : ittapi_config_apply_per_lib :  ITTAPI function not implemented: __itt_av_saveW