
2692 : 0x107f66d59c4 : 2 : ittapi_config_mask_get :  --itt-config mask to be applied: 1
2692 : 0x107f66d59d6 : 2 : ittapi_config_apply_per_lib :  ITTAPI function instrumented: __itt_domain_createA
2692 : 0x107f66d59fd : 2 : ittapi_config_apply_per_lib :  ITTAPI function instrumented: __itt_domain_createW
2692 : 0x107f66d5a01 : 2 : ittapi_config_apply_per_lib :  ITTAPI function instrumented: __itt_string_handle_createA
2692 : 0x107f66d5a05 : 2 : ittapi_config_apply_per_lib :  ITTAPI function instrumented: __itt_string_handle_createW
2692 : 0x107f66d5a0b : 2 : ittapi_config_apply_per_lib :  ITTAPI function instrumented: __itt_pause
2692 : 0x107f66d5a10 : 2 : ittapi_config_apply_per_lib :  ITTAPI function instrumented: __itt_resume
2692 : 0x107f66d5a16 : 2 : ittapi_config_apply_per_lib :  ITTAPI function instrumented: __itt_thread_set_nameA
2692 : 0x107f66d5a1b : 2 : ittapi_config_apply_per_lib :  ITTAPI function instrumented: __itt_thread_set_nameW
2692 : 0x107f66d5a22 : 2 : ittapi_config_apply_per_lib :  ITTAPI function instrumented: __itt_thread_ignore
2692 : 0x107f66d5aaa : 2 : ittapi_config_apply_per_lib :  ITTAPI function instrumented: __itt_thr_name_setA
2692 : 0x107f66d5ab2 : 2 : ittapi_config_apply_per_lib :  ITTAPI function instrumented: __itt_thr_name_setW
2692 : 0x107f66d5ab6 : 2 : ittapi_config_apply_per_lib :  ITTAPI function instrumented: __itt_thr_ignore
2692 : 0x107f66d5abf : 2 : ittapi_config_apply_per_lib :  ITTAPI function not implemented: __itt_enable_attach
2692 : 0x107f66d5ac3 : 2 : ittapi_config_apply_per_lib :  ITTAPI function instrumented: __itt_detach
2692 : 0x107f66d5ac7 : 2 : ittapi_config_apply_per_lib :  ITTAPI function NOT instrumented (not matched by --itt-config option): __itt_sync_createA

2692 : 0x107f66d5acd : 2 : ittapi_config_apply_per_lib :  ITTAPI function NOT instrumented (not matched by --itt-config option): __itt_sync_createW

2692 : 0x107f66d5ad2 : 2 : ittapi_config_apply_per_lib :  ITTAPI function NOT instrumented (not matched by --itt-config option): __itt_sync_renameA

2692 : 0x107f66d5ad6 : 2 : ittapi_config_apply_per_lib :  ITTAPI function NOT instrumented (not matched by --itt-config option): __itt_sync_renameW

2692 : 0x107f66d5ada : 2 : ittapi_config_apply_per_lib :  ITTAPI function NOT instrumented (not matched by --itt-config option): __itt_sync_destroy

2692 : 0x107f66d5aea : 2 : ittapi_config_apply_per_lib :  ITTAPI function NOT instrumented (not matched by --itt-config option): __itt_sync_prepare

2692 : 0x107f66d5aee : 2 : ittapi_config_apply_per_lib :  ITTAPI function NOT instrumented (not matched by --itt-config option): __itt_sync_cancel

2692 : 0x107f66d5af3 : 2 : ittapi_config_apply_per_lib :  ITTAPI function NOT instrumented (not matched by --itt-config option): __itt_sync_acquired

2692 : 0x107f66d5af7 : 2 : ittapi_config_apply_per_lib :  ITTAPI function NOT instrumented (not matched by --itt-config option): __itt_sync_releasing

2692 : 0x107f66d5b09 : 2 : ittapi_config_apply_per_lib :  ITTAPI function not implemented: __itt_suppress_push
2692 : 0x107f66d5b0e : 2 : ittapi_config_apply_per_lib :  ITTAPI function not implemented: __itt_suppress_pop
2692 : 0x107f66d5b12 : 2 : ittapi_config_apply_per_lib :  ITTAPI function not implemented: __itt_suppress_mark_range
2692 : 0x107f66d5b16 : 2 : ittapi_config_apply_per_lib :  ITTAPI function not implemented: __itt_suppress_clear_range
2692 : 0x107f66d5b1a : 2 : ittapi_config_apply_per_lib :  ITTAPI function NOT instrumented (not matched by --itt-config option): __itt_sync_prepare

2692 : 0x107f66d5b23 : 2 : ittapi_config_apply_per_lib :  ITTAPI function NOT instrumented (not matched by --itt-config option): __itt_sync_cancel

2692 : 0x107f66d5b2e : 2 : ittapi_config_apply_per_lib :  ITTAPI function NOT instrumented (not matched by --itt-config option): __itt_sync_acquired

2692 : 0x107f66d5b32 : 2 : ittapi_config_apply_per_lib :  ITTAPI function NOT instrumented (not matched by --itt-config option): __itt_sync_releasing

2692 : 0x107f66d5b38 : 2 : ittapi_config_apply_per_lib :  ITTAPI function not implemented: __itt_model_site_begin
2692 : 0x107f66d5b3c : 2 : ittapi_config_apply_per_lib :  ITTAPI function not implemented: __itt_model_site_end
2692 : 0x107f66d5b40 : 2 : ittapi_config_apply_per_lib :  ITTAPI function not implemented: __itt_model_task_begin
2692 : 0x107f66d5b44 : 2 : ittapi_config_apply_per_lib :  ITTAPI function not implemented: __itt_model_task_end
2692 : 0x107f66d5b48 : 2 : ittapi_config_apply_per_lib :  ITTAPI function not implemented: __itt_model_lock_acquire
2692 : 0x107f66d5b4c : 2 : ittapi_config_apply_per_lib :  ITTAPI function not implemented: __itt_model_lock_release
2692 : 0x107f66d5b50 : 2 : ittapi_config_apply_per_lib :  ITTAPI function not implemented: __itt_model_record_allocation
2692 : 0x107f66d5b54 : 2 : ittapi_config_apply_per_lib :  ITTAPI function not implemented: __itt_model_record_deallocation
2692 : 0x107f66d5b85 : 2 : ittapi_config_apply_per_lib :  ITTAPI function not implemented: __itt_model_induction_uses
2692 : 0x107f66d5b89 : 2 : ittapi_config_apply_per_lib :  ITTAPI function not implemented: __itt_model_reduction_uses
2692 : 0x107f66d5b8d : 2 : ittapi_config_apply_per_lib :  ITTAPI function not implemented: __itt_model_observe_uses
2692 : 0x107f66d5b91 : 2 : ittapi_config_apply_per_lib :  ITTAPI function not implemented: __itt_model_clear_uses
2692 : 0x107f66d5b95 : 2 : ittapi_config_apply_per_lib :  ITTAPI function not implemented: __itt_model_site_beginW
2692 : 0x107f66d5b99 : 2 : ittapi_config_apply_per_lib :  ITTAPI function not implemented: __itt_model_task_beginW
2692 : 0x107f66d5b9d : 2 : ittapi_config_apply_per_lib :  ITTAPI function not implemented: __itt_model_iteration_taskW
2692 : 0x107f66d5ba1 : 2 : ittapi_config_apply_per_lib :  ITTAPI function not implemented: __itt_model_site_beginA
2692 : 0x107f66d5ba5 : 2 : ittapi_config_apply_per_lib :  ITTAPI function not implemented: __itt_model_site_beginAL
2692 : 0x107f66d5ba9 : 2 : ittapi_config_apply_per_lib :  ITTAPI function not implemented: __itt_model_task_beginA
2692 : 0x107f66d5bb4 : 2 : ittapi_config_apply_per_lib :  ITTAPI function not implemented: __itt_model_task_beginAL
2692 : 0x107f66d5bb8 : 2 : ittapi_config_apply_per_lib :  ITTAPI function not implemented: __itt_model_iteration_taskA
2692 : 0x107f66d5bbc : 2 : ittapi_config_apply_per_lib :  ITTAPI function not implemented: __itt_model_iteration_taskAL
2692 : 0x107f66d5bc0 : 2 : ittapi_config_apply_per_lib :  ITTAPI function not implemented: __itt_model_site_end_2
2692 : 0x107f66d5bc4 : 2 : ittapi_config_apply_per_lib :  ITTAPI function not implemented: __itt_model_task_end_2
2692 : 0x107f66d5bc8 : 2 : ittapi_config_apply_per_lib :  ITTAPI function not implemented: __itt_model_lock_acquire_2
2692 : 0x107f66d5bcf : 2 : ittapi_config_apply_per_lib :  ITTAPI function not implemented: __itt_model_lock_release_2
2692 : 0x107f66d5bd3 : 2 : ittapi_config_apply_per_lib :  ITTAPI function not implemented: __itt_model_aggregate_task
2692 : 0x107f66d5bd7 : 2 : ittapi_config_apply_per_lib :  ITTAPI function not implemented: __itt_model_disable_push
2692 : 0x107f66d5bdb : 2 : ittapi_config_apply_per_lib :  ITTAPI function not implemented: __itt_model_disable_pop
2692 : 0x107f66d5be5 : 2 : ittapi_config_apply_per_lib :  ITTAPI function instrumented: __itt_heap_function_createA
2692 : 0x107f66d5be8 : 2 : ittapi_config_apply_per_lib :  ITTAPI function instrumented: __itt_heap_function_createW
2692 : 0x107f66d5bec : 2 : ittapi_config_apply_per_lib :  ITTAPI function instrumented: __itt_heap_allocate_begin
2692 : 0x107f66d5bf0 : 2 : ittapi_config_apply_per_lib :  ITTAPI function instrumented: __itt_heap_allocate_end
2692 : 0x107f66d5bf4 : 2 : ittapi_config_apply_per_lib :  ITTAPI function instrumented: __itt_heap_free_begin
2692 : 0x107f66d5bf8 : 2 : ittapi_config_apply_per_lib :  ITTAPI function instrumented: __itt_heap_free_end
2692 : 0x107f66d5bfc : 2 : ittapi_config_apply_per_lib :  ITTAPI function instrumented: __itt_heap_reallocate_begin
2692 : 0x107f66d5c00 : 2 : ittapi_config_apply_per_lib :  ITTAPI function instrumented: __itt_heap_reallocate_end
2692 : 0x107f66d5c04 : 2 : ittapi_config_apply_per_lib :  ITTAPI function not implemented: __itt_heap_internal_access_begin
2692 : 0x107f66d5c08 : 2 : ittapi_config_apply_per_lib :  ITTAPI function not implemented: __itt_heap_internal_access_end
2692 : 0x107f66d5c35 : 2 : ittapi_config_apply_per_lib :  ITTAPI function not implemented: __itt_heap_record_memory_growth_begin
2692 : 0x107f66d5c3c : 2 : ittapi_config_apply_per_lib :  ITTAPI function not implemented: __itt_heap_record_memory_growth_end
2692 : 0x107f66d5c41 : 2 : ittapi_config_apply_per_lib :  ITTAPI function not implemented: __itt_heap_reset_detection
2692 : 0x107f66d5c47 : 2 : ittapi_config_apply_per_lib :  ITTAPI function not implemented: __itt_heap_record
2692 : 0x107f66d5c4d : 2 : ittapi_config_apply_per_lib :  ITTAPI function not implemented: __itt_id_create
2692 : 0x107f66d5c52 : 2 : ittapi_config_apply_per_lib :  ITTAPI function not implemented: __itt_id_destroy
2692 : 0x107f66d5c58 : 2 : ittapi_config_apply_per_lib :  ITTAPI function instrumented: __itt_get_timestamp
2692 : 0x107f66d5c5e : 2 : ittapi_config_apply_per_lib :  ITTAPI function not implemented: __itt_region_begin
2692 : 0x107f66d5c64 : 2 : ittapi_config_apply_per_lib :  ITTAPI function not implemented: __itt_region_end
2692 : 0x107f66d5c6a : 2 : ittapi_config_apply_per_lib :  ITTAPI function instrumented: __itt_frame_begin_v3
2692 : 0x107f66d5c7b : 2 : ittapi_config_apply_per_lib :  ITTAPI function instrumented: __itt_frame_end_v3
2692 : 0x107f66d5c82 : 2 : ittapi_config_apply_per_lib :  ITTAPI function instrumented: __itt_frame_submit_v3
2692 : 0x107f66d5c87 : 2 : ittapi_config_apply_per_lib :  ITTAPI function NOT instrumented (not matched by --itt-config option): __itt_task_group

2692 : 0x107f66d5c8d : 2 : ittapi_config_apply_per_lib :  ITTAPI function NOT instrumented (not matched by --itt-config option): __itt_task_begin

2692 : 0x107f66d5c93 : 2 : ittapi_config_apply_per_lib :  ITTAPI function NOT instrumented (not matched by --itt-config option): __itt_task_begin_fn

2692 : 0x107f66d5c9a : 2 : ittapi_config_apply_per_lib :  ITTAPI function NOT instrumented (not matched by --itt-config option): __itt_task_end

2692 : 0x107f66d5ca0 : 2 : ittapi_config_apply_per_lib :  ITTAPI function NOT instrumented (not matched by --itt-config option): __itt_counter_inc_v3

2692 : 0x107f66d5ca7 : 2 : ittapi_config_apply_per_lib :  ITTAPI function NOT instrumented (not matched by --itt-config option): __itt_counter_inc_delta_v3

2692 : 0x107f66d5caf : 2 : ittapi_config_apply_per_lib :  ITTAPI function not implemented: __itt_marker
2692 : 0x107f66d5cb4 : 2 : ittapi_config_apply_per_lib :  ITTAPI function instrumented: __itt_metadata_add
2692 : 0x107f66d5cc3 : 2 : ittapi_config_apply_per_lib :  ITTAPI function not implemented: __itt_metadata_str_addA
2692 : 0x107f66d5cca : 2 : ittapi_config_apply_per_lib :  ITTAPI function not implemented: __itt_metadata_str_addW
2692 : 0x107f66d5cd0 : 2 : ittapi_config_apply_per_lib :  ITTAPI function not implemented: __itt_relation_add_to_current
2692 : 0x107f66d5cd6 : 2 : ittapi_config_apply_per_lib :  ITTAPI function not implemented: __itt_relation_add
2692 : 0x107f66d5cdc : 2 : ittapi_config_apply_per_lib :  ITTAPI function instrumented: __itt_event_createA
2692 : 0x107f66d5ce1 : 2 : ittapi_config_apply_per_lib :  ITTAPI function instrumented: __itt_event_createW
2692 : 0x107f66d5ce4 : 2 : ittapi_config_apply_per_lib :  ITTAPI function NOT instrumented (not matched by --itt-config option): __itt_event_start

2692 : 0x107f66d5ce8 : 2 : ittapi_config_apply_per_lib :  ITTAPI function NOT instrumented (not matched by --itt-config option): __itt_event_end

2692 : 0x107f66d5ced : 2 : ittapi_config_apply_per_lib :  ITTAPI function NOT instrumented (not matched by --itt-config option): __itt_sync_set_nameA

2692 : 0x107f66d5cf1 : 2 : ittapi_config_apply_per_lib :  ITTAPI function NOT instrumented (not matched by --itt-config option): __itt_sync_set_nameW

2692 : 0x107f66d5cfc : 2 : ittapi_config_apply_per_lib :  ITTAPI function NOT instrumented (not matched by --itt-config option): __itt_notify_sync_nameA

2692 : 0x107f66d5d01 : 2 : ittapi_config_apply_per_lib :  ITTAPI function NOT instrumented (not matched by --itt-config option): __itt_notify_sync_nameW

2692 : 0x107f66d5d05 : 2 : ittapi_config_apply_per_lib :  ITTAPI function NOT instrumented (not matched by --itt-config option): __itt_notify_sync_prepare

2692 : 0x107f66d5d0a : 2 : ittapi_config_apply_per_lib :  ITTAPI function NOT instrumented (not matched by --itt-config option): __itt_notify_sync_cancel

2692 : 0x107f66d5d0e : 2 : ittapi_config_apply_per_lib :  ITTAPI function NOT instrumented (not matched by --itt-config option): __itt_notify_sync_acquired

2692 : 0x107f66d5d13 : 2 : ittapi_config_apply_per_lib :  ITTAPI function NOT instrumented (not matched by --itt-config option): __itt_notify_sync_releasing

2692 : 0x107f66d5d18 : 2 : ittapi_config_apply_per_lib :  ITTAPI function not implemented: __itt_memory_read
2692 : 0x107f66d5d1c : 2 : ittapi_config_apply_per_lib :  ITTAPI function not implemented: __itt_memory_write
2692 : 0x107f66d5d20 : 2 : ittapi_config_apply_per_lib :  ITTAPI function not implemented: __itt_memory_update
2692 : 0x107f66d5d25 : 2 : ittapi_config_apply_per_lib :  ITTAPI function not implemented: __itt_state_get
2692 : 0x107f66d5d30 : 2 : ittapi_config_apply_per_lib :  ITTAPI function not implemented: __itt_state_set
2692 : 0x107f66d5d34 : 2 : ittapi_config_apply_per_lib :  ITTAPI function not implemented: __itt_obj_mode_set
2692 : 0x107f66d5d38 : 2 : ittapi_config_apply_per_lib :  ITTAPI function not implemented: __itt_thr_mode_set
2692 : 0x107f66d5d3c : 2 : ittapi_config_apply_per_lib :  ITTAPI function instrumented: __itt_frame_createA
2692 : 0x107f66d5d3f : 2 : ittapi_config_apply_per_lib :  ITTAPI function instrumented: __itt_frame_createW
2692 : 0x107f66d5d43 : 2 : ittapi_config_apply_per_lib :  ITTAPI function instrumented: __itt_frame_begin
2692 : 0x107f66d5d47 : 2 : ittapi_config_apply_per_lib :  ITTAPI function instrumented: __itt_frame_end
2692 : 0x107f66d5d4b : 2 : ittapi_config_apply_per_lib :  ITTAPI function instrumented: __itt_counter_createA
2692 : 0x107f66d5d4f : 2 : ittapi_config_apply_per_lib :  ITTAPI function instrumented: __itt_counter_createW
2692 : 0x107f66d5d52 : 2 : ittapi_config_apply_per_lib :  ITTAPI function NOT instrumented (not matched by --itt-config option): __itt_counter_destroy

2692 : 0x107f66d5d5d : 2 : ittapi_config_apply_per_lib :  ITTAPI function NOT instrumented (not matched by --itt-config option): __itt_counter_inc

2692 : 0x107f66d5d61 : 2 : ittapi_config_apply_per_lib :  ITTAPI function NOT instrumented (not matched by --itt-config option): __itt_counter_inc_delta

2692 : 0x107f66d5d67 : 2 : ittapi_config_apply_per_lib :  ITTAPI function not implemented: __itt_mark_createA
2692 : 0x107f66d5d6a : 2 : ittapi_config_apply_per_lib :  ITTAPI function not implemented: __itt_mark_createW
2692 : 0x107f66d5d6e : 2 : ittapi_config_apply_per_lib :  ITTAPI function not implemented: __itt_markA
2692 : 0x107f66d5d72 : 2 : ittapi_config_apply_per_lib :  ITTAPI function not implemented: __itt_markW
2692 : 0x107f66d5d77 : 2 : ittapi_config_apply_per_lib :  ITTAPI function not implemented: __itt_mark_off
2692 : 0x107f66d5d7b : 2 : ittapi_config_apply_per_lib :  ITTAPI function not implemented: __itt_mark_globalA
2692 : 0x107f66d5d7f : 2 : ittapi_config_apply_per_lib :  ITTAPI function not implemented: __itt_mark_globalW
2692 : 0x107f66d5d84 : 2 : ittapi_config_apply_per_lib :  ITTAPI function not implemented: __itt_mark_global_off
2692 : 0x107f66d5d91 : 2 : ittapi_config_apply_per_lib :  ITTAPI function NOT instrumented (not matched by --itt-config option): __itt_stack_caller_create

2692 : 0x107f66d5d97 : 2 : ittapi_config_apply_per_lib :  ITTAPI function NOT instrumented (not matched by --itt-config option): __itt_stack_caller_destroy

2692 : 0x107f66d5d9d : 2 : ittapi_config_apply_per_lib :  ITTAPI function NOT instrumented (not matched by --itt-config option): __itt_stack_callee_enter

2692 : 0x107f66d5da6 : 2 : ittapi_config_apply_per_lib :  ITTAPI function NOT instrumented (not matched by --itt-config option): __itt_stack_callee_leave

2692 : 0x107f66d5dae : 2 : ittapi_config_apply_per_lib :  ITTAPI function not implemented: __itt_clock_domain_create
2692 : 0x107f66d5db5 : 2 : ittapi_config_apply_per_lib :  ITTAPI function not implemented: __itt_clock_domain_reset
2692 : 0x107f66d5dbc : 2 : ittapi_config_apply_per_lib :  ITTAPI function not implemented: __itt_id_create_ex
2692 : 0x107f66d5dc2 : 2 : ittapi_config_apply_per_lib :  ITTAPI function not implemented: __itt_id_destroy_ex
2692 : 0x107f66d5dc7 : 2 : ittapi_config_apply_per_lib :  ITTAPI function NOT instrumented (not matched by --itt-config option): __itt_task_begin_ex

2692 : 0x107f66d5dce : 2 : ittapi_config_apply_per_lib :  ITTAPI function NOT instrumented (not matched by --itt-config option): __itt_task_begin_fn_ex

2692 : 0x107f66d5de2 : 2 : ittapi_config_apply_per_lib :  ITTAPI function NOT instrumented (not matched by --itt-config option): __itt_task_end_ex

2692 : 0x107f66d5de9 : 2 : ittapi_config_apply_per_lib :  ITTAPI function NOT instrumented (not matched by --itt-config option): __itt_task_begin_overlapped

2692 : 0x107f66d5def : 2 : ittapi_config_apply_per_lib :  ITTAPI function NOT instrumented (not matched by --itt-config option): __itt_task_begin_overlapped_ex

2692 : 0x107f66d5df6 : 2 : ittapi_config_apply_per_lib :  ITTAPI function NOT instrumented (not matched by --itt-config option): __itt_task_end_overlapped

2692 : 0x107f66d5dfc : 2 : ittapi_config_apply_per_lib :  ITTAPI function NOT instrumented (not matched by --itt-config option): __itt_task_end_overlapped_ex

2692 : 0x107f66d5e05 : 2 : ittapi_config_apply_per_lib :  ITTAPI function not implemented: __itt_marker_ex
2692 : 0x107f66d5e0c : 2 : ittapi_config_apply_per_lib :  ITTAPI function not implemented: __itt_metadata_add_with_scope
2692 : 0x107f66d5e12 : 2 : ittapi_config_apply_per_lib :  ITTAPI function not implemented: __itt_metadata_str_add_with_scopeA
2692 : 0x107f66d5e19 : 2 : ittapi_config_apply_per_lib :  ITTAPI function not implemented: __itt_metadata_str_add_with_scopeW
2692 : 0x107f66d5e20 : 2 : ittapi_config_apply_per_lib :  ITTAPI function not implemented: __itt_relation_add_to_current_ex
2692 : 0x107f66d5e32 : 2 : ittapi_config_apply_per_lib :  ITTAPI function not implemented: __itt_relation_add_ex
2692 : 0x107f66d5e39 : 2 : ittapi_config_apply_per_lib :  ITTAPI function not implemented: __itt_track_group_create
2692 : 0x107f66d5e3e : 2 : ittapi_config_apply_per_lib :  ITTAPI function not implemented: __itt_track_create
2692 : 0x107f66d5e45 : 2 : ittapi_config_apply_per_lib :  ITTAPI function not implemented: __itt_set_track
2692 : 0x107f66d5e4b : 2 : ittapi_config_apply_per_lib :  ITTAPI function instrumented: __itt_api_version
2692 : 0x107f66d5e51 : 2 : ittapi_config_apply_per_lib :  ITTAPI function not implemented: __itt_av_saveA
2692 : 0x107f66d5e57 : 2 : ittapi_config_apply_per_lib :  ITTAPI function not implemented: __itt_av_saveW
2692 : 0x107f66d63c3 : 2 : ittapi_config_mask_get :  --itt-config mask to be applied: 1
2692 : 0x107f66d63d1 : 2 : ittapi_config_apply_per_lib :  ITTAPI function instrumented: __itt_domain_createA
2692 : 0x107f66d63d8 : 2 : ittapi_config_apply_per_lib :  ITTAPI function instrumented: __itt_domain_createW
2692 : 0x107f66d63f1 : 2 : ittapi_config_apply_per_lib :  ITTAPI function instrumented: __itt_string_handle_createA
2692 : 0x107f66d63f8 : 2 : ittapi_config_apply_per_lib :  ITTAPI function instrumented: __itt_string_handle_createW
2692 : 0x107f66d63ff : 2 : ittapi_config_apply_per_lib :  ITTAPI function instrumented: __itt_pause
2692 : 0x107f66d6405 : 2 : ittapi_config_apply_per_lib :  ITTAPI function instrumented: __itt_resume
2692 : 0x107f66d640b : 2 : ittapi_config_apply_per_lib :  ITTAPI function instrumented: __itt_thread_set_nameA
2692 : 0x107f66d6412 : 2 : ittapi_config_apply_per_lib :  ITTAPI function instrumented: __itt_thread_set_nameW
2692 : 0x107f66d6418 : 2 : ittapi_config_apply_per_lib :  ITTAPI function instrumented: __itt_thread_ignore
2692 : 0x107f66d641f : 2 : ittapi_config_apply_per_lib :  ITTAPI function instrumented: __itt_thr_name_setA
2692 : 0x107f66d6425 : 2 : ittapi_config_apply_per_lib :  ITTAPI function instrumented: __itt_thr_name_setW
2692 : 0x107f66d642b : 2 : ittapi_config_apply_per_lib :  ITTAPI function instrumented: __itt_thr_ignore
2692 : 0x107f66d643d : 2 : ittapi_config_apply_per_lib :  ITTAPI function not implemented: __itt_enable_attach
2692 : 0x107f66d6444 : 2 : ittapi_config_apply_per_lib :  ITTAPI function instrumented: __itt_detach
2692 : 0x107f66d6449 : 2 : ittapi_config_apply_per_lib :  ITTAPI function NOT instrumented (not matched by --itt-config option): __itt_sync_createA

2692 : 0x107f66d6451 : 2 : ittapi_config_apply_per_lib :  ITTAPI function NOT instrumented (not matched by --itt-config option): __itt_sync_createW

2692 : 0x107f66d6458 : 2 : ittapi_config_apply_per_lib :  ITTAPI function NOT instrumented (not matched by --itt-config option): __itt_sync_renameA

2692 : 0x107f66d6466 : 2 : ittapi_config_apply_per_lib :  ITTAPI function NOT instrumented (not matched by --itt-config option): __itt_sync_renameW

2692 : 0x107f66d646d : 2 : ittapi_config_apply_per_lib :  ITTAPI function NOT instrumented (not matched by --itt-config option): __itt_sync_destroy

2692 : 0x107f66d6474 : 2 : ittapi_config_apply_per_lib :  ITTAPI function NOT instrumented (not matched by --itt-config option): __itt_sync_prepare

2692 : 0x107f66d647e : 2 : ittapi_config_apply_per_lib :  ITTAPI function NOT instrumented (not matched by --itt-config option): __itt_sync_cancel

2692 : 0x107f66d6485 : 2 : ittapi_config_apply_per_lib :  ITTAPI function NOT instrumented (not matched by --itt-config option): __itt_sync_acquired

2692 : 0x107f66d6496 : 2 : ittapi_config_apply_per_lib :  ITTAPI function NOT instrumented (not matched by --itt-config option): __itt_sync_releasing

2692 : 0x107f66d64a0 : 2 : ittapi_config_apply_per_lib :  ITTAPI function not implemented: __itt_suppress_push
2692 : 0x107f66d64a6 : 2 : ittapi_config_apply_per_lib :  ITTAPI function not implemented: __itt_suppress_pop
2692 : 0x107f66d64ac : 2 : ittapi_config_apply_per_lib :  ITTAPI function not implemented: __itt_suppress_mark_range
2692 : 0x107f66d64b3 : 2 : ittapi_config_apply_per_lib :  ITTAPI function not implemented: __itt_suppress_clear_range
2692 : 0x107f66d64b9 : 2 : ittapi_config_apply_per_lib :  ITTAPI function NOT instrumented (not matched by --itt-config option): __itt_sync_prepare

2692 : 0x107f66d64c0 : 2 : ittapi_config_apply_per_lib :  ITTAPI function NOT instrumented (not matched by --itt-config option): __itt_sync_cancel

2692 : 0x107f66d64c7 : 2 : ittapi_config_apply_per_lib :  ITTAPI function NOT instrumented (not matched by --itt-config option): __itt_sync_acquired

2692 : 0x107f66d64ce : 2 : ittapi_config_apply_per_lib :  ITTAPI function NOT instrumented (not matched by --itt-config option): __itt_sync_releasing

2692 : 0x107f66d64d6 : 2 : ittapi_config_apply_per_lib :  ITTAPI function not implemented: __itt_model_site_begin
2692 : 0x107f66d64e5 : 2 : ittapi_config_apply_per_lib :  ITTAPI function not implemented: __itt_model_site_end
2692 : 0x107f66d64eb : 2 : ittapi_config_apply_per_lib :  ITTAPI function not implemented: __itt_model_task_begin
2692 : 0x107f66d64f2 : 2 : ittapi_config_apply_per_lib :  ITTAPI function not implemented: __itt_model_task_end
2692 : 0x107f66d64f9 : 2 : ittapi_config_apply_per_lib :  ITTAPI function not implemented: __itt_model_lock_acquire
2692 : 0x107f66d6500 : 2 : ittapi_config_apply_per_lib :  ITTAPI function not implemented: __itt_model_lock_release
2692 : 0x107f66d6506 : 2 : ittapi_config_apply_per_lib :  ITTAPI function not implemented: __itt_model_record_allocation
2692 : 0x107f66d650d : 2 : ittapi_config_apply_per_lib :  ITTAPI function not implemented: __itt_model_record_deallocation
2692 : 0x107f66d6513 : 2 : ittapi_config_apply_per_lib :  ITTAPI function not implemented: __itt_model_induction_uses
2692 : 0x107f66d651a : 2 : ittapi_config_apply_per_lib :  ITTAPI function not implemented: __itt_model_reduction_uses
2692 : 0x107f66d6521 : 2 : ittapi_config_apply_per_lib :  ITTAPI function not implemented: __itt_model_observe_uses
2692 : 0x107f66d6532 : 2 : ittapi_config_apply_per_lib :  ITTAPI function not implemented: __itt_model_clear_uses
2692 : 0x107f66d6539 : 2 : ittapi_config_apply_per_lib :  ITTAPI function not implemented: __itt_model_site_beginW
2692 : 0x107f66d653f : 2 : ittapi_config_apply_per_lib :  ITTAPI function not implemented: __itt_model_task_beginW
2692 : 0x107f66d6545 : 2 : ittapi_config_apply_per_lib :  ITTAPI function not implemented: __itt_model_iteration_taskW
2692 : 0x107f66d654b : 2 : ittapi_config_apply_per_lib :  ITTAPI function not implemented: __itt_model_site_beginA
2692 : 0x107f66d6551 : 2 : ittapi_config_apply_per_lib :  ITTAPI function not implemented: __itt_model_site_beginAL
2692 : 0x107f66d6557 : 2 : ittapi_config_apply_per_lib :  ITTAPI function not implemented: __itt_model_task_beginA
2692 : 0x107f66d655d : 2 : ittapi_config_apply_per_lib :  ITTAPI function not implemented: __itt_model_task_beginAL
2692 : 0x107f66d6563 : 2 : ittapi_config_apply_per_lib :  ITTAPI function not implemented: __itt_model_iteration_taskA
2692 : 0x107f66d656a : 2 : ittapi_config_apply_per_lib :  ITTAPI function not implemented: __itt_model_iteration_taskAL
2692 : 0x107f66d6579 : 2 : ittapi_config_apply_per_lib :  ITTAPI function not implemented: __itt_model_site_end_2
2692 : 0x107f66d657f : 2 : ittapi_config_apply_per_lib :  ITTAPI function not implemented: __itt_model_task_end_2
2692 : 0x107f66d6585 : 2 : ittapi_config_apply_per_lib :  ITTAPI function not implemented: __itt_model_lock_acquire_2
2692 : 0x107f66d658c : 2 : ittapi_config_apply_per_lib :  ITTAPI function not implemented: __itt_model_lock_release_2
2692 : 0x107f66d6592 : 2 : ittapi_config_apply_per_lib :  ITTAPI function not implemented: __itt_model_aggregate_task
2692 : 0x107f66d6598 : 2 : ittapi_config_apply_per_lib :  ITTAPI function not implemented: __itt_model_disable_push
2692 : 0x107f66d659e : 2 : ittapi_config_apply_per_lib :  ITTAPI function not implemented: __itt_model_disable_pop
2692 : 0x107f66d65a4 : 2 : ittapi_config_apply_per_lib :  ITTAPI function instrumented: __itt_heap_function_createA
2692 : 0x107f66d65aa : 2 : ittapi_config_apply_per_lib :  ITTAPI function instrumented: __itt_heap_function_createW
2692 : 0x107f66d65b0 : 2 : ittapi_config_apply_per_lib :  ITTAPI function instrumented: __itt_heap_allocate_begin
2692 : 0x107f66d65be : 2 : ittapi_config_apply_per_lib :  ITTAPI function instrumented: __itt_heap_allocate_end
2692 : 0x107f66d65c4 : 2 : ittapi_config_apply_per_lib :  ITTAPI function instrumented: __itt_heap_free_begin
2692 : 0x107f66d65c9 : 2 : ittapi_config_apply_per_lib :  ITTAPI function instrumented: __itt_heap_free_end
2692 : 0x107f66d65ce : 2 : ittapi_config_apply_per_lib :  ITTAPI function instrumented: __itt_heap_reallocate_begin
2692 : 0x107f66d65d4 : 2 : ittapi_config_apply_per_lib :  ITTAPI function instrumented: __itt_heap_reallocate_end
2692 : 0x107f66d65db : 2 : ittapi_config_apply_per_lib :  ITTAPI function not implemented: __itt_heap_internal_access_begin
2692 : 0x107f66d65e2 : 2 : ittapi_config_apply_per_lib :  ITTAPI function not implemented: __itt_heap_internal_access_end
2692 : 0x107f66d65e7 : 2 : ittapi_config_apply_per_lib :  ITTAPI function not implemented: __itt_heap_record_memory_growth_begin
2692 : 0x107f66d65ee : 2 : ittapi_config_apply_per_lib :  ITTAPI function not implemented: __itt_heap_record_memory_growth_end
2692 : 0x107f66d65f5 : 2 : ittapi_config_apply_per_lib :  ITTAPI function not implemented: __itt_heap_reset_detection
2692 : 0x107f66d6602 : 2 : ittapi_config_apply_per_lib :  ITTAPI function not implemented: __itt_heap_record
2692 : 0x107f66d6608 : 2 : ittapi_config_apply_per_lib :  ITTAPI function not implemented: __itt_id_create
2692 : 0x107f66d660e : 2 : ittapi_config_apply_per_lib :  ITTAPI function not implemented: __itt_id_destroy
2692 : 0x107f66d6613 : 2 : ittapi_config_apply_per_lib :  ITTAPI function instrumented: __itt_get_timestamp
2692 : 0x107f66d661a : 2 : ittapi_config_apply_per_lib :  ITTAPI function not implemented: __itt_region_begin
2692 : 0x107f66d6621 : 2 : ittapi_config_apply_per_lib :  ITTAPI function not implemented: __itt_region_end
2692 : 0x107f66d6627 : 2 : ittapi_config_apply_per_lib :  ITTAPI function instrumented: __itt_frame_begin_v3
2692 : 0x107f66d662e : 2 : ittapi_config_apply_per_lib :  ITTAPI function instrumented: __itt_frame_end_v3
2692 : 0x107f66d6634 : 2 : ittapi_config_apply_per_lib :  ITTAPI function instrumented: __itt_frame_submit_v3
2692 : 0x107f66d663a : 2 : ittapi_config_apply_per_lib :  ITTAPI function NOT instrumented (not matched by --itt-config option): __itt_task_group

2692 : 0x107f66d664b : 2 : ittapi_config_apply_per_lib :  ITTAPI function NOT instrumented (not matched by --itt-config option): __itt_task_begin

2692 : 0x107f66d6652 : 2 : ittapi_config_apply_per_lib :  ITTAPI function NOT instrumented (not matched by --itt-config option): __itt_task_begin_fn

2692 : 0x107f66d6658 : 2 : ittapi_config_apply_per_lib :  ITTAPI function NOT instrumented (not matched by --itt-config option): __itt_task_end

2692 : 0x107f66d665e : 2 : ittapi_config_apply_per_lib :  ITTAPI function NOT instrumented (not matched by --itt-config option): __itt_counter_inc_v3

2692 : 0x107f66d6665 : 2 : ittapi_config_apply_per_lib :  ITTAPI function NOT instrumented (not matched by --itt-config option): __itt_counter_inc_delta_v3

2692 : 0x107f66d666e : 2 : ittapi_config_apply_per_lib :  ITTAPI function not implemented: __itt_marker
2692 : 0x107f66d6673 : 2 : ittapi_config_apply_per_lib :  ITTAPI function instrumented: __itt_metadata_add
2692 : 0x107f66d667a : 2 : ittapi_config_apply_per_lib :  ITTAPI function not implemented: __itt_metadata_str_addA
2692 : 0x107f66d6680 : 2 : ittapi_config_apply_per_lib :  ITTAPI function not implemented: __itt_metadata_str_addW
2692 : 0x107f66d6686 : 2 : ittapi_config_apply_per_lib :  ITTAPI function not implemented: __itt_relation_add_to_current
2692 : 0x107f66d6697 : 2 : ittapi_config_apply_per_lib :  ITTAPI function not implemented: __itt_relation_add
2692 : 0x107f66d669c : 2 : ittapi_config_apply_per_lib :  ITTAPI function instrumented: __itt_event_createA
2692 : 0x107f66d66a2 : 2 : ittapi_config_apply_per_lib :  ITTAPI function instrumented: __itt_event_createW
2692 : 0x107f66d66a6 : 2 : ittapi_config_apply_per_lib :  ITTAPI function NOT instrumented (not matched by --itt-config option): __itt_event_start

2692 : 0x107f66d66ac : 2 : ittapi_config_apply_per_lib :  ITTAPI function NOT instrumented (not matched by --itt-config option): __itt_event_end

2692 : 0x107f66d66b2 : 2 : ittapi_config_apply_per_lib :  ITTAPI function NOT instrumented (not matched by --itt-config option): __itt_sync_set_nameA

2692 : 0x107f66d66b9 : 2 : ittapi_config_apply_per_lib :  ITTAPI function NOT instrumented (not matched by --itt-config option): __itt_sync_set_nameW

2692 : 0x107f66d66bf : 2 : ittapi_config_apply_per_lib :  ITTAPI function NOT instrumented (not matched by --itt-config option): __itt_notify_sync_nameA

2692 : 0x107f66d66c6 : 2 : ittapi_config_apply_per_lib :  ITTAPI function NOT instrumented (not matched by --itt-config option): __itt_notify_sync_nameW

2692 : 0x107f66d66cc : 2 : ittapi_config_apply_per_lib :  ITTAPI function NOT instrumented (not matched by --itt-config option): __itt_notify_sync_prepare

2692 : 0x107f66d66d9 : 2 : ittapi_config_apply_per_lib :  ITTAPI function NOT instrumented (not matched by --itt-config option): __itt_notify_sync_cancel

2692 : 0x107f66d66e0 : 2 : ittapi_config_apply_per_lib :  ITTAPI function NOT instrumented (not matched by --itt-config option): __itt_notify_sync_acquired

2692 : 0x107f66d66e6 : 2 : ittapi_config_apply_per_lib :  ITTAPI function NOT instrumented (not matched by --itt-config option): __itt_notify_sync_releasing

2692 : 0x107f66d66ee : 2 : ittapi_config_apply_per_lib :  ITTAPI function not implemented: __itt_memory_read
2692 : 0x107f66d66f4 : 2 : ittapi_config_apply_per_lib :  ITTAPI function not implemented: __itt_memory_write
2692 : 0x107f66d66fa : 2 : ittapi_config_apply_per_lib :  ITTAPI function not implemented: __itt_memory_update
2692 : 0x107f66d6700 : 2 : ittapi_config_apply_per_lib :  ITTAPI function not implemented: __itt_state_get
2692 : 0x107f66d6706 : 2 : ittapi_config_apply_per_lib :  ITTAPI function not implemented: __itt_state_set
2692 : 0x107f66d670c : 2 : ittapi_config_apply_per_lib :  ITTAPI function not implemented: __itt_obj_mode_set
2692 : 0x107f66d6713 : 2 : ittapi_config_apply_per_lib :  ITTAPI function not implemented: __itt_thr_mode_set
2692 : 0x107f66d6770 : 2 : ittapi_config_apply_per_lib :  ITTAPI function instrumented: __itt_frame_createA
2692 : 0x107f66d6777 : 2 : ittapi_config_apply_per_lib :  ITTAPI function instrumented: __itt_frame_createW
2692 : 0x107f66d677c : 2 : ittapi_config_apply_per_lib :  ITTAPI function instrumented: __itt_frame_begin
2692 : 0x107f66d6782 : 2 : ittapi_config_apply_per_lib :  ITTAPI function instrumented: __itt_frame_end
2692 : 0x107f66d6788 : 2 : ittapi_config_apply_per_lib :  ITTAPI function instrumented: __itt_counter_createA
2692 : 0x107f66d678f : 2 : ittapi_config_apply_per_lib :  ITTAPI function instrumented: __itt_counter_createW
2692 : 0x107f66d6794 : 2 : ittapi_config_apply_per_lib :  ITTAPI function NOT instrumented (not matched by --itt-config option): __itt_counter_destroy

2692 : 0x107f66d679b : 2 : ittapi_config_apply_per_lib :  ITTAPI function NOT instrumented (not matched by --itt-config option): __itt_counter_inc

2692 : 0x107f66d67a2 : 2 : ittapi_config_apply_per_lib :  ITTAPI function NOT instrumented (not matched by --itt-config option): __itt_counter_inc_delta

2692 : 0x107f66d67aa : 2 : ittapi_config_apply_per_lib :  ITTAPI function not implemented: __itt_mark_createA
2692 : 0x107f66d67bc : 2 : ittapi_config_apply_per_lib :  ITTAPI function not implemented: __itt_mark_createW
2692 : 0x107f66d67c2 : 2 : ittapi_config_apply_per_lib :  ITTAPI function not implemented: __itt_markA
2692 : 0x107f66d67c8 : 2 : ittapi_config_apply_per_lib :  ITTAPI function not implemented: __itt_markW
2692 : 0x107f66d67cf : 2 : ittapi_config_apply_per_lib :  ITTAPI function not implemented: __itt_mark_off
2692 : 0x107f66d67d5 : 2 : ittapi_config_apply_per_lib :  ITTAPI function not implemented: __itt_mark_globalA
2692 : 0x107f66d67db : 2 : ittapi_config_apply_per_lib :  ITTAPI function not implemented: __itt_mark_globalW
2692 : 0x107f66d67e1 : 2 : ittapi_config_apply_per_lib :  ITTAPI function not implemented: __itt_mark_global_off
2692 : 0x107f66d67e7 : 2 : ittapi_config_apply_per_lib :  ITTAPI function NOT instrumented (not matched by --itt-config option): __itt_stack_caller_create

2692 : 0x107f66d67ee : 2 : ittapi_config_apply_per_lib :  ITTAPI function NOT instrumented (not matched by --itt-config option): __itt_stack_caller_destroy

2692 : 0x107f66d67f4 : 2 : ittapi_config_apply_per_lib :  ITTAPI function NOT instrumented (not matched by --itt-config option): __itt_stack_callee_enter

2692 : 0x107f66d6802 : 2 : ittapi_config_apply_per_lib :  ITTAPI function NOT instrumented (not matched by --itt-config option): __itt_stack_callee_leave

2692 : 0x107f66d680a : 2 : ittapi_config_apply_per_lib :  ITTAPI function not implemented: __itt_clock_domain_create
2692 : 0x107f66d6811 : 2 : ittapi_config_apply_per_lib :  ITTAPI function not implemented: __itt_clock_domain_reset
2692 : 0x107f66d6816 : 2 : ittapi_config_apply_per_lib :  ITTAPI function not implemented: __itt_id_create_ex
2692 : 0x107f66d681c : 2 : ittapi_config_apply_per_lib :  ITTAPI function not implemented: __itt_id_destroy_ex
2692 : 0x107f66d6821 : 2 : ittapi_config_apply_per_lib :  ITTAPI function NOT instrumented (not matched by --itt-config option): __itt_task_begin_ex

2692 : 0x107f66d6828 : 2 : ittapi_config_apply_per_lib :  ITTAPI function NOT instrumented (not matched by --itt-config option): __itt_task_begin_fn_ex

2692 : 0x107f66d682e : 2 : ittapi_config_apply_per_lib :  ITTAPI function NOT instrumented (not matched by --itt-config option): __itt_task_end_ex

2692 : 0x107f66d6834 : 2 : ittapi_config_apply_per_lib :  ITTAPI function NOT instrumented (not matched by --itt-config option): __itt_task_begin_overlapped

2692 : 0x107f66d683b : 2 : ittapi_config_apply_per_lib :  ITTAPI function NOT instrumented (not matched by --itt-config option): __itt_task_begin_overlapped_ex

2692 : 0x107f66d6878 : 2 : ittapi_config_apply_per_lib :  ITTAPI function NOT instrumented (not matched by --itt-config option): __itt_task_end_overlapped

2692 : 0x107f66d687e : 2 : ittapi_config_apply_per_lib :  ITTAPI function NOT instrumented (not matched by --itt-config option): __itt_task_end_overlapped_ex

2692 : 0x107f66d6885 : 2 : ittapi_config_apply_per_lib :  ITTAPI function not implemented: __itt_marker_ex
2692 : 0x107f66d688b : 2 : ittapi_config_apply_per_lib :  ITTAPI function not implemented: __itt_metadata_add_with_scope
2692 : 0x107f66d6891 : 2 : ittapi_config_apply_per_lib :  ITTAPI function not implemented: __itt_metadata_str_add_with_scopeA
2692 : 0x107f66d6897 : 2 : ittapi_config_apply_per_lib :  ITTAPI function not implemented: __itt_metadata_str_add_with_scopeW
2692 : 0x107f66d689d : 2 : ittapi_config_apply_per_lib :  ITTAPI function not implemented: __itt_relation_add_to_current_ex
2692 : 0x107f66d68a3 : 2 : ittapi_config_apply_per_lib :  ITTAPI function not implemented: __itt_relation_add_ex
2692 : 0x107f66d68a8 : 2 : ittapi_config_apply_per_lib :  ITTAPI function not implemented: __itt_track_group_create
2692 : 0x107f66d68ae : 2 : ittapi_config_apply_per_lib :  ITTAPI function not implemented: __itt_track_create
2692 : 0x107f66d68bd : 2 : ittapi_config_apply_per_lib :  ITTAPI function not implemented: __itt_set_track
2692 : 0x107f66d68c3 : 2 : ittapi_config_apply_per_lib :  ITTAPI function instrumented: __itt_api_version
2692 : 0x107f66d68c9 : 2 : ittapi_config_apply_per_lib :  ITTAPI function not implemented: __itt_av_saveA
2692 : 0x107f66d68ce : 2 : ittapi_config_apply_per_lib :  ITTAPI function not implemented: __itt_av_saveW