
4868 : 0x107ff76b439 : 2 : ittapi_config_mask_get :  --itt-config mask to be applied: 1
4868 : 0x107ff76b480 : 2 : ittapi_config_apply_per_lib :  ITTAPI function instrumented: __itt_domain_createA
4868 : 0x107ff76b487 : 2 : ittapi_config_apply_per_lib :  ITTAPI function instrumented: __itt_domain_createW
4868 : 0x107ff76b48d : 2 : ittapi_config_apply_per_lib :  ITTAPI function instrumented: __itt_string_handle_createA
4868 : 0x107ff76b493 : 2 : ittapi_config_apply_per_lib :  ITTAPI function instrumented: __itt_string_handle_createW
4868 : 0x107ff76b499 : 2 : ittapi_config_apply_per_lib :  ITTAPI function instrumented: __itt_pause
4868 : 0x107ff76b49f : 2 : ittapi_config_apply_per_lib :  ITTAPI function instrumented: __itt_resume
4868 : 0x107ff76b4df : 2 : ittapi_config_apply_per_lib :  ITTAPI function instrumented: __itt_thread_set_nameA
4868 : 0x107ff76b4f3 : 2 : ittapi_config_apply_per_lib :  ITTAPI function instrumented: __itt_thread_set_nameW
4868 : 0x107ff76b4fd : 2 : ittapi_config_apply_per_lib :  ITTAPI function instrumented: __itt_thread_ignore
4868 : 0x107ff76b60f : 2 : ittapi_config_apply_per_lib :  ITTAPI function instrumented: __itt_thr_name_setA
4868 : 0x107ff76b61a : 2 : ittapi_config_apply_per_lib :  ITTAPI function instrumented: __itt_thr_name_setW
4868 : 0x107ff76b61f : 2 : ittapi_config_apply_per_lib :  ITTAPI function instrumented: __itt_thr_ignore
4868 : 0x107ff76b625 : 2 : ittapi_config_apply_per_lib :  ITTAPI function not implemented: __itt_enable_attach
4868 : 0x107ff76b629 : 2 : ittapi_config_apply_per_lib :  ITTAPI function instrumented: __itt_detach
4868 : 0x107ff76b62d : 2 : ittapi_config_apply_per_lib :  ITTAPI function NOT instrumented (not matched by --itt-config option): __itt_sync_createA

4868 : 0x107ff76b632 : 2 : ittapi_config_apply_per_lib :  ITTAPI function NOT instrumented (not matched by --itt-config option): __itt_sync_createW

4868 : 0x107ff76b637 : 2 : ittapi_config_apply_per_lib :  ITTAPI function NOT instrumented (not matched by --itt-config option): __itt_sync_renameA

4868 : 0x107ff76b63b : 2 : ittapi_config_apply_per_lib :  ITTAPI function NOT instrumented (not matched by --itt-config option): __itt_sync_renameW

4868 : 0x107ff76b640 : 2 : ittapi_config_apply_per_lib :  ITTAPI function NOT instrumented (not matched by --itt-config option): __itt_sync_destroy

4868 : 0x107ff76b656 : 2 : ittapi_config_apply_per_lib :  ITTAPI function NOT instrumented (not matched by --itt-config option): __itt_sync_prepare

4868 : 0x107ff76b65b : 2 : ittapi_config_apply_per_lib :  ITTAPI function NOT instrumented (not matched by --itt-config option): __itt_sync_cancel

4868 : 0x107ff76b65f : 2 : ittapi_config_apply_per_lib :  ITTAPI function NOT instrumented (not matched by --itt-config option): __itt_sync_acquired

4868 : 0x107ff76b664 : 2 : ittapi_config_apply_per_lib :  ITTAPI function NOT instrumented (not matched by --itt-config option): __itt_sync_releasing

4868 : 0x107ff76b674 : 2 : ittapi_config_apply_per_lib :  ITTAPI function not implemented: __itt_suppress_push
4868 : 0x107ff76b679 : 2 : ittapi_config_apply_per_lib :  ITTAPI function not implemented: __itt_suppress_pop
4868 : 0x107ff76b67d : 2 : ittapi_config_apply_per_lib :  ITTAPI function not implemented: __itt_suppress_mark_range
4868 : 0x107ff76b681 : 2 : ittapi_config_apply_per_lib :  ITTAPI function not implemented: __itt_suppress_clear_range
4868 : 0x107ff76b684 : 2 : ittapi_config_apply_per_lib :  ITTAPI function NOT instrumented (not matched by --itt-config option): __itt_sync_prepare

4868 : 0x107ff76b689 : 2 : ittapi_config_apply_per_lib :  ITTAPI function NOT instrumented (not matched by --itt-config option): __itt_sync_cancel

4868 : 0x107ff76b693 : 2 : ittapi_config_apply_per_lib :  ITTAPI function NOT instrumented (not matched by --itt-config option): __itt_sync_acquired

4868 : 0x107ff76b698 : 2 : ittapi_config_apply_per_lib :  ITTAPI function NOT instrumented (not matched by --itt-config option): __itt_sync_releasing

4868 : 0x107ff76b69d : 2 : ittapi_config_apply_per_lib :  ITTAPI function not implemented: __itt_model_site_begin
4868 : 0x107ff76b6a2 : 2 : ittapi_config_apply_per_lib :  ITTAPI function not implemented: __itt_model_site_end
4868 : 0x107ff76b6a6 : 2 : ittapi_config_apply_per_lib :  ITTAPI function not implemented: __itt_model_task_begin
4868 : 0x107ff76b6aa : 2 : ittapi_config_apply_per_lib :  ITTAPI function not implemented: __itt_model_task_end
4868 : 0x107ff76b6af : 2 : ittapi_config_apply_per_lib :  ITTAPI function not implemented: __itt_model_lock_acquire
4868 : 0x107ff76b6b3 : 2 : ittapi_config_apply_per_lib :  ITTAPI function not implemented: __itt_model_lock_release
4868 : 0x107ff76b6b7 : 2 : ittapi_config_apply_per_lib :  ITTAPI function not implemented: __itt_model_record_allocation
4868 : 0x107ff76b6bb : 2 : ittapi_config_apply_per_lib :  ITTAPI function not implemented: __itt_model_record_deallocation
4868 : 0x107ff76b6f7 : 2 : ittapi_config_apply_per_lib :  ITTAPI function not implemented: __itt_model_induction_uses
4868 : 0x107ff76b6fd : 2 : ittapi_config_apply_per_lib :  ITTAPI function not implemented: __itt_model_reduction_uses
4868 : 0x107ff76b701 : 2 : ittapi_config_apply_per_lib :  ITTAPI function not implemented: __itt_model_observe_uses
4868 : 0x107ff76b706 : 2 : ittapi_config_apply_per_lib :  ITTAPI function not implemented: __itt_model_clear_uses
4868 : 0x107ff76b70a : 2 : ittapi_config_apply_per_lib :  ITTAPI function not implemented: __itt_model_site_beginW
4868 : 0x107ff76b70e : 2 : ittapi_config_apply_per_lib :  ITTAPI function not implemented: __itt_model_task_beginW
4868 : 0x107ff76b712 : 2 : ittapi_config_apply_per_lib :  ITTAPI function not implemented: __itt_model_iteration_taskW
4868 : 0x107ff76b716 : 2 : ittapi_config_apply_per_lib :  ITTAPI function not implemented: __itt_model_site_beginA
4868 : 0x107ff76b71a : 2 : ittapi_config_apply_per_lib :  ITTAPI function not implemented: __itt_model_site_beginAL
4868 : 0x107ff76b71e : 2 : ittapi_config_apply_per_lib :  ITTAPI function not implemented: __itt_model_task_beginA
4868 : 0x107ff76b72b : 2 : ittapi_config_apply_per_lib :  ITTAPI function not implemented: __itt_model_task_beginAL
4868 : 0x107ff76b72f : 2 : ittapi_config_apply_per_lib :  ITTAPI function not implemented: __itt_model_iteration_taskA
4868 : 0x107ff76b734 : 2 : ittapi_config_apply_per_lib :  ITTAPI function not implemented: __itt_model_iteration_taskAL
4868 : 0x107ff76b738 : 2 : ittapi_config_apply_per_lib :  ITTAPI function not implemented: __itt_model_site_end_2
4868 : 0x107ff76b73c : 2 : ittapi_config_apply_per_lib :  ITTAPI function not implemented: __itt_model_task_end_2
4868 : 0x107ff76b740 : 2 : ittapi_config_apply_per_lib :  ITTAPI function not implemented: __itt_model_lock_acquire_2
4868 : 0x107ff76b744 : 2 : ittapi_config_apply_per_lib :  ITTAPI function not implemented: __itt_model_lock_release_2
4868 : 0x107ff76b748 : 2 : ittapi_config_apply_per_lib :  ITTAPI function not implemented: __itt_model_aggregate_task
4868 : 0x107ff76b74c : 2 : ittapi_config_apply_per_lib :  ITTAPI function not implemented: __itt_model_disable_push
4868 : 0x107ff76b750 : 2 : ittapi_config_apply_per_lib :  ITTAPI function not implemented: __itt_model_disable_pop
4868 : 0x107ff76b759 : 2 : ittapi_config_apply_per_lib :  ITTAPI function instrumented: __itt_heap_function_createA
4868 : 0x107ff76b75d : 2 : ittapi_config_apply_per_lib :  ITTAPI function instrumented: __itt_heap_function_createW
4868 : 0x107ff76b761 : 2 : ittapi_config_apply_per_lib :  ITTAPI function instrumented: __itt_heap_allocate_begin
4868 : 0x107ff76b765 : 2 : ittapi_config_apply_per_lib :  ITTAPI function instrumented: __itt_heap_allocate_end
4868 : 0x107ff76b769 : 2 : ittapi_config_apply_per_lib :  ITTAPI function instrumented: __itt_heap_free_begin
4868 : 0x107ff76b76d : 2 : ittapi_config_apply_per_lib :  ITTAPI function instrumented: __itt_heap_free_end
4868 : 0x107ff76b773 : 2 : ittapi_config_apply_per_lib :  ITTAPI function instrumented: __itt_heap_reallocate_begin
4868 : 0x107ff76b778 : 2 : ittapi_config_apply_per_lib :  ITTAPI function instrumented: __itt_heap_reallocate_end
4868 : 0x107ff76b77e : 2 : ittapi_config_apply_per_lib :  ITTAPI function not implemented: __itt_heap_internal_access_begin
4868 : 0x107ff76b784 : 2 : ittapi_config_apply_per_lib :  ITTAPI function not implemented: __itt_heap_internal_access_end
4868 : 0x107ff76b794 : 2 : ittapi_config_apply_per_lib :  ITTAPI function not implemented: __itt_heap_record_memory_growth_begin
4868 : 0x107ff76b79a : 2 : ittapi_config_apply_per_lib :  ITTAPI function not implemented: __itt_heap_record_memory_growth_end
4868 : 0x107ff76b83c : 2 : ittapi_config_apply_per_lib :  ITTAPI function not implemented: __itt_heap_reset_detection
4868 : 0x107ff76b842 : 2 : ittapi_config_apply_per_lib :  ITTAPI function not implemented: __itt_heap_record
4868 : 0x107ff76b848 : 2 : ittapi_config_apply_per_lib :  ITTAPI function not implemented: __itt_id_create
4868 : 0x107ff76b84d : 2 : ittapi_config_apply_per_lib :  ITTAPI function not implemented: __itt_id_destroy
4868 : 0x107ff76b853 : 2 : ittapi_config_apply_per_lib :  ITTAPI function instrumented: __itt_get_timestamp
4868 : 0x107ff76b859 : 2 : ittapi_config_apply_per_lib :  ITTAPI function not implemented: __itt_region_begin
4868 : 0x107ff76b85f : 2 : ittapi_config_apply_per_lib :  ITTAPI function not implemented: __itt_region_end
4868 : 0x107ff76b865 : 2 : ittapi_config_apply_per_lib :  ITTAPI function instrumented: __itt_frame_begin_v3
4868 : 0x107ff76b875 : 2 : ittapi_config_apply_per_lib :  ITTAPI function instrumented: __itt_frame_end_v3
4868 : 0x107ff76b87b : 2 : ittapi_config_apply_per_lib :  ITTAPI function instrumented: __itt_frame_submit_v3
4868 : 0x107ff76b880 : 2 : ittapi_config_apply_per_lib :  ITTAPI function NOT instrumented (not matched by --itt-config option): __itt_task_group

4868 : 0x107ff76b886 : 2 : ittapi_config_apply_per_lib :  ITTAPI function NOT instrumented (not matched by --itt-config option): __itt_task_begin

4868 : 0x107ff76b88d : 2 : ittapi_config_apply_per_lib :  ITTAPI function NOT instrumented (not matched by --itt-config option): __itt_task_begin_fn

4868 : 0x107ff76b895 : 2 : ittapi_config_apply_per_lib :  ITTAPI function NOT instrumented (not matched by --itt-config option): __itt_task_end

4868 : 0x107ff76b89c : 2 : ittapi_config_apply_per_lib :  ITTAPI function NOT instrumented (not matched by --itt-config option): __itt_counter_inc_v3

4868 : 0x107ff76b8a3 : 2 : ittapi_config_apply_per_lib :  ITTAPI function NOT instrumented (not matched by --itt-config option): __itt_counter_inc_delta_v3

4868 : 0x107ff76b8aa : 2 : ittapi_config_apply_per_lib :  ITTAPI function not implemented: __itt_marker
4868 : 0x107ff76b8b0 : 2 : ittapi_config_apply_per_lib :  ITTAPI function instrumented: __itt_metadata_add
4868 : 0x107ff76b8bd : 2 : ittapi_config_apply_per_lib :  ITTAPI function not implemented: __itt_metadata_str_addA
4868 : 0x107ff76b8c4 : 2 : ittapi_config_apply_per_lib :  ITTAPI function not implemented: __itt_metadata_str_addW
4868 : 0x107ff76b8cb : 2 : ittapi_config_apply_per_lib :  ITTAPI function not implemented: __itt_relation_add_to_current
4868 : 0x107ff76b8d1 : 2 : ittapi_config_apply_per_lib :  ITTAPI function not implemented: __itt_relation_add
4868 : 0x107ff76b8d7 : 2 : ittapi_config_apply_per_lib :  ITTAPI function instrumented: __itt_event_createA
4868 : 0x107ff76b8de : 2 : ittapi_config_apply_per_lib :  ITTAPI function instrumented: __itt_event_createW
4868 : 0x107ff76b8e2 : 2 : ittapi_config_apply_per_lib :  ITTAPI function NOT instrumented (not matched by --itt-config option): __itt_event_start

4868 : 0x107ff76b8e9 : 2 : ittapi_config_apply_per_lib :  ITTAPI function NOT instrumented (not matched by --itt-config option): __itt_event_end

4868 : 0x107ff76b8f0 : 2 : ittapi_config_apply_per_lib :  ITTAPI function NOT instrumented (not matched by --itt-config option): __itt_sync_set_nameA

4868 : 0x107ff76b8f7 : 2 : ittapi_config_apply_per_lib :  ITTAPI function NOT instrumented (not matched by --itt-config option): __itt_sync_set_nameW

4868 : 0x107ff76b906 : 2 : ittapi_config_apply_per_lib :  ITTAPI function NOT instrumented (not matched by --itt-config option): __itt_notify_sync_nameA

4868 : 0x107ff76b90e : 2 : ittapi_config_apply_per_lib :  ITTAPI function NOT instrumented (not matched by --itt-config option): __itt_notify_sync_nameW

4868 : 0x107ff76b915 : 2 : ittapi_config_apply_per_lib :  ITTAPI function NOT instrumented (not matched by --itt-config option): __itt_notify_sync_prepare

4868 : 0x107ff76b91b : 2 : ittapi_config_apply_per_lib :  ITTAPI function NOT instrumented (not matched by --itt-config option): __itt_notify_sync_cancel

4868 : 0x107ff76b922 : 2 : ittapi_config_apply_per_lib :  ITTAPI function NOT instrumented (not matched by --itt-config option): __itt_notify_sync_acquired

4868 : 0x107ff76b929 : 2 : ittapi_config_apply_per_lib :  ITTAPI function NOT instrumented (not matched by --itt-config option): __itt_notify_sync_releasing

4868 : 0x107ff76b931 : 2 : ittapi_config_apply_per_lib :  ITTAPI function not implemented: __itt_memory_read
4868 : 0x107ff76b938 : 2 : ittapi_config_apply_per_lib :  ITTAPI function not implemented: __itt_memory_write
4868 : 0x107ff76b93e : 2 : ittapi_config_apply_per_lib :  ITTAPI function not implemented: __itt_memory_update
4868 : 0x107ff76b944 : 2 : ittapi_config_apply_per_lib :  ITTAPI function not implemented: __itt_state_get
4868 : 0x107ff76b956 : 2 : ittapi_config_apply_per_lib :  ITTAPI function not implemented: __itt_state_set
4868 : 0x107ff76b95c : 2 : ittapi_config_apply_per_lib :  ITTAPI function not implemented: __itt_obj_mode_set
4868 : 0x107ff76b963 : 2 : ittapi_config_apply_per_lib :  ITTAPI function not implemented: __itt_thr_mode_set
4868 : 0x107ff76b969 : 2 : ittapi_config_apply_per_lib :  ITTAPI function instrumented: __itt_frame_createA
4868 : 0x107ff76b96f : 2 : ittapi_config_apply_per_lib :  ITTAPI function instrumented: __itt_frame_createW
4868 : 0x107ff76b975 : 2 : ittapi_config_apply_per_lib :  ITTAPI function instrumented: __itt_frame_begin
4868 : 0x107ff76b982 : 2 : ittapi_config_apply_per_lib :  ITTAPI function instrumented: __itt_frame_end
4868 : 0x107ff76b988 : 2 : ittapi_config_apply_per_lib :  ITTAPI function instrumented: __itt_counter_createA
4868 : 0x107ff76b98e : 2 : ittapi_config_apply_per_lib :  ITTAPI function instrumented: __itt_counter_createW
4868 : 0x107ff76b993 : 2 : ittapi_config_apply_per_lib :  ITTAPI function NOT instrumented (not matched by --itt-config option): __itt_counter_destroy

4868 : 0x107ff76b9a6 : 2 : ittapi_config_apply_per_lib :  ITTAPI function NOT instrumented (not matched by --itt-config option): __itt_counter_inc

4868 : 0x107ff76b9ad : 2 : ittapi_config_apply_per_lib :  ITTAPI function NOT instrumented (not matched by --itt-config option): __itt_counter_inc_delta

4868 : 0x107ff76b9b5 : 2 : ittapi_config_apply_per_lib :  ITTAPI function not implemented: __itt_mark_createA
4868 : 0x107ff76b9bb : 2 : ittapi_config_apply_per_lib :  ITTAPI function not implemented: __itt_mark_createW
4868 : 0x107ff76b9c1 : 2 : ittapi_config_apply_per_lib :  ITTAPI function not implemented: __itt_markA
4868 : 0x107ff76b9c7 : 2 : ittapi_config_apply_per_lib :  ITTAPI function not implemented: __itt_markW
4868 : 0x107ff76b9cd : 2 : ittapi_config_apply_per_lib :  ITTAPI function not implemented: __itt_mark_off
4868 : 0x107ff76b9d4 : 2 : ittapi_config_apply_per_lib :  ITTAPI function not implemented: __itt_mark_globalA
4868 : 0x107ff76b9da : 2 : ittapi_config_apply_per_lib :  ITTAPI function not implemented: __itt_mark_globalW
4868 : 0x107ff76b9e0 : 2 : ittapi_config_apply_per_lib :  ITTAPI function not implemented: __itt_mark_global_off
4868 : 0x107ff76b9ed : 2 : ittapi_config_apply_per_lib :  ITTAPI function NOT instrumented (not matched by --itt-config option): __itt_stack_caller_create

4868 : 0x107ff76b9f4 : 2 : ittapi_config_apply_per_lib :  ITTAPI function NOT instrumented (not matched by --itt-config option): __itt_stack_caller_destroy

4868 : 0x107ff76b9fb : 2 : ittapi_config_apply_per_lib :  ITTAPI function NOT instrumented (not matched by --itt-config option): __itt_stack_callee_enter

4868 : 0x107ff76ba01 : 2 : ittapi_config_apply_per_lib :  ITTAPI function NOT instrumented (not matched by --itt-config option): __itt_stack_callee_leave

4868 : 0x107ff76ba08 : 2 : ittapi_config_apply_per_lib :  ITTAPI function not implemented: __itt_clock_domain_create
4868 : 0x107ff76ba0e : 2 : ittapi_config_apply_per_lib :  ITTAPI function not implemented: __itt_clock_domain_reset
4868 : 0x107ff76ba15 : 2 : ittapi_config_apply_per_lib :  ITTAPI function not implemented: __itt_id_create_ex
4868 : 0x107ff76ba1b : 2 : ittapi_config_apply_per_lib :  ITTAPI function not implemented: __itt_id_destroy_ex
4868 : 0x107ff76ba20 : 2 : ittapi_config_apply_per_lib :  ITTAPI function NOT instrumented (not matched by --itt-config option): __itt_task_begin_ex

4868 : 0x107ff76ba27 : 2 : ittapi_config_apply_per_lib :  ITTAPI function NOT instrumented (not matched by --itt-config option): __itt_task_begin_fn_ex

4868 : 0x107ff76ba79 : 2 : ittapi_config_apply_per_lib :  ITTAPI function NOT instrumented (not matched by --itt-config option): __itt_task_end_ex

4868 : 0x107ff76ba80 : 2 : ittapi_config_apply_per_lib :  ITTAPI function NOT instrumented (not matched by --itt-config option): __itt_task_begin_overlapped

4868 : 0x107ff76ba87 : 2 : ittapi_config_apply_per_lib :  ITTAPI function NOT instrumented (not matched by --itt-config option): __itt_task_begin_overlapped_ex

4868 : 0x107ff76ba8d : 2 : ittapi_config_apply_per_lib :  ITTAPI function NOT instrumented (not matched by --itt-config option): __itt_task_end_overlapped

4868 : 0x107ff76ba93 : 2 : ittapi_config_apply_per_lib :  ITTAPI function NOT instrumented (not matched by --itt-config option): __itt_task_end_overlapped_ex

4868 : 0x107ff76ba9b : 2 : ittapi_config_apply_per_lib :  ITTAPI function not implemented: __itt_marker_ex
4868 : 0x107ff76baa0 : 2 : ittapi_config_apply_per_lib :  ITTAPI function not implemented: __itt_metadata_add_with_scope
4868 : 0x107ff76baa8 : 2 : ittapi_config_apply_per_lib :  ITTAPI function not implemented: __itt_metadata_str_add_with_scopeA
4868 : 0x107ff76baae : 2 : ittapi_config_apply_per_lib :  ITTAPI function not implemented: __itt_metadata_str_add_with_scopeW
4868 : 0x107ff76bab4 : 2 : ittapi_config_apply_per_lib :  ITTAPI function not implemented: __itt_relation_add_to_current_ex
4868 : 0x107ff76bac5 : 2 : ittapi_config_apply_per_lib :  ITTAPI function not implemented: __itt_relation_add_ex
4868 : 0x107ff76bacc : 2 : ittapi_config_apply_per_lib :  ITTAPI function not implemented: __itt_track_group_create
4868 : 0x107ff76bad5 : 2 : ittapi_config_apply_per_lib :  ITTAPI function not implemented: __itt_track_create
4868 : 0x107ff76badb : 2 : ittapi_config_apply_per_lib :  ITTAPI function not implemented: __itt_set_track
4868 : 0x107ff76bae1 : 2 : ittapi_config_apply_per_lib :  ITTAPI function instrumented: __itt_api_version
4868 : 0x107ff76bae7 : 2 : ittapi_config_apply_per_lib :  ITTAPI function not implemented: __itt_av_saveA
4868 : 0x107ff76baec : 2 : ittapi_config_apply_per_lib :  ITTAPI function not implemented: __itt_av_saveW
4868 : 0x107ff76c0d0 : 2 : ittapi_config_mask_get :  --itt-config mask to be applied: 1
4868 : 0x107ff76c0e1 : 2 : ittapi_config_apply_per_lib :  ITTAPI function instrumented: __itt_domain_createA
4868 : 0x107ff76c0e7 : 2 : ittapi_config_apply_per_lib :  ITTAPI function instrumented: __itt_domain_createW
4868 : 0x107ff76c102 : 2 : ittapi_config_apply_per_lib :  ITTAPI function instrumented: __itt_string_handle_createA
4868 : 0x107ff76c109 : 2 : ittapi_config_apply_per_lib :  ITTAPI function instrumented: __itt_string_handle_createW
4868 : 0x107ff76c10f : 2 : ittapi_config_apply_per_lib :  ITTAPI function instrumented: __itt_pause
4868 : 0x107ff76c115 : 2 : ittapi_config_apply_per_lib :  ITTAPI function instrumented: __itt_resume
4868 : 0x107ff76c11b : 2 : ittapi_config_apply_per_lib :  ITTAPI function instrumented: __itt_thread_set_nameA
4868 : 0x107ff76c121 : 2 : ittapi_config_apply_per_lib :  ITTAPI function instrumented: __itt_thread_set_nameW
4868 : 0x107ff76c127 : 2 : ittapi_config_apply_per_lib :  ITTAPI function instrumented: __itt_thread_ignore
4868 : 0x107ff76c12d : 2 : ittapi_config_apply_per_lib :  ITTAPI function instrumented: __itt_thr_name_setA
4868 : 0x107ff76c133 : 2 : ittapi_config_apply_per_lib :  ITTAPI function instrumented: __itt_thr_name_setW
4868 : 0x107ff76c139 : 2 : ittapi_config_apply_per_lib :  ITTAPI function instrumented: __itt_thr_ignore
4868 : 0x107ff76c14e : 2 : ittapi_config_apply_per_lib :  ITTAPI function not implemented: __itt_enable_attach
4868 : 0x107ff76c154 : 2 : ittapi_config_apply_per_lib :  ITTAPI function instrumented: __itt_detach
4868 : 0x107ff76c15a : 2 : ittapi_config_apply_per_lib :  ITTAPI function NOT instrumented (not matched by --itt-config option): __itt_sync_createA

4868 : 0x107ff76c162 : 2 : ittapi_config_apply_per_lib :  ITTAPI function NOT instrumented (not matched by --itt-config option): __itt_sync_createW

4868 : 0x107ff76c16a : 2 : ittapi_config_apply_per_lib :  ITTAPI function NOT instrumented (not matched by --itt-config option): __itt_sync_renameA

4868 : 0x107ff76c171 : 2 : ittapi_config_apply_per_lib :  ITTAPI function NOT instrumented (not matched by --itt-config option): __itt_sync_renameW

4868 : 0x107ff76c178 : 2 : ittapi_config_apply_per_lib :  ITTAPI function NOT instrumented (not matched by --itt-config option): __itt_sync_destroy

4868 : 0x107ff76c17f : 2 : ittapi_config_apply_per_lib :  ITTAPI function NOT instrumented (not matched by --itt-config option): __itt_sync_prepare

4868 : 0x107ff76c187 : 2 : ittapi_config_apply_per_lib :  ITTAPI function NOT instrumented (not matched by --itt-config option): __itt_sync_cancel

4868 : 0x107ff76c18e : 2 : ittapi_config_apply_per_lib :  ITTAPI function NOT instrumented (not matched by --itt-config option): __itt_sync_acquired

4868 : 0x107ff76c1a1 : 2 : ittapi_config_apply_per_lib :  ITTAPI function NOT instrumented (not matched by --itt-config option): __itt_sync_releasing

4868 : 0x107ff76c1ab : 2 : ittapi_config_apply_per_lib :  ITTAPI function not implemented: __itt_suppress_push
4868 : 0x107ff76c1b2 : 2 : ittapi_config_apply_per_lib :  ITTAPI function not implemented: __itt_suppress_pop
4868 : 0x107ff76c1b9 : 2 : ittapi_config_apply_per_lib :  ITTAPI function not implemented: __itt_suppress_mark_range
4868 : 0x107ff76c1c0 : 2 : ittapi_config_apply_per_lib :  ITTAPI function not implemented: __itt_suppress_clear_range
4868 : 0x107ff76c1c6 : 2 : ittapi_config_apply_per_lib :  ITTAPI function NOT instrumented (not matched by --itt-config option): __itt_sync_prepare

4868 : 0x107ff76c1cd : 2 : ittapi_config_apply_per_lib :  ITTAPI function NOT instrumented (not matched by --itt-config option): __itt_sync_cancel

4868 : 0x107ff76c1d4 : 2 : ittapi_config_apply_per_lib :  ITTAPI function NOT instrumented (not matched by --itt-config option): __itt_sync_acquired

4868 : 0x107ff76c1db : 2 : ittapi_config_apply_per_lib :  ITTAPI function NOT instrumented (not matched by --itt-config option): __itt_sync_releasing

4868 : 0x107ff76c1e4 : 2 : ittapi_config_apply_per_lib :  ITTAPI function not implemented: __itt_model_site_begin
4868 : 0x107ff76c1f2 : 2 : ittapi_config_apply_per_lib :  ITTAPI function not implemented: __itt_model_site_end
4868 : 0x107ff76c1f8 : 2 : ittapi_config_apply_per_lib :  ITTAPI function not implemented: __itt_model_task_begin
4868 : 0x107ff76c1ff : 2 : ittapi_config_apply_per_lib :  ITTAPI function not implemented: __itt_model_task_end
4868 : 0x107ff76c206 : 2 : ittapi_config_apply_per_lib :  ITTAPI function not implemented: __itt_model_lock_acquire
4868 : 0x107ff76c20c : 2 : ittapi_config_apply_per_lib :  ITTAPI function not implemented: __itt_model_lock_release
4868 : 0x107ff76c213 : 2 : ittapi_config_apply_per_lib :  ITTAPI function not implemented: __itt_model_record_allocation
4868 : 0x107ff76c21a : 2 : ittapi_config_apply_per_lib :  ITTAPI function not implemented: __itt_model_record_deallocation
4868 : 0x107ff76c221 : 2 : ittapi_config_apply_per_lib :  ITTAPI function not implemented: __itt_model_induction_uses
4868 : 0x107ff76c228 : 2 : ittapi_config_apply_per_lib :  ITTAPI function not implemented: __itt_model_reduction_uses
4868 : 0x107ff76c22f : 2 : ittapi_config_apply_per_lib :  ITTAPI function not implemented: __itt_model_observe_uses
4868 : 0x107ff76c23f : 2 : ittapi_config_apply_per_lib :  ITTAPI function not implemented: __itt_model_clear_uses
4868 : 0x107ff76c245 : 2 : ittapi_config_apply_per_lib :  ITTAPI function not implemented: __itt_model_site_beginW
4868 : 0x107ff76c24c : 2 : ittapi_config_apply_per_lib :  ITTAPI function not implemented: __itt_model_task_beginW
4868 : 0x107ff76c253 : 2 : ittapi_config_apply_per_lib :  ITTAPI function not implemented: __itt_model_iteration_taskW
4868 : 0x107ff76c25a : 2 : ittapi_config_apply_per_lib :  ITTAPI function not implemented: __itt_model_site_beginA
4868 : 0x107ff76c261 : 2 : ittapi_config_apply_per_lib :  ITTAPI function not implemented: __itt_model_site_beginAL
4868 : 0x107ff76c267 : 2 : ittapi_config_apply_per_lib :  ITTAPI function not implemented: __itt_model_task_beginA
4868 : 0x107ff76c26e : 2 : ittapi_config_apply_per_lib :  ITTAPI function not implemented: __itt_model_task_beginAL
4868 : 0x107ff76c274 : 2 : ittapi_config_apply_per_lib :  ITTAPI function not implemented: __itt_model_iteration_taskA
4868 : 0x107ff76c27b : 2 : ittapi_config_apply_per_lib :  ITTAPI function not implemented: __itt_model_iteration_taskAL
4868 : 0x107ff76c28a : 2 : ittapi_config_apply_per_lib :  ITTAPI function not implemented: __itt_model_site_end_2
4868 : 0x107ff76c291 : 2 : ittapi_config_apply_per_lib :  ITTAPI function not implemented: __itt_model_task_end_2
4868 : 0x107ff76c297 : 2 : ittapi_config_apply_per_lib :  ITTAPI function not implemented: __itt_model_lock_acquire_2
4868 : 0x107ff76c29e : 2 : ittapi_config_apply_per_lib :  ITTAPI function not implemented: __itt_model_lock_release_2
4868 : 0x107ff76c2a5 : 2 : ittapi_config_apply_per_lib :  ITTAPI function not implemented: __itt_model_aggregate_task
4868 : 0x107ff76c2ab : 2 : ittapi_config_apply_per_lib :  ITTAPI function not implemented: __itt_model_disable_push
4868 : 0x107ff76c2b2 : 2 : ittapi_config_apply_per_lib :  ITTAPI function not implemented: __itt_model_disable_pop
4868 : 0x107ff76c2b8 : 2 : ittapi_config_apply_per_lib :  ITTAPI function instrumented: __itt_heap_function_createA
4868 : 0x107ff76c2be : 2 : ittapi_config_apply_per_lib :  ITTAPI function instrumented: __itt_heap_function_createW
4868 : 0x107ff76c2c5 : 2 : ittapi_config_apply_per_lib :  ITTAPI function instrumented: __itt_heap_allocate_begin
4868 : 0x107ff76c2d4 : 2 : ittapi_config_apply_per_lib :  ITTAPI function instrumented: __itt_heap_allocate_end
4868 : 0x107ff76c2da : 2 : ittapi_config_apply_per_lib :  ITTAPI function instrumented: __itt_heap_free_begin
4868 : 0x107ff76c2e0 : 2 : ittapi_config_apply_per_lib :  ITTAPI function instrumented: __itt_heap_free_end
4868 : 0x107ff76c2e7 : 2 : ittapi_config_apply_per_lib :  ITTAPI function instrumented: __itt_heap_reallocate_begin
4868 : 0x107ff76c2ec : 2 : ittapi_config_apply_per_lib :  ITTAPI function instrumented: __itt_heap_reallocate_end
4868 : 0x107ff76c2f4 : 2 : ittapi_config_apply_per_lib :  ITTAPI function not implemented: __itt_heap_internal_access_begin
4868 : 0x107ff76c2fb : 2 : ittapi_config_apply_per_lib :  ITTAPI function not implemented: __itt_heap_internal_access_end
4868 : 0x107ff76c302 : 2 : ittapi_config_apply_per_lib :  ITTAPI function not implemented: __itt_heap_record_memory_growth_begin
4868 : 0x107ff76c309 : 2 : ittapi_config_apply_per_lib :  ITTAPI function not implemented: __itt_heap_record_memory_growth_end
4868 : 0x107ff76c310 : 2 : ittapi_config_apply_per_lib :  ITTAPI function not implemented: __itt_heap_reset_detection
4868 : 0x107ff76c31f : 2 : ittapi_config_apply_per_lib :  ITTAPI function not implemented: __itt_heap_record
4868 : 0x107ff76c325 : 2 : ittapi_config_apply_per_lib :  ITTAPI function not implemented: __itt_id_create
4868 : 0x107ff76c32c : 2 : ittapi_config_apply_per_lib :  ITTAPI function not implemented: __itt_id_destroy
4868 : 0x107ff76c333 : 2 : ittapi_config_apply_per_lib :  ITTAPI function instrumented: __itt_get_timestamp
4868 : 0x107ff76c339 : 2 : ittapi_config_apply_per_lib :  ITTAPI function not implemented: __itt_region_begin
4868 : 0x107ff76c345 : 2 : ittapi_config_apply_per_lib :  ITTAPI function not implemented: __itt_region_end
4868 : 0x107ff76c34b : 2 : ittapi_config_apply_per_lib :  ITTAPI function instrumented: __itt_frame_begin_v3
4868 : 0x107ff76c352 : 2 : ittapi_config_apply_per_lib :  ITTAPI function instrumented: __itt_frame_end_v3
4868 : 0x107ff76c358 : 2 : ittapi_config_apply_per_lib :  ITTAPI function instrumented: __itt_frame_submit_v3
4868 : 0x107ff76c35d : 2 : ittapi_config_apply_per_lib :  ITTAPI function NOT instrumented (not matched by --itt-config option): __itt_task_group

4868 : 0x107ff76c36e : 2 : ittapi_config_apply_per_lib :  ITTAPI function NOT instrumented (not matched by --itt-config option): __itt_task_begin

4868 : 0x107ff76c375 : 2 : ittapi_config_apply_per_lib :  ITTAPI function NOT instrumented (not matched by --itt-config option): __itt_task_begin_fn

4868 : 0x107ff76c37c : 2 : ittapi_config_apply_per_lib :  ITTAPI function NOT instrumented (not matched by --itt-config option): __itt_task_end

4868 : 0x107ff76c383 : 2 : ittapi_config_apply_per_lib :  ITTAPI function NOT instrumented (not matched by --itt-config option): __itt_counter_inc_v3

4868 : 0x107ff76c38b : 2 : ittapi_config_apply_per_lib :  ITTAPI function NOT instrumented (not matched by --itt-config option): __itt_counter_inc_delta_v3

4868 : 0x107ff76c394 : 2 : ittapi_config_apply_per_lib :  ITTAPI function not implemented: __itt_marker
4868 : 0x107ff76c39a : 2 : ittapi_config_apply_per_lib :  ITTAPI function instrumented: __itt_metadata_add
4868 : 0x107ff76c3a0 : 2 : ittapi_config_apply_per_lib :  ITTAPI function not implemented: __itt_metadata_str_addA
4868 : 0x107ff76c3a6 : 2 : ittapi_config_apply_per_lib :  ITTAPI function not implemented: __itt_metadata_str_addW
4868 : 0x107ff76c3ac : 2 : ittapi_config_apply_per_lib :  ITTAPI function not implemented: __itt_relation_add_to_current
4868 : 0x107ff76c3bd : 2 : ittapi_config_apply_per_lib :  ITTAPI function not implemented: __itt_relation_add
4868 : 0x107ff76c3c3 : 2 : ittapi_config_apply_per_lib :  ITTAPI function instrumented: __itt_event_createA
4868 : 0x107ff76c3ca : 2 : ittapi_config_apply_per_lib :  ITTAPI function instrumented: __itt_event_createW
4868 : 0x107ff76c3cf : 2 : ittapi_config_apply_per_lib :  ITTAPI function NOT instrumented (not matched by --itt-config option): __itt_event_start

4868 : 0x107ff76c3d6 : 2 : ittapi_config_apply_per_lib :  ITTAPI function NOT instrumented (not matched by --itt-config option): __itt_event_end

4868 : 0x107ff76c3de : 2 : ittapi_config_apply_per_lib :  ITTAPI function NOT instrumented (not matched by --itt-config option): __itt_sync_set_nameA

4868 : 0x107ff76c3e5 : 2 : ittapi_config_apply_per_lib :  ITTAPI function NOT instrumented (not matched by --itt-config option): __itt_sync_set_nameW

4868 : 0x107ff76c3ed : 2 : ittapi_config_apply_per_lib :  ITTAPI function NOT instrumented (not matched by --itt-config option): __itt_notify_sync_nameA

4868 : 0x107ff76c3f5 : 2 : ittapi_config_apply_per_lib :  ITTAPI function NOT instrumented (not matched by --itt-config option): __itt_notify_sync_nameW

4868 : 0x107ff76c3fc : 2 : ittapi_config_apply_per_lib :  ITTAPI function NOT instrumented (not matched by --itt-config option): __itt_notify_sync_prepare

4868 : 0x107ff76c40a : 2 : ittapi_config_apply_per_lib :  ITTAPI function NOT instrumented (not matched by --itt-config option): __itt_notify_sync_cancel

4868 : 0x107ff76c412 : 2 : ittapi_config_apply_per_lib :  ITTAPI function NOT instrumented (not matched by --itt-config option): __itt_notify_sync_acquired

4868 : 0x107ff76c419 : 2 : ittapi_config_apply_per_lib :  ITTAPI function NOT instrumented (not matched by --itt-config option): __itt_notify_sync_releasing

4868 : 0x107ff76c422 : 2 : ittapi_config_apply_per_lib :  ITTAPI function not implemented: __itt_memory_read
4868 : 0x107ff76c428 : 2 : ittapi_config_apply_per_lib :  ITTAPI function not implemented: __itt_memory_write
4868 : 0x107ff76c42f : 2 : ittapi_config_apply_per_lib :  ITTAPI function not implemented: __itt_memory_update
4868 : 0x107ff76c436 : 2 : ittapi_config_apply_per_lib :  ITTAPI function not implemented: __itt_state_get
4868 : 0x107ff76c43c : 2 : ittapi_config_apply_per_lib :  ITTAPI function not implemented: __itt_state_set
4868 : 0x107ff76c443 : 2 : ittapi_config_apply_per_lib :  ITTAPI function not implemented: __itt_obj_mode_set
4868 : 0x107ff76c449 : 2 : ittapi_config_apply_per_lib :  ITTAPI function not implemented: __itt_thr_mode_set
4868 : 0x107ff76c4ab : 2 : ittapi_config_apply_per_lib :  ITTAPI function instrumented: __itt_frame_createA
4868 : 0x107ff76c4b2 : 2 : ittapi_config_apply_per_lib :  ITTAPI function instrumented: __itt_frame_createW
4868 : 0x107ff76c4b8 : 2 : ittapi_config_apply_per_lib :  ITTAPI function instrumented: __itt_frame_begin
4868 : 0x107ff76c4be : 2 : ittapi_config_apply_per_lib :  ITTAPI function instrumented: __itt_frame_end
4868 : 0x107ff76c4c3 : 2 : ittapi_config_apply_per_lib :  ITTAPI function instrumented: __itt_counter_createA
4868 : 0x107ff76c4c9 : 2 : ittapi_config_apply_per_lib :  ITTAPI function instrumented: __itt_counter_createW
4868 : 0x107ff76c4ce : 2 : ittapi_config_apply_per_lib :  ITTAPI function NOT instrumented (not matched by --itt-config option): __itt_counter_destroy

4868 : 0x107ff76c4d4 : 2 : ittapi_config_apply_per_lib :  ITTAPI function NOT instrumented (not matched by --itt-config option): __itt_counter_inc

4868 : 0x107ff76c4db : 2 : ittapi_config_apply_per_lib :  ITTAPI function NOT instrumented (not matched by --itt-config option): __itt_counter_inc_delta

4868 : 0x107ff76c4e4 : 2 : ittapi_config_apply_per_lib :  ITTAPI function not implemented: __itt_mark_createA
4868 : 0x107ff76c4f6 : 2 : ittapi_config_apply_per_lib :  ITTAPI function not implemented: __itt_mark_createW
4868 : 0x107ff76c4fc : 2 : ittapi_config_apply_per_lib :  ITTAPI function not implemented: __itt_markA
4868 : 0x107ff76c502 : 2 : ittapi_config_apply_per_lib :  ITTAPI function not implemented: __itt_markW
4868 : 0x107ff76c509 : 2 : ittapi_config_apply_per_lib :  ITTAPI function not implemented: __itt_mark_off
4868 : 0x107ff76c50f : 2 : ittapi_config_apply_per_lib :  ITTAPI function not implemented: __itt_mark_globalA
4868 : 0x107ff76c515 : 2 : ittapi_config_apply_per_lib :  ITTAPI function not implemented: __itt_mark_globalW
4868 : 0x107ff76c51b : 2 : ittapi_config_apply_per_lib :  ITTAPI function not implemented: __itt_mark_global_off
4868 : 0x107ff76c522 : 2 : ittapi_config_apply_per_lib :  ITTAPI function NOT instrumented (not matched by --itt-config option): __itt_stack_caller_create

4868 : 0x107ff76c529 : 2 : ittapi_config_apply_per_lib :  ITTAPI function NOT instrumented (not matched by --itt-config option): __itt_stack_caller_destroy

4868 : 0x107ff76c530 : 2 : ittapi_config_apply_per_lib :  ITTAPI function NOT instrumented (not matched by --itt-config option): __itt_stack_callee_enter

4868 : 0x107ff76c542 : 2 : ittapi_config_apply_per_lib :  ITTAPI function NOT instrumented (not matched by --itt-config option): __itt_stack_callee_leave

4868 : 0x107ff76c54a : 2 : ittapi_config_apply_per_lib :  ITTAPI function not implemented: __itt_clock_domain_create
4868 : 0x107ff76c552 : 2 : ittapi_config_apply_per_lib :  ITTAPI function not implemented: __itt_clock_domain_reset
4868 : 0x107ff76c558 : 2 : ittapi_config_apply_per_lib :  ITTAPI function not implemented: __itt_id_create_ex
4868 : 0x107ff76c55e : 2 : ittapi_config_apply_per_lib :  ITTAPI function not implemented: __itt_id_destroy_ex
4868 : 0x107ff76c563 : 2 : ittapi_config_apply_per_lib :  ITTAPI function NOT instrumented (not matched by --itt-config option): __itt_task_begin_ex

4868 : 0x107ff76c56b : 2 : ittapi_config_apply_per_lib :  ITTAPI function NOT instrumented (not matched by --itt-config option): __itt_task_begin_fn_ex

4868 : 0x107ff76c571 : 2 : ittapi_config_apply_per_lib :  ITTAPI function NOT instrumented (not matched by --itt-config option): __itt_task_end_ex

4868 : 0x107ff76c578 : 2 : ittapi_config_apply_per_lib :  ITTAPI function NOT instrumented (not matched by --itt-config option): __itt_task_begin_overlapped

4868 : 0x107ff76c57f : 2 : ittapi_config_apply_per_lib :  ITTAPI function NOT instrumented (not matched by --itt-config option): __itt_task_begin_overlapped_ex

4868 : 0x107ff76c5c9 : 2 : ittapi_config_apply_per_lib :  ITTAPI function NOT instrumented (not matched by --itt-config option): __itt_task_end_overlapped

4868 : 0x107ff76c5d0 : 2 : ittapi_config_apply_per_lib :  ITTAPI function NOT instrumented (not matched by --itt-config option): __itt_task_end_overlapped_ex

4868 : 0x107ff76c5d9 : 2 : ittapi_config_apply_per_lib :  ITTAPI function not implemented: __itt_marker_ex
4868 : 0x107ff76c5e0 : 2 : ittapi_config_apply_per_lib :  ITTAPI function not implemented: __itt_metadata_add_with_scope
4868 : 0x107ff76c5e7 : 2 : ittapi_config_apply_per_lib :  ITTAPI function not implemented: __itt_metadata_str_add_with_scopeA
4868 : 0x107ff76c5ee : 2 : ittapi_config_apply_per_lib :  ITTAPI function not implemented: __itt_metadata_str_add_with_scopeW
4868 : 0x107ff76c5f4 : 2 : ittapi_config_apply_per_lib :  ITTAPI function not implemented: __itt_relation_add_to_current_ex
4868 : 0x107ff76c5fb : 2 : ittapi_config_apply_per_lib :  ITTAPI function not implemented: __itt_relation_add_ex
4868 : 0x107ff76c602 : 2 : ittapi_config_apply_per_lib :  ITTAPI function not implemented: __itt_track_group_create
4868 : 0x107ff76c608 : 2 : ittapi_config_apply_per_lib :  ITTAPI function not implemented: __itt_track_create
4868 : 0x107ff76c61a : 2 : ittapi_config_apply_per_lib :  ITTAPI function not implemented: __itt_set_track
4868 : 0x107ff76c620 : 2 : ittapi_config_apply_per_lib :  ITTAPI function instrumented: __itt_api_version
4868 : 0x107ff76c626 : 2 : ittapi_config_apply_per_lib :  ITTAPI function not implemented: __itt_av_saveA
4868 : 0x107ff76c62c : 2 : ittapi_config_apply_per_lib :  ITTAPI function not implemented: __itt_av_saveW