  main_bk_tbbfor.cpp
c:\users\raphy\desktop\c\uber\test_uber\kd\uberatc_kdtree.h(364): warning C4267: '=': conversion from 'size_t' to 'int', possible loss of data
  c:\users\raphy\desktop\c\uber\test_uber\kd\uberatc_kdtree.h(353): note: while compiling class template member function 'int uber::atc::KDTree<double>::initialize(const std::vector<uber::atc::Point<VALUE>,std::allocator<_Ty>> &,const std::function<std::pair<int,VALUE> (std::vector<std::shared_ptr<_Ty>,std::allocator<std::shared_ptr<_Ty>>> &)> &)'
          with
          [
              VALUE=double,
              _Ty=uber::atc::Point<double>
          ]
  main_bk_tbbfor.cpp(158): note: see reference to function template instantiation 'int uber::atc::KDTree<double>::initialize(const std::vector<uber::atc::Point<VALUE>,std::allocator<_Ty>> &,const std::function<std::pair<int,VALUE> (std::vector<std::shared_ptr<_Ty>,std::allocator<std::shared_ptr<_Ty>>> &)> &)' being compiled
          with
          [
              VALUE=double,
              _Ty=uber::atc::Point<double>
          ]
  main_bk_tbbfor.cpp(167): note: see reference to function template instantiation 'void build_tree<double>(std::default_random_engine &,std::shared_ptr<uber::atc::KDTree<double>>,int,int)' being compiled
c:\users\raphy\desktop\c\uber\test_uber\kd\uberatc_kdtreeutil.h(88): warning C4267: 'initializing': conversion from 'size_t' to 'int', possible loss of data
  main_bk_tbbfor.cpp(158): note: see reference to function template instantiation 'std::pair<int,VALUE> uber::atc::KDTreeUtil::SimpleSplittingHeuristic<T>(std::vector<std::shared_ptr<uber::atc::Point<VALUE>>,std::allocator<_Ty>> &)' being compiled
          with
          [
              VALUE=double,
              T=double,
              _Ty=std::shared_ptr<uber::atc::Point<double>>
          ]
  Generating code
  14 of 920 functions ( 1.5%) were compiled, the rest were copied from previous compilation.
    0 functions were new in current compilation
    8 functions had inline decision re-evaluated but remain unchanged
  Finished generating code
  kd.vcxproj -> C:\Users\Raphy\Desktop\C\Uber\Test_uber\x64\Release\kd.exe
  kd.vcxproj -> C:\Users\Raphy\Desktop\C\Uber\Test_uber\x64\Release\kd.pdb (Full PDB)
