
1348 : 0x873486cb13 : 2 : ittapi_config_mask_get :  --itt-config mask to be applied: 1
1348 : 0x873486cb2a : 2 : ittapi_config_apply_per_lib :  ITTAPI function instrumented: __itt_domain_createA
1348 : 0x873486cb31 : 2 : ittapi_config_apply_per_lib :  ITTAPI function instrumented: __itt_domain_createW
1348 : 0x873486cb37 : 2 : ittapi_config_apply_per_lib :  ITTAPI function instrumented: __itt_string_handle_createA
1348 : 0x873486cb3d : 2 : ittapi_config_apply_per_lib :  ITTAPI function instrumented: __itt_string_handle_createW
1348 : 0x873486cb43 : 2 : ittapi_config_apply_per_lib :  ITTAPI function instrumented: __itt_pause
1348 : 0x873486cb48 : 2 : ittapi_config_apply_per_lib :  ITTAPI function instrumented: __itt_resume
1348 : 0x873486cb4d : 2 : ittapi_config_apply_per_lib :  ITTAPI function instrumented: __itt_thread_set_nameA
1348 : 0x873486cb52 : 2 : ittapi_config_apply_per_lib :  ITTAPI function instrumented: __itt_thread_set_nameW
1348 : 0x873486cb57 : 2 : ittapi_config_apply_per_lib :  ITTAPI function instrumented: __itt_thread_ignore
1348 : 0x873486cbf6 : 2 : ittapi_config_apply_per_lib :  ITTAPI function instrumented: __itt_thr_name_setA
1348 : 0x873486cbfd : 2 : ittapi_config_apply_per_lib :  ITTAPI function instrumented: __itt_thr_name_setW
1348 : 0x873486cc02 : 2 : ittapi_config_apply_per_lib :  ITTAPI function instrumented: __itt_thr_ignore
1348 : 0x873486cc0a : 2 : ittapi_config_apply_per_lib :  ITTAPI function not implemented: __itt_enable_attach
1348 : 0x873486cc0f : 2 : ittapi_config_apply_per_lib :  ITTAPI function instrumented: __itt_detach
1348 : 0x873486cc14 : 2 : ittapi_config_apply_per_lib :  ITTAPI function NOT instrumented (not matched by --itt-config option): __itt_sync_createA

1348 : 0x873486cc1a : 2 : ittapi_config_apply_per_lib :  ITTAPI function NOT instrumented (not matched by --itt-config option): __itt_sync_createW

1348 : 0x873486cc20 : 2 : ittapi_config_apply_per_lib :  ITTAPI function NOT instrumented (not matched by --itt-config option): __itt_sync_renameA

1348 : 0x873486cc26 : 2 : ittapi_config_apply_per_lib :  ITTAPI function NOT instrumented (not matched by --itt-config option): __itt_sync_renameW

1348 : 0x873486cc2c : 2 : ittapi_config_apply_per_lib :  ITTAPI function NOT instrumented (not matched by --itt-config option): __itt_sync_destroy

1348 : 0x873486cc3f : 2 : ittapi_config_apply_per_lib :  ITTAPI function NOT instrumented (not matched by --itt-config option): __itt_sync_prepare

1348 : 0x873486cc45 : 2 : ittapi_config_apply_per_lib :  ITTAPI function NOT instrumented (not matched by --itt-config option): __itt_sync_cancel

1348 : 0x873486cc4b : 2 : ittapi_config_apply_per_lib :  ITTAPI function NOT instrumented (not matched by --itt-config option): __itt_sync_acquired

1348 : 0x873486cc51 : 2 : ittapi_config_apply_per_lib :  ITTAPI function NOT instrumented (not matched by --itt-config option): __itt_sync_releasing

1348 : 0x873486cc59 : 2 : ittapi_config_apply_per_lib :  ITTAPI function not implemented: __itt_suppress_push
1348 : 0x873486cc5f : 2 : ittapi_config_apply_per_lib :  ITTAPI function not implemented: __itt_suppress_pop
1348 : 0x873486cc64 : 2 : ittapi_config_apply_per_lib :  ITTAPI function not implemented: __itt_suppress_mark_range
1348 : 0x873486cc6a : 2 : ittapi_config_apply_per_lib :  ITTAPI function not implemented: __itt_suppress_clear_range
1348 : 0x873486cc6f : 2 : ittapi_config_apply_per_lib :  ITTAPI function NOT instrumented (not matched by --itt-config option): __itt_sync_prepare

1348 : 0x873486cc74 : 2 : ittapi_config_apply_per_lib :  ITTAPI function NOT instrumented (not matched by --itt-config option): __itt_sync_cancel

1348 : 0x873486cc82 : 2 : ittapi_config_apply_per_lib :  ITTAPI function NOT instrumented (not matched by --itt-config option): __itt_sync_acquired

1348 : 0x873486cc89 : 2 : ittapi_config_apply_per_lib :  ITTAPI function NOT instrumented (not matched by --itt-config option): __itt_sync_releasing

1348 : 0x873486cc91 : 2 : ittapi_config_apply_per_lib :  ITTAPI function not implemented: __itt_model_site_begin
1348 : 0x873486cc97 : 2 : ittapi_config_apply_per_lib :  ITTAPI function not implemented: __itt_model_site_end
1348 : 0x873486cc9d : 2 : ittapi_config_apply_per_lib :  ITTAPI function not implemented: __itt_model_task_begin
1348 : 0x873486cca4 : 2 : ittapi_config_apply_per_lib :  ITTAPI function not implemented: __itt_model_task_end
1348 : 0x873486ccab : 2 : ittapi_config_apply_per_lib :  ITTAPI function not implemented: __itt_model_lock_acquire
1348 : 0x873486ccb2 : 2 : ittapi_config_apply_per_lib :  ITTAPI function not implemented: __itt_model_lock_release
1348 : 0x873486ccb8 : 2 : ittapi_config_apply_per_lib :  ITTAPI function not implemented: __itt_model_record_allocation
1348 : 0x873486ccbf : 2 : ittapi_config_apply_per_lib :  ITTAPI function not implemented: __itt_model_record_deallocation
1348 : 0x873486cd0f : 2 : ittapi_config_apply_per_lib :  ITTAPI function not implemented: __itt_model_induction_uses
1348 : 0x873486cd20 : 2 : ittapi_config_apply_per_lib :  ITTAPI function not implemented: __itt_model_reduction_uses
1348 : 0x873486cd25 : 2 : ittapi_config_apply_per_lib :  ITTAPI function not implemented: __itt_model_observe_uses
1348 : 0x873486cd2a : 2 : ittapi_config_apply_per_lib :  ITTAPI function not implemented: __itt_model_clear_uses
1348 : 0x873486cd2f : 2 : ittapi_config_apply_per_lib :  ITTAPI function not implemented: __itt_model_site_beginW
1348 : 0x873486cd34 : 2 : ittapi_config_apply_per_lib :  ITTAPI function not implemented: __itt_model_task_beginW
1348 : 0x873486cd39 : 2 : ittapi_config_apply_per_lib :  ITTAPI function not implemented: __itt_model_iteration_taskW
1348 : 0x873486cd3d : 2 : ittapi_config_apply_per_lib :  ITTAPI function not implemented: __itt_model_site_beginA
1348 : 0x873486cd4a : 2 : ittapi_config_apply_per_lib :  ITTAPI function not implemented: __itt_model_site_beginAL
1348 : 0x873486cd4f : 2 : ittapi_config_apply_per_lib :  ITTAPI function not implemented: __itt_model_task_beginA
1348 : 0x873486cd6e : 2 : ittapi_config_apply_per_lib :  ITTAPI function not implemented: __itt_model_task_beginAL
1348 : 0x873486cd76 : 2 : ittapi_config_apply_per_lib :  ITTAPI function not implemented: __itt_model_iteration_taskA
1348 : 0x873486cd7a : 2 : ittapi_config_apply_per_lib :  ITTAPI function not implemented: __itt_model_iteration_taskAL
1348 : 0x873486cd7f : 2 : ittapi_config_apply_per_lib :  ITTAPI function not implemented: __itt_model_site_end_2
1348 : 0x873486cd84 : 2 : ittapi_config_apply_per_lib :  ITTAPI function not implemented: __itt_model_task_end_2
1348 : 0x873486cd89 : 2 : ittapi_config_apply_per_lib :  ITTAPI function not implemented: __itt_model_lock_acquire_2
1348 : 0x873486cd8e : 2 : ittapi_config_apply_per_lib :  ITTAPI function not implemented: __itt_model_lock_release_2
1348 : 0x873486cd94 : 2 : ittapi_config_apply_per_lib :  ITTAPI function not implemented: __itt_model_aggregate_task
1348 : 0x873486cd99 : 2 : ittapi_config_apply_per_lib :  ITTAPI function not implemented: __itt_model_disable_push
1348 : 0x873486cd9e : 2 : ittapi_config_apply_per_lib :  ITTAPI function not implemented: __itt_model_disable_pop
1348 : 0x873486cdac : 2 : ittapi_config_apply_per_lib :  ITTAPI function instrumented: __itt_heap_function_createA
1348 : 0x873486cdb2 : 2 : ittapi_config_apply_per_lib :  ITTAPI function instrumented: __itt_heap_function_createW
1348 : 0x873486cdb7 : 2 : ittapi_config_apply_per_lib :  ITTAPI function instrumented: __itt_heap_allocate_begin
1348 : 0x873486cdbd : 2 : ittapi_config_apply_per_lib :  ITTAPI function instrumented: __itt_heap_allocate_end
1348 : 0x873486cdc4 : 2 : ittapi_config_apply_per_lib :  ITTAPI function instrumented: __itt_heap_free_begin
1348 : 0x873486cdc9 : 2 : ittapi_config_apply_per_lib :  ITTAPI function instrumented: __itt_heap_free_end
1348 : 0x873486cdcf : 2 : ittapi_config_apply_per_lib :  ITTAPI function instrumented: __itt_heap_reallocate_begin
1348 : 0x873486cdd5 : 2 : ittapi_config_apply_per_lib :  ITTAPI function instrumented: __itt_heap_reallocate_end
1348 : 0x873486cddb : 2 : ittapi_config_apply_per_lib :  ITTAPI function not implemented: __itt_heap_internal_access_begin
1348 : 0x873486cde1 : 2 : ittapi_config_apply_per_lib :  ITTAPI function not implemented: __itt_heap_internal_access_end
1348 : 0x873486ce27 : 2 : ittapi_config_apply_per_lib :  ITTAPI function not implemented: __itt_heap_record_memory_growth_begin
1348 : 0x873486ce30 : 2 : ittapi_config_apply_per_lib :  ITTAPI function not implemented: __itt_heap_record_memory_growth_end
1348 : 0x873486ce37 : 2 : ittapi_config_apply_per_lib :  ITTAPI function not implemented: __itt_heap_reset_detection
1348 : 0x873486ce3c : 2 : ittapi_config_apply_per_lib :  ITTAPI function not implemented: __itt_heap_record
1348 : 0x873486ce40 : 2 : ittapi_config_apply_per_lib :  ITTAPI function not implemented: __itt_id_create
1348 : 0x873486ce44 : 2 : ittapi_config_apply_per_lib :  ITTAPI function not implemented: __itt_id_destroy
1348 : 0x873486ce48 : 2 : ittapi_config_apply_per_lib :  ITTAPI function instrumented: __itt_get_timestamp
1348 : 0x873486ce4c : 2 : ittapi_config_apply_per_lib :  ITTAPI function not implemented: __itt_region_begin
1348 : 0x873486ce50 : 2 : ittapi_config_apply_per_lib :  ITTAPI function not implemented: __itt_region_end
1348 : 0x873486ce54 : 2 : ittapi_config_apply_per_lib :  ITTAPI function instrumented: __itt_frame_begin_v3
1348 : 0x873486ce62 : 2 : ittapi_config_apply_per_lib :  ITTAPI function instrumented: __itt_frame_end_v3
1348 : 0x873486ce66 : 2 : ittapi_config_apply_per_lib :  ITTAPI function instrumented: __itt_frame_submit_v3
1348 : 0x873486ce69 : 2 : ittapi_config_apply_per_lib :  ITTAPI function NOT instrumented (not matched by --itt-config option): __itt_task_group

1348 : 0x873486ce6e : 2 : ittapi_config_apply_per_lib :  ITTAPI function NOT instrumented (not matched by --itt-config option): __itt_task_begin

1348 : 0x873486ce72 : 2 : ittapi_config_apply_per_lib :  ITTAPI function NOT instrumented (not matched by --itt-config option): __itt_task_begin_fn

1348 : 0x873486ce76 : 2 : ittapi_config_apply_per_lib :  ITTAPI function NOT instrumented (not matched by --itt-config option): __itt_task_end

1348 : 0x873486ce7b : 2 : ittapi_config_apply_per_lib :  ITTAPI function NOT instrumented (not matched by --itt-config option): __itt_counter_inc_v3

1348 : 0x873486ce86 : 2 : ittapi_config_apply_per_lib :  ITTAPI function NOT instrumented (not matched by --itt-config option): __itt_counter_inc_delta_v3

1348 : 0x873486ce8b : 2 : ittapi_config_apply_per_lib :  ITTAPI function not implemented: __itt_marker
1348 : 0x873486ce8f : 2 : ittapi_config_apply_per_lib :  ITTAPI function instrumented: __itt_metadata_add
1348 : 0x873486ce98 : 2 : ittapi_config_apply_per_lib :  ITTAPI function not implemented: __itt_metadata_str_addA
1348 : 0x873486ce9c : 2 : ittapi_config_apply_per_lib :  ITTAPI function not implemented: __itt_metadata_str_addW
1348 : 0x873486cea0 : 2 : ittapi_config_apply_per_lib :  ITTAPI function not implemented: __itt_relation_add_to_current
1348 : 0x873486cea4 : 2 : ittapi_config_apply_per_lib :  ITTAPI function not implemented: __itt_relation_add
1348 : 0x873486cea8 : 2 : ittapi_config_apply_per_lib :  ITTAPI function instrumented: __itt_event_createA
1348 : 0x873486ceac : 2 : ittapi_config_apply_per_lib :  ITTAPI function instrumented: __itt_event_createW
1348 : 0x873486ceaf : 2 : ittapi_config_apply_per_lib :  ITTAPI function NOT instrumented (not matched by --itt-config option): __itt_event_start

1348 : 0x873486ceb4 : 2 : ittapi_config_apply_per_lib :  ITTAPI function NOT instrumented (not matched by --itt-config option): __itt_event_end

1348 : 0x873486ceb8 : 2 : ittapi_config_apply_per_lib :  ITTAPI function NOT instrumented (not matched by --itt-config option): __itt_sync_set_nameA

1348 : 0x873486cebc : 2 : ittapi_config_apply_per_lib :  ITTAPI function NOT instrumented (not matched by --itt-config option): __itt_sync_set_nameW

1348 : 0x873486cec6 : 2 : ittapi_config_apply_per_lib :  ITTAPI function NOT instrumented (not matched by --itt-config option): __itt_notify_sync_nameA

1348 : 0x873486ceca : 2 : ittapi_config_apply_per_lib :  ITTAPI function NOT instrumented (not matched by --itt-config option): __itt_notify_sync_nameW

1348 : 0x873486cecf : 2 : ittapi_config_apply_per_lib :  ITTAPI function NOT instrumented (not matched by --itt-config option): __itt_notify_sync_prepare

1348 : 0x873486ced3 : 2 : ittapi_config_apply_per_lib :  ITTAPI function NOT instrumented (not matched by --itt-config option): __itt_notify_sync_cancel

1348 : 0x873486ced7 : 2 : ittapi_config_apply_per_lib :  ITTAPI function NOT instrumented (not matched by --itt-config option): __itt_notify_sync_acquired

1348 : 0x873486cedc : 2 : ittapi_config_apply_per_lib :  ITTAPI function NOT instrumented (not matched by --itt-config option): __itt_notify_sync_releasing

1348 : 0x873486cee1 : 2 : ittapi_config_apply_per_lib :  ITTAPI function not implemented: __itt_memory_read
1348 : 0x873486cee5 : 2 : ittapi_config_apply_per_lib :  ITTAPI function not implemented: __itt_memory_write
1348 : 0x873486cee9 : 2 : ittapi_config_apply_per_lib :  ITTAPI function not implemented: __itt_memory_update
1348 : 0x873486ceed : 2 : ittapi_config_apply_per_lib :  ITTAPI function not implemented: __itt_state_get
1348 : 0x873486cef8 : 2 : ittapi_config_apply_per_lib :  ITTAPI function not implemented: __itt_state_set
1348 : 0x873486cefc : 2 : ittapi_config_apply_per_lib :  ITTAPI function not implemented: __itt_obj_mode_set
1348 : 0x873486cf00 : 2 : ittapi_config_apply_per_lib :  ITTAPI function not implemented: __itt_thr_mode_set
1348 : 0x873486cf04 : 2 : ittapi_config_apply_per_lib :  ITTAPI function instrumented: __itt_frame_createA
1348 : 0x873486cf08 : 2 : ittapi_config_apply_per_lib :  ITTAPI function instrumented: __itt_frame_createW
1348 : 0x873486cf0b : 2 : ittapi_config_apply_per_lib :  ITTAPI function instrumented: __itt_frame_begin
1348 : 0x873486cf0f : 2 : ittapi_config_apply_per_lib :  ITTAPI function instrumented: __itt_frame_end
1348 : 0x873486cf14 : 2 : ittapi_config_apply_per_lib :  ITTAPI function instrumented: __itt_counter_createA
1348 : 0x873486cf17 : 2 : ittapi_config_apply_per_lib :  ITTAPI function instrumented: __itt_counter_createW
1348 : 0x873486cf1b : 2 : ittapi_config_apply_per_lib :  ITTAPI function NOT instrumented (not matched by --itt-config option): __itt_counter_destroy

1348 : 0x873486cf25 : 2 : ittapi_config_apply_per_lib :  ITTAPI function NOT instrumented (not matched by --itt-config option): __itt_counter_inc

1348 : 0x873486cf2a : 2 : ittapi_config_apply_per_lib :  ITTAPI function NOT instrumented (not matched by --itt-config option): __itt_counter_inc_delta

1348 : 0x873486cf2f : 2 : ittapi_config_apply_per_lib :  ITTAPI function not implemented: __itt_mark_createA
1348 : 0x873486cf32 : 2 : ittapi_config_apply_per_lib :  ITTAPI function not implemented: __itt_mark_createW
1348 : 0x873486cf36 : 2 : ittapi_config_apply_per_lib :  ITTAPI function not implemented: __itt_markA
1348 : 0x873486cf3a : 2 : ittapi_config_apply_per_lib :  ITTAPI function not implemented: __itt_markW
1348 : 0x873486cf3e : 2 : ittapi_config_apply_per_lib :  ITTAPI function not implemented: __itt_mark_off
1348 : 0x873486cf42 : 2 : ittapi_config_apply_per_lib :  ITTAPI function not implemented: __itt_mark_globalA
1348 : 0x873486cf46 : 2 : ittapi_config_apply_per_lib :  ITTAPI function not implemented: __itt_mark_globalW
1348 : 0x873486cf4a : 2 : ittapi_config_apply_per_lib :  ITTAPI function not implemented: __itt_mark_global_off
1348 : 0x873486cf52 : 2 : ittapi_config_apply_per_lib :  ITTAPI function NOT instrumented (not matched by --itt-config option): __itt_stack_caller_create

1348 : 0x873486cf57 : 2 : ittapi_config_apply_per_lib :  ITTAPI function NOT instrumented (not matched by --itt-config option): __itt_stack_caller_destroy

1348 : 0x873486cf5b : 2 : ittapi_config_apply_per_lib :  ITTAPI function NOT instrumented (not matched by --itt-config option): __itt_stack_callee_enter

1348 : 0x873486cf60 : 2 : ittapi_config_apply_per_lib :  ITTAPI function NOT instrumented (not matched by --itt-config option): __itt_stack_callee_leave

1348 : 0x873486cf65 : 2 : ittapi_config_apply_per_lib :  ITTAPI function not implemented: __itt_clock_domain_create
1348 : 0x873486cf69 : 2 : ittapi_config_apply_per_lib :  ITTAPI function not implemented: __itt_clock_domain_reset
1348 : 0x873486cf6d : 2 : ittapi_config_apply_per_lib :  ITTAPI function not implemented: __itt_id_create_ex
1348 : 0x873486cf71 : 2 : ittapi_config_apply_per_lib :  ITTAPI function not implemented: __itt_id_destroy_ex
1348 : 0x873486cf75 : 2 : ittapi_config_apply_per_lib :  ITTAPI function NOT instrumented (not matched by --itt-config option): __itt_task_begin_ex

1348 : 0x873486cf79 : 2 : ittapi_config_apply_per_lib :  ITTAPI function NOT instrumented (not matched by --itt-config option): __itt_task_begin_fn_ex

1348 : 0x873486cf84 : 2 : ittapi_config_apply_per_lib :  ITTAPI function NOT instrumented (not matched by --itt-config option): __itt_task_end_ex

1348 : 0x873486cf88 : 2 : ittapi_config_apply_per_lib :  ITTAPI function NOT instrumented (not matched by --itt-config option): __itt_task_begin_overlapped

1348 : 0x873486cf8d : 2 : ittapi_config_apply_per_lib :  ITTAPI function NOT instrumented (not matched by --itt-config option): __itt_task_begin_overlapped_ex

1348 : 0x873486cf91 : 2 : ittapi_config_apply_per_lib :  ITTAPI function NOT instrumented (not matched by --itt-config option): __itt_task_end_overlapped

1348 : 0x873486cf95 : 2 : ittapi_config_apply_per_lib :  ITTAPI function NOT instrumented (not matched by --itt-config option): __itt_task_end_overlapped_ex

1348 : 0x873486cf9a : 2 : ittapi_config_apply_per_lib :  ITTAPI function not implemented: __itt_marker_ex
1348 : 0x873486cf9f : 2 : ittapi_config_apply_per_lib :  ITTAPI function not implemented: __itt_metadata_add_with_scope
1348 : 0x873486cfa3 : 2 : ittapi_config_apply_per_lib :  ITTAPI function not implemented: __itt_metadata_str_add_with_scopeA
1348 : 0x873486cfa7 : 2 : ittapi_config_apply_per_lib :  ITTAPI function not implemented: __itt_metadata_str_add_with_scopeW
1348 : 0x873486cfab : 2 : ittapi_config_apply_per_lib :  ITTAPI function not implemented: __itt_relation_add_to_current_ex
1348 : 0x873486cfb5 : 2 : ittapi_config_apply_per_lib :  ITTAPI function not implemented: __itt_relation_add_ex
1348 : 0x873486cfba : 2 : ittapi_config_apply_per_lib :  ITTAPI function not implemented: __itt_track_group_create
1348 : 0x873486cfbe : 2 : ittapi_config_apply_per_lib :  ITTAPI function not implemented: __itt_track_create
1348 : 0x873486cfc2 : 2 : ittapi_config_apply_per_lib :  ITTAPI function not implemented: __itt_set_track
1348 : 0x873486cfc6 : 2 : ittapi_config_apply_per_lib :  ITTAPI function instrumented: __itt_api_version
1348 : 0x873486cfca : 2 : ittapi_config_apply_per_lib :  ITTAPI function not implemented: __itt_av_saveA
1348 : 0x873486cfcd : 2 : ittapi_config_apply_per_lib :  ITTAPI function not implemented: __itt_av_saveW
1348 : 0x873486d66b : 2 : ittapi_config_mask_get :  --itt-config mask to be applied: 1
1348 : 0x873486d684 : 2 : ittapi_config_apply_per_lib :  ITTAPI function instrumented: __itt_domain_createA
1348 : 0x873486d68a : 2 : ittapi_config_apply_per_lib :  ITTAPI function instrumented: __itt_domain_createW
1348 : 0x873486d6b2 : 2 : ittapi_config_apply_per_lib :  ITTAPI function instrumented: __itt_string_handle_createA
1348 : 0x873486d6b9 : 2 : ittapi_config_apply_per_lib :  ITTAPI function instrumented: __itt_string_handle_createW
1348 : 0x873486d6c0 : 2 : ittapi_config_apply_per_lib :  ITTAPI function instrumented: __itt_pause
1348 : 0x873486d6c5 : 2 : ittapi_config_apply_per_lib :  ITTAPI function instrumented: __itt_resume
1348 : 0x873486d6cb : 2 : ittapi_config_apply_per_lib :  ITTAPI function instrumented: __itt_thread_set_nameA
1348 : 0x873486d6d1 : 2 : ittapi_config_apply_per_lib :  ITTAPI function instrumented: __itt_thread_set_nameW
1348 : 0x873486d6d8 : 2 : ittapi_config_apply_per_lib :  ITTAPI function instrumented: __itt_thread_ignore
1348 : 0x873486d6df : 2 : ittapi_config_apply_per_lib :  ITTAPI function instrumented: __itt_thr_name_setA
1348 : 0x873486d6e5 : 2 : ittapi_config_apply_per_lib :  ITTAPI function instrumented: __itt_thr_name_setW
1348 : 0x873486d6ea : 2 : ittapi_config_apply_per_lib :  ITTAPI function instrumented: __itt_thr_ignore
1348 : 0x873486d702 : 2 : ittapi_config_apply_per_lib :  ITTAPI function not implemented: __itt_enable_attach
1348 : 0x873486d708 : 2 : ittapi_config_apply_per_lib :  ITTAPI function instrumented: __itt_detach
1348 : 0x873486d70c : 2 : ittapi_config_apply_per_lib :  ITTAPI function NOT instrumented (not matched by --itt-config option): __itt_sync_createA

1348 : 0x873486d712 : 2 : ittapi_config_apply_per_lib :  ITTAPI function NOT instrumented (not matched by --itt-config option): __itt_sync_createW

1348 : 0x873486d717 : 2 : ittapi_config_apply_per_lib :  ITTAPI function NOT instrumented (not matched by --itt-config option): __itt_sync_renameA

1348 : 0x873486d71c : 2 : ittapi_config_apply_per_lib :  ITTAPI function NOT instrumented (not matched by --itt-config option): __itt_sync_renameW

1348 : 0x873486d722 : 2 : ittapi_config_apply_per_lib :  ITTAPI function NOT instrumented (not matched by --itt-config option): __itt_sync_destroy

1348 : 0x873486d727 : 2 : ittapi_config_apply_per_lib :  ITTAPI function NOT instrumented (not matched by --itt-config option): __itt_sync_prepare

1348 : 0x873486d72c : 2 : ittapi_config_apply_per_lib :  ITTAPI function NOT instrumented (not matched by --itt-config option): __itt_sync_cancel

1348 : 0x873486d732 : 2 : ittapi_config_apply_per_lib :  ITTAPI function NOT instrumented (not matched by --itt-config option): __itt_sync_acquired

1348 : 0x873486d74d : 2 : ittapi_config_apply_per_lib :  ITTAPI function NOT instrumented (not matched by --itt-config option): __itt_sync_releasing

1348 : 0x873486d754 : 2 : ittapi_config_apply_per_lib :  ITTAPI function not implemented: __itt_suppress_push
1348 : 0x873486d759 : 2 : ittapi_config_apply_per_lib :  ITTAPI function not implemented: __itt_suppress_pop
1348 : 0x873486d75e : 2 : ittapi_config_apply_per_lib :  ITTAPI function not implemented: __itt_suppress_mark_range
1348 : 0x873486d763 : 2 : ittapi_config_apply_per_lib :  ITTAPI function not implemented: __itt_suppress_clear_range
1348 : 0x873486d767 : 2 : ittapi_config_apply_per_lib :  ITTAPI function NOT instrumented (not matched by --itt-config option): __itt_sync_prepare

1348 : 0x873486d76d : 2 : ittapi_config_apply_per_lib :  ITTAPI function NOT instrumented (not matched by --itt-config option): __itt_sync_cancel

1348 : 0x873486d772 : 2 : ittapi_config_apply_per_lib :  ITTAPI function NOT instrumented (not matched by --itt-config option): __itt_sync_acquired

1348 : 0x873486d778 : 2 : ittapi_config_apply_per_lib :  ITTAPI function NOT instrumented (not matched by --itt-config option): __itt_sync_releasing

1348 : 0x873486d780 : 2 : ittapi_config_apply_per_lib :  ITTAPI function not implemented: __itt_model_site_begin
1348 : 0x873486d790 : 2 : ittapi_config_apply_per_lib :  ITTAPI function not implemented: __itt_model_site_end
1348 : 0x873486d797 : 2 : ittapi_config_apply_per_lib :  ITTAPI function not implemented: __itt_model_task_begin
1348 : 0x873486d79d : 2 : ittapi_config_apply_per_lib :  ITTAPI function not implemented: __itt_model_task_end
1348 : 0x873486d7a5 : 2 : ittapi_config_apply_per_lib :  ITTAPI function not implemented: __itt_model_lock_acquire
1348 : 0x873486d7ab : 2 : ittapi_config_apply_per_lib :  ITTAPI function not implemented: __itt_model_lock_release
1348 : 0x873486d7b2 : 2 : ittapi_config_apply_per_lib :  ITTAPI function not implemented: __itt_model_record_allocation
1348 : 0x873486d7b7 : 2 : ittapi_config_apply_per_lib :  ITTAPI function not implemented: __itt_model_record_deallocation
1348 : 0x873486d7bc : 2 : ittapi_config_apply_per_lib :  ITTAPI function not implemented: __itt_model_induction_uses
1348 : 0x873486d7c1 : 2 : ittapi_config_apply_per_lib :  ITTAPI function not implemented: __itt_model_reduction_uses
1348 : 0x873486d7c6 : 2 : ittapi_config_apply_per_lib :  ITTAPI function not implemented: __itt_model_observe_uses
1348 : 0x873486d7e1 : 2 : ittapi_config_apply_per_lib :  ITTAPI function not implemented: __itt_model_clear_uses
1348 : 0x873486d7e6 : 2 : ittapi_config_apply_per_lib :  ITTAPI function not implemented: __itt_model_site_beginW
1348 : 0x873486d7eb : 2 : ittapi_config_apply_per_lib :  ITTAPI function not implemented: __itt_model_task_beginW
1348 : 0x873486d7f0 : 2 : ittapi_config_apply_per_lib :  ITTAPI function not implemented: __itt_model_iteration_taskW
1348 : 0x873486d7f4 : 2 : ittapi_config_apply_per_lib :  ITTAPI function not implemented: __itt_model_site_beginA
1348 : 0x873486d7f9 : 2 : ittapi_config_apply_per_lib :  ITTAPI function not implemented: __itt_model_site_beginAL
1348 : 0x873486d7fe : 2 : ittapi_config_apply_per_lib :  ITTAPI function not implemented: __itt_model_task_beginA
1348 : 0x873486d803 : 2 : ittapi_config_apply_per_lib :  ITTAPI function not implemented: __itt_model_task_beginAL
1348 : 0x873486d807 : 2 : ittapi_config_apply_per_lib :  ITTAPI function not implemented: __itt_model_iteration_taskA
1348 : 0x873486d80c : 2 : ittapi_config_apply_per_lib :  ITTAPI function not implemented: __itt_model_iteration_taskAL
1348 : 0x873486d830 : 2 : ittapi_config_apply_per_lib :  ITTAPI function not implemented: __itt_model_site_end_2
1348 : 0x873486d835 : 2 : ittapi_config_apply_per_lib :  ITTAPI function not implemented: __itt_model_task_end_2
1348 : 0x873486d83a : 2 : ittapi_config_apply_per_lib :  ITTAPI function not implemented: __itt_model_lock_acquire_2
1348 : 0x873486d83e : 2 : ittapi_config_apply_per_lib :  ITTAPI function not implemented: __itt_model_lock_release_2
1348 : 0x873486d844 : 2 : ittapi_config_apply_per_lib :  ITTAPI function not implemented: __itt_model_aggregate_task
1348 : 0x873486d84b : 2 : ittapi_config_apply_per_lib :  ITTAPI function not implemented: __itt_model_disable_push
1348 : 0x873486d851 : 2 : ittapi_config_apply_per_lib :  ITTAPI function not implemented: __itt_model_disable_pop
1348 : 0x873486d857 : 2 : ittapi_config_apply_per_lib :  ITTAPI function instrumented: __itt_heap_function_createA
1348 : 0x873486d85d : 2 : ittapi_config_apply_per_lib :  ITTAPI function instrumented: __itt_heap_function_createW
1348 : 0x873486d863 : 2 : ittapi_config_apply_per_lib :  ITTAPI function instrumented: __itt_heap_allocate_begin
1348 : 0x873486d877 : 2 : ittapi_config_apply_per_lib :  ITTAPI function instrumented: __itt_heap_allocate_end
1348 : 0x873486d87d : 2 : ittapi_config_apply_per_lib :  ITTAPI function instrumented: __itt_heap_free_begin
1348 : 0x873486d883 : 2 : ittapi_config_apply_per_lib :  ITTAPI function instrumented: __itt_heap_free_end
1348 : 0x873486d888 : 2 : ittapi_config_apply_per_lib :  ITTAPI function instrumented: __itt_heap_reallocate_begin
1348 : 0x873486d891 : 2 : ittapi_config_apply_per_lib :  ITTAPI function instrumented: __itt_heap_reallocate_end
1348 : 0x873486d898 : 2 : ittapi_config_apply_per_lib :  ITTAPI function not implemented: __itt_heap_internal_access_begin
1348 : 0x873486d89f : 2 : ittapi_config_apply_per_lib :  ITTAPI function not implemented: __itt_heap_internal_access_end
1348 : 0x873486d8a6 : 2 : ittapi_config_apply_per_lib :  ITTAPI function not implemented: __itt_heap_record_memory_growth_begin
1348 : 0x873486d8ad : 2 : ittapi_config_apply_per_lib :  ITTAPI function not implemented: __itt_heap_record_memory_growth_end
1348 : 0x873486d8b3 : 2 : ittapi_config_apply_per_lib :  ITTAPI function not implemented: __itt_heap_reset_detection
1348 : 0x873486d8c5 : 2 : ittapi_config_apply_per_lib :  ITTAPI function not implemented: __itt_heap_record
1348 : 0x873486d8cb : 2 : ittapi_config_apply_per_lib :  ITTAPI function not implemented: __itt_id_create
1348 : 0x873486d8d1 : 2 : ittapi_config_apply_per_lib :  ITTAPI function not implemented: __itt_id_destroy
1348 : 0x873486d8d6 : 2 : ittapi_config_apply_per_lib :  ITTAPI function instrumented: __itt_get_timestamp
1348 : 0x873486d8db : 2 : ittapi_config_apply_per_lib :  ITTAPI function not implemented: __itt_region_begin
1348 : 0x873486d8df : 2 : ittapi_config_apply_per_lib :  ITTAPI function not implemented: __itt_region_end
1348 : 0x873486d8e4 : 2 : ittapi_config_apply_per_lib :  ITTAPI function instrumented: __itt_frame_begin_v3
1348 : 0x873486d8e9 : 2 : ittapi_config_apply_per_lib :  ITTAPI function instrumented: __itt_frame_end_v3
1348 : 0x873486d8ed : 2 : ittapi_config_apply_per_lib :  ITTAPI function instrumented: __itt_frame_submit_v3
1348 : 0x873486d8f1 : 2 : ittapi_config_apply_per_lib :  ITTAPI function NOT instrumented (not matched by --itt-config option): __itt_task_group

1348 : 0x873486d90e : 2 : ittapi_config_apply_per_lib :  ITTAPI function NOT instrumented (not matched by --itt-config option): __itt_task_begin

1348 : 0x873486d914 : 2 : ittapi_config_apply_per_lib :  ITTAPI function NOT instrumented (not matched by --itt-config option): __itt_task_begin_fn

1348 : 0x873486d919 : 2 : ittapi_config_apply_per_lib :  ITTAPI function NOT instrumented (not matched by --itt-config option): __itt_task_end

1348 : 0x873486d91f : 2 : ittapi_config_apply_per_lib :  ITTAPI function NOT instrumented (not matched by --itt-config option): __itt_counter_inc_v3

1348 : 0x873486d925 : 2 : ittapi_config_apply_per_lib :  ITTAPI function NOT instrumented (not matched by --itt-config option): __itt_counter_inc_delta_v3

1348 : 0x873486d92b : 2 : ittapi_config_apply_per_lib :  ITTAPI function not implemented: __itt_marker
1348 : 0x873486d930 : 2 : ittapi_config_apply_per_lib :  ITTAPI function instrumented: __itt_metadata_add
1348 : 0x873486d935 : 2 : ittapi_config_apply_per_lib :  ITTAPI function not implemented: __itt_metadata_str_addA
1348 : 0x873486d93a : 2 : ittapi_config_apply_per_lib :  ITTAPI function not implemented: __itt_metadata_str_addW
1348 : 0x873486d93f : 2 : ittapi_config_apply_per_lib :  ITTAPI function not implemented: __itt_relation_add_to_current
1348 : 0x873486d95d : 2 : ittapi_config_apply_per_lib :  ITTAPI function not implemented: __itt_relation_add
1348 : 0x873486d964 : 2 : ittapi_config_apply_per_lib :  ITTAPI function instrumented: __itt_event_createA
1348 : 0x873486d96a : 2 : ittapi_config_apply_per_lib :  ITTAPI function instrumented: __itt_event_createW
1348 : 0x873486d96f : 2 : ittapi_config_apply_per_lib :  ITTAPI function NOT instrumented (not matched by --itt-config option): __itt_event_start

1348 : 0x873486d976 : 2 : ittapi_config_apply_per_lib :  ITTAPI function NOT instrumented (not matched by --itt-config option): __itt_event_end

1348 : 0x873486d97d : 2 : ittapi_config_apply_per_lib :  ITTAPI function NOT instrumented (not matched by --itt-config option): __itt_sync_set_nameA

1348 : 0x873486d986 : 2 : ittapi_config_apply_per_lib :  ITTAPI function NOT instrumented (not matched by --itt-config option): __itt_sync_set_nameW

1348 : 0x873486d98d : 2 : ittapi_config_apply_per_lib :  ITTAPI function NOT instrumented (not matched by --itt-config option): __itt_notify_sync_nameA

1348 : 0x873486d994 : 2 : ittapi_config_apply_per_lib :  ITTAPI function NOT instrumented (not matched by --itt-config option): __itt_notify_sync_nameW

1348 : 0x873486d999 : 2 : ittapi_config_apply_per_lib :  ITTAPI function NOT instrumented (not matched by --itt-config option): __itt_notify_sync_prepare

1348 : 0x873486d9b2 : 2 : ittapi_config_apply_per_lib :  ITTAPI function NOT instrumented (not matched by --itt-config option): __itt_notify_sync_cancel

1348 : 0x873486d9b8 : 2 : ittapi_config_apply_per_lib :  ITTAPI function NOT instrumented (not matched by --itt-config option): __itt_notify_sync_acquired

1348 : 0x873486d9bd : 2 : ittapi_config_apply_per_lib :  ITTAPI function NOT instrumented (not matched by --itt-config option): __itt_notify_sync_releasing

1348 : 0x873486d9cb : 2 : ittapi_config_apply_per_lib :  ITTAPI function not implemented: __itt_memory_read
1348 : 0x873486d9d0 : 2 : ittapi_config_apply_per_lib :  ITTAPI function not implemented: __itt_memory_write
1348 : 0x873486d9d4 : 2 : ittapi_config_apply_per_lib :  ITTAPI function not implemented: __itt_memory_update
1348 : 0x873486d9d9 : 2 : ittapi_config_apply_per_lib :  ITTAPI function not implemented: __itt_state_get
1348 : 0x873486d9de : 2 : ittapi_config_apply_per_lib :  ITTAPI function not implemented: __itt_state_set
1348 : 0x873486d9e3 : 2 : ittapi_config_apply_per_lib :  ITTAPI function not implemented: __itt_obj_mode_set
1348 : 0x873486d9e8 : 2 : ittapi_config_apply_per_lib :  ITTAPI function not implemented: __itt_thr_mode_set
1348 : 0x873486da79 : 2 : ittapi_config_apply_per_lib :  ITTAPI function instrumented: __itt_frame_createA
1348 : 0x873486da82 : 2 : ittapi_config_apply_per_lib :  ITTAPI function instrumented: __itt_frame_createW
1348 : 0x873486da87 : 2 : ittapi_config_apply_per_lib :  ITTAPI function instrumented: __itt_frame_begin
1348 : 0x873486da8c : 2 : ittapi_config_apply_per_lib :  ITTAPI function instrumented: __itt_frame_end
1348 : 0x873486da90 : 2 : ittapi_config_apply_per_lib :  ITTAPI function instrumented: __itt_counter_createA
1348 : 0x873486da95 : 2 : ittapi_config_apply_per_lib :  ITTAPI function instrumented: __itt_counter_createW
1348 : 0x873486da99 : 2 : ittapi_config_apply_per_lib :  ITTAPI function NOT instrumented (not matched by --itt-config option): __itt_counter_destroy

1348 : 0x873486da9e : 2 : ittapi_config_apply_per_lib :  ITTAPI function NOT instrumented (not matched by --itt-config option): __itt_counter_inc

1348 : 0x873486daa4 : 2 : ittapi_config_apply_per_lib :  ITTAPI function NOT instrumented (not matched by --itt-config option): __itt_counter_inc_delta

1348 : 0x873486daaa : 2 : ittapi_config_apply_per_lib :  ITTAPI function not implemented: __itt_mark_createA
1348 : 0x873486dac5 : 2 : ittapi_config_apply_per_lib :  ITTAPI function not implemented: __itt_mark_createW
1348 : 0x873486daca : 2 : ittapi_config_apply_per_lib :  ITTAPI function not implemented: __itt_markA
1348 : 0x873486dace : 2 : ittapi_config_apply_per_lib :  ITTAPI function not implemented: __itt_markW
1348 : 0x873486dad3 : 2 : ittapi_config_apply_per_lib :  ITTAPI function not implemented: __itt_mark_off
1348 : 0x873486dad8 : 2 : ittapi_config_apply_per_lib :  ITTAPI function not implemented: __itt_mark_globalA
1348 : 0x873486dadc : 2 : ittapi_config_apply_per_lib :  ITTAPI function not implemented: __itt_mark_globalW
1348 : 0x873486dae1 : 2 : ittapi_config_apply_per_lib :  ITTAPI function not implemented: __itt_mark_global_off
1348 : 0x873486dae5 : 2 : ittapi_config_apply_per_lib :  ITTAPI function NOT instrumented (not matched by --itt-config option): __itt_stack_caller_create

1348 : 0x873486daeb : 2 : ittapi_config_apply_per_lib :  ITTAPI function NOT instrumented (not matched by --itt-config option): __itt_stack_caller_destroy

1348 : 0x873486daf1 : 2 : ittapi_config_apply_per_lib :  ITTAPI function NOT instrumented (not matched by --itt-config option): __itt_stack_callee_enter

1348 : 0x873486db01 : 2 : ittapi_config_apply_per_lib :  ITTAPI function NOT instrumented (not matched by --itt-config option): __itt_stack_callee_leave

1348 : 0x873486db0a : 2 : ittapi_config_apply_per_lib :  ITTAPI function not implemented: __itt_clock_domain_create
1348 : 0x873486db10 : 2 : ittapi_config_apply_per_lib :  ITTAPI function not implemented: __itt_clock_domain_reset
1348 : 0x873486db17 : 2 : ittapi_config_apply_per_lib :  ITTAPI function not implemented: __itt_id_create_ex
1348 : 0x873486db1e : 2 : ittapi_config_apply_per_lib :  ITTAPI function not implemented: __itt_id_destroy_ex
1348 : 0x873486db24 : 2 : ittapi_config_apply_per_lib :  ITTAPI function NOT instrumented (not matched by --itt-config option): __itt_task_begin_ex

1348 : 0x873486db2b : 2 : ittapi_config_apply_per_lib :  ITTAPI function NOT instrumented (not matched by --itt-config option): __itt_task_begin_fn_ex

1348 : 0x873486db30 : 2 : ittapi_config_apply_per_lib :  ITTAPI function NOT instrumented (not matched by --itt-config option): __itt_task_end_ex

1348 : 0x873486db36 : 2 : ittapi_config_apply_per_lib :  ITTAPI function NOT instrumented (not matched by --itt-config option): __itt_task_begin_overlapped

1348 : 0x873486db40 : 2 : ittapi_config_apply_per_lib :  ITTAPI function NOT instrumented (not matched by --itt-config option): __itt_task_begin_overlapped_ex

1348 : 0x873486db52 : 2 : ittapi_config_apply_per_lib :  ITTAPI function NOT instrumented (not matched by --itt-config option): __itt_task_end_overlapped

1348 : 0x873486db5b : 2 : ittapi_config_apply_per_lib :  ITTAPI function NOT instrumented (not matched by --itt-config option): __itt_task_end_overlapped_ex

1348 : 0x873486db62 : 2 : ittapi_config_apply_per_lib :  ITTAPI function not implemented: __itt_marker_ex
1348 : 0x873486db67 : 2 : ittapi_config_apply_per_lib :  ITTAPI function not implemented: __itt_metadata_add_with_scope
1348 : 0x873486db6c : 2 : ittapi_config_apply_per_lib :  ITTAPI function not implemented: __itt_metadata_str_add_with_scopeA
1348 : 0x873486db71 : 2 : ittapi_config_apply_per_lib :  ITTAPI function not implemented: __itt_metadata_str_add_with_scopeW
1348 : 0x873486db76 : 2 : ittapi_config_apply_per_lib :  ITTAPI function not implemented: __itt_relation_add_to_current_ex
1348 : 0x873486db7b : 2 : ittapi_config_apply_per_lib :  ITTAPI function not implemented: __itt_relation_add_ex
1348 : 0x873486db80 : 2 : ittapi_config_apply_per_lib :  ITTAPI function not implemented: __itt_track_group_create
1348 : 0x873486db84 : 2 : ittapi_config_apply_per_lib :  ITTAPI function not implemented: __itt_track_create
1348 : 0x873486dba8 : 2 : ittapi_config_apply_per_lib :  ITTAPI function not implemented: __itt_set_track
1348 : 0x873486dbad : 2 : ittapi_config_apply_per_lib :  ITTAPI function instrumented: __itt_api_version
1348 : 0x873486dbb2 : 2 : ittapi_config_apply_per_lib :  ITTAPI function not implemented: __itt_av_saveA
1348 : 0x873486dbb7 : 2 : ittapi_config_apply_per_lib :  ITTAPI function not implemented: __itt_av_saveW